SF:/home/lucas/calypso/cli/src/app.rs
FN:67,_RNCNCNvNtCsadPz79N6wDl_11calypso_cli3app10run_statuss2_00B7_
FN:16,_RNCNvNtCsadPz79N6wDl_11calypso_cli3app10run_doctor0B5_
FN:24,_RNCNvNtCsadPz79N6wDl_11calypso_cli3app10run_status0B5_
FN:51,_RNCNvNtCsadPz79N6wDl_11calypso_cli3app10run_statuss0_0B5_
FN:59,_RNCNvNtCsadPz79N6wDl_11calypso_cli3app10run_statuss1_0B5_
FN:64,_RNCNvNtCsadPz79N6wDl_11calypso_cli3app10run_statuss2_0B5_
FN:48,_RNCNvNtCsadPz79N6wDl_11calypso_cli3app10run_statuss_0B5_
FN:246,_RNCNvNtCsadPz79N6wDl_11calypso_cli3app11run_command0B5_
FN:260,_RNCNvNtCsadPz79N6wDl_11calypso_cli3app11run_commands0_0B5_
FN:259,_RNCNvNtCsadPz79N6wDl_11calypso_cli3app11run_commands_0B5_
FN:95,_RNCNvNtCsadPz79N6wDl_11calypso_cli3app21render_feature_status0B5_
FN:96,_RNCNvNtCsadPz79N6wDl_11calypso_cli3app21render_feature_statuss_0B5_
FN:198,_RNCNvNtCsadPz79N6wDl_11calypso_cli3app41resolve_current_pull_request_with_program0B5_
FN:15,_RNvNtCsadPz79N6wDl_11calypso_cli3app10run_doctor
FN:22,_RNvNtCsadPz79N6wDl_11calypso_cli3app10run_status
FN:241,_RNvNtCsadPz79N6wDl_11calypso_cli3app11run_command
FN:159,_RNvNtCsadPz79N6wDl_11calypso_cli3app16checklist_marker
FN:163,_RNvNtCsadPz79N6wDl_11calypso_cli3app17gate_status_label
FN:172,_RNvNtCsadPz79N6wDl_11calypso_cli3app17resolve_repo_root
FN:263,_RNvNtCsadPz79N6wDl_11calypso_cli3app19github_review_label
FN:280,_RNvNtCsadPz79N6wDl_11calypso_cli3app21evidence_status_label
FN:82,_RNvNtCsadPz79N6wDl_11calypso_cli3app21render_feature_status
FN:220,_RNvNtCsadPz79N6wDl_11calypso_cli3app22parse_pull_request_ref
FN:179,_RNvNtCsadPz79N6wDl_11calypso_cli3app22resolve_current_branch
FN:209,_RNvNtCsadPz79N6wDl_11calypso_cli3app24missing_pull_request_ref
FN:271,_RNvNtCsadPz79N6wDl_11calypso_cli3app25github_mergeability_label
FN:186,_RNvNtCsadPz79N6wDl_11calypso_cli3app28resolve_current_pull_request
FN:216,_RNvNtCsadPz79N6wDl_11calypso_cli3app29missing_pull_request_evidence
FN:190,_RNvNtCsadPz79N6wDl_11calypso_cli3app41resolve_current_pull_request_with_program
FN:67,_RNCNCNvNtCsk43tzqYvrEx_11calypso_cli3app10run_statuss2_00B7_
FN:16,_RNCNvNtCsk43tzqYvrEx_11calypso_cli3app10run_doctor0B5_
FN:24,_RNCNvNtCsk43tzqYvrEx_11calypso_cli3app10run_status0B5_
FN:51,_RNCNvNtCsk43tzqYvrEx_11calypso_cli3app10run_statuss0_0B5_
FN:59,_RNCNvNtCsk43tzqYvrEx_11calypso_cli3app10run_statuss1_0B5_
FN:64,_RNCNvNtCsk43tzqYvrEx_11calypso_cli3app10run_statuss2_0B5_
FN:48,_RNCNvNtCsk43tzqYvrEx_11calypso_cli3app10run_statuss_0B5_
FN:246,_RNCNvNtCsk43tzqYvrEx_11calypso_cli3app11run_command0B5_
FN:260,_RNCNvNtCsk43tzqYvrEx_11calypso_cli3app11run_commands0_0B5_
FN:259,_RNCNvNtCsk43tzqYvrEx_11calypso_cli3app11run_commands_0B5_
FN:95,_RNCNvNtCsk43tzqYvrEx_11calypso_cli3app21render_feature_status0B5_
FN:96,_RNCNvNtCsk43tzqYvrEx_11calypso_cli3app21render_feature_statuss_0B5_
FN:198,_RNCNvNtCsk43tzqYvrEx_11calypso_cli3app41resolve_current_pull_request_with_program0B5_
FN:15,_RNvNtCsk43tzqYvrEx_11calypso_cli3app10run_doctor
FN:22,_RNvNtCsk43tzqYvrEx_11calypso_cli3app10run_status
FN:241,_RNvNtCsk43tzqYvrEx_11calypso_cli3app11run_command
FN:159,_RNvNtCsk43tzqYvrEx_11calypso_cli3app16checklist_marker
FN:163,_RNvNtCsk43tzqYvrEx_11calypso_cli3app17gate_status_label
FN:172,_RNvNtCsk43tzqYvrEx_11calypso_cli3app17resolve_repo_root
FN:263,_RNvNtCsk43tzqYvrEx_11calypso_cli3app19github_review_label
FN:280,_RNvNtCsk43tzqYvrEx_11calypso_cli3app21evidence_status_label
FN:82,_RNvNtCsk43tzqYvrEx_11calypso_cli3app21render_feature_status
FN:220,_RNvNtCsk43tzqYvrEx_11calypso_cli3app22parse_pull_request_ref
FN:179,_RNvNtCsk43tzqYvrEx_11calypso_cli3app22resolve_current_branch
FN:209,_RNvNtCsk43tzqYvrEx_11calypso_cli3app24missing_pull_request_ref
FN:271,_RNvNtCsk43tzqYvrEx_11calypso_cli3app25github_mergeability_label
FN:186,_RNvNtCsk43tzqYvrEx_11calypso_cli3app28resolve_current_pull_request
FN:216,_RNvNtCsk43tzqYvrEx_11calypso_cli3app29missing_pull_request_evidence
FN:190,_RNvNtCsk43tzqYvrEx_11calypso_cli3app41resolve_current_pull_request_with_program
FNDA:1,_RNCNCNvNtCsadPz79N6wDl_11calypso_cli3app10run_statuss2_00B7_
FNDA:2,_RNCNvNtCsadPz79N6wDl_11calypso_cli3app10run_doctor0B5_
FNDA:1,_RNCNvNtCsadPz79N6wDl_11calypso_cli3app10run_status0B5_
FNDA:1,_RNCNvNtCsadPz79N6wDl_11calypso_cli3app10run_statuss0_0B5_
FNDA:1,_RNCNvNtCsadPz79N6wDl_11calypso_cli3app10run_statuss1_0B5_
FNDA:1,_RNCNvNtCsadPz79N6wDl_11calypso_cli3app10run_statuss2_0B5_
FNDA:1,_RNCNvNtCsadPz79N6wDl_11calypso_cli3app10run_statuss_0B5_
FNDA:2,_RNCNvNtCsadPz79N6wDl_11calypso_cli3app11run_command0B5_
FNDA:0,_RNCNvNtCsadPz79N6wDl_11calypso_cli3app11run_commands0_0B5_
FNDA:11,_RNCNvNtCsadPz79N6wDl_11calypso_cli3app11run_commands_0B5_
FNDA:6,_RNCNvNtCsadPz79N6wDl_11calypso_cli3app21render_feature_status0B5_
FNDA:2,_RNCNvNtCsadPz79N6wDl_11calypso_cli3app21render_feature_statuss_0B5_
FNDA:1,_RNCNvNtCsadPz79N6wDl_11calypso_cli3app41resolve_current_pull_request_with_program0B5_
FNDA:3,_RNvNtCsadPz79N6wDl_11calypso_cli3app10run_doctor
FNDA:3,_RNvNtCsadPz79N6wDl_11calypso_cli3app10run_status
FNDA:23,_RNvNtCsadPz79N6wDl_11calypso_cli3app11run_command
FNDA:57,_RNvNtCsadPz79N6wDl_11calypso_cli3app16checklist_marker
FNDA:58,_RNvNtCsadPz79N6wDl_11calypso_cli3app17gate_status_label
FNDA:8,_RNvNtCsadPz79N6wDl_11calypso_cli3app17resolve_repo_root
FNDA:4,_RNvNtCsadPz79N6wDl_11calypso_cli3app19github_review_label
FNDA:4,_RNvNtCsadPz79N6wDl_11calypso_cli3app21evidence_status_label
FNDA:8,_RNvNtCsadPz79N6wDl_11calypso_cli3app21render_feature_status
FNDA:5,_RNvNtCsadPz79N6wDl_11calypso_cli3app22parse_pull_request_ref
FNDA:4,_RNvNtCsadPz79N6wDl_11calypso_cli3app22resolve_current_branch
FNDA:2,_RNvNtCsadPz79N6wDl_11calypso_cli3app24missing_pull_request_ref
FNDA:4,_RNvNtCsadPz79N6wDl_11calypso_cli3app25github_mergeability_label
FNDA:2,_RNvNtCsadPz79N6wDl_11calypso_cli3app28resolve_current_pull_request
FNDA:2,_RNvNtCsadPz79N6wDl_11calypso_cli3app29missing_pull_request_evidence
FNDA:7,_RNvNtCsadPz79N6wDl_11calypso_cli3app41resolve_current_pull_request_with_program
FNDA:0,_RNCNCNvNtCsk43tzqYvrEx_11calypso_cli3app10run_statuss2_00B7_
FNDA:0,_RNCNvNtCsk43tzqYvrEx_11calypso_cli3app10run_doctor0B5_
FNDA:0,_RNCNvNtCsk43tzqYvrEx_11calypso_cli3app10run_status0B5_
FNDA:0,_RNCNvNtCsk43tzqYvrEx_11calypso_cli3app10run_statuss0_0B5_
FNDA:0,_RNCNvNtCsk43tzqYvrEx_11calypso_cli3app10run_statuss1_0B5_
FNDA:0,_RNCNvNtCsk43tzqYvrEx_11calypso_cli3app10run_statuss2_0B5_
FNDA:0,_RNCNvNtCsk43tzqYvrEx_11calypso_cli3app10run_statuss_0B5_
FNDA:0,_RNCNvNtCsk43tzqYvrEx_11calypso_cli3app11run_command0B5_
FNDA:0,_RNCNvNtCsk43tzqYvrEx_11calypso_cli3app11run_commands0_0B5_
FNDA:0,_RNCNvNtCsk43tzqYvrEx_11calypso_cli3app11run_commands_0B5_
FNDA:0,_RNCNvNtCsk43tzqYvrEx_11calypso_cli3app21render_feature_status0B5_
FNDA:0,_RNCNvNtCsk43tzqYvrEx_11calypso_cli3app21render_feature_statuss_0B5_
FNDA:0,_RNCNvNtCsk43tzqYvrEx_11calypso_cli3app41resolve_current_pull_request_with_program0B5_
FNDA:0,_RNvNtCsk43tzqYvrEx_11calypso_cli3app10run_doctor
FNDA:0,_RNvNtCsk43tzqYvrEx_11calypso_cli3app10run_status
FNDA:0,_RNvNtCsk43tzqYvrEx_11calypso_cli3app11run_command
FNDA:0,_RNvNtCsk43tzqYvrEx_11calypso_cli3app16checklist_marker
FNDA:0,_RNvNtCsk43tzqYvrEx_11calypso_cli3app17gate_status_label
FNDA:0,_RNvNtCsk43tzqYvrEx_11calypso_cli3app17resolve_repo_root
FNDA:0,_RNvNtCsk43tzqYvrEx_11calypso_cli3app19github_review_label
FNDA:0,_RNvNtCsk43tzqYvrEx_11calypso_cli3app21evidence_status_label
FNDA:0,_RNvNtCsk43tzqYvrEx_11calypso_cli3app21render_feature_status
FNDA:0,_RNvNtCsk43tzqYvrEx_11calypso_cli3app22parse_pull_request_ref
FNDA:0,_RNvNtCsk43tzqYvrEx_11calypso_cli3app22resolve_current_branch
FNDA:0,_RNvNtCsk43tzqYvrEx_11calypso_cli3app24missing_pull_request_ref
FNDA:0,_RNvNtCsk43tzqYvrEx_11calypso_cli3app25github_mergeability_label
FNDA:0,_RNvNtCsk43tzqYvrEx_11calypso_cli3app28resolve_current_pull_request
FNDA:0,_RNvNtCsk43tzqYvrEx_11calypso_cli3app29missing_pull_request_evidence
FNDA:0,_RNvNtCsk43tzqYvrEx_11calypso_cli3app41resolve_current_pull_request_with_program
FNF:29
FNH:28
DA:15,3
DA:16,3
DA:17,3
DA:19,3
DA:20,3
DA:22,3
DA:23,2
DA:24,3
DA:25,2
DA:26,2
DA:27,2
DA:28,2
DA:29,2
DA:30,1
DA:31,1
DA:33,2
DA:34,2
DA:35,2
DA:36,2
DA:37,2
DA:38,2
DA:39,2
DA:40,2
DA:42,2
DA:44,2
DA:45,2
DA:46,2
DA:47,2
DA:48,2
DA:49,2
DA:50,2
DA:51,2
DA:52,2
DA:53,2
DA:54,2
DA:55,2
DA:56,2
DA:57,2
DA:58,2
DA:59,2
DA:60,2
DA:61,1
DA:62,1
DA:64,2
DA:65,1
DA:66,1
DA:67,1
DA:68,1
DA:70,2
DA:71,2
DA:72,2
DA:74,2
DA:75,2
DA:76,2
DA:77,2
DA:78,2
DA:79,2
DA:80,3
DA:82,8
DA:83,8
DA:84,8
DA:85,8
DA:86,8
DA:87,8
DA:88,8
DA:89,8
DA:90,8
DA:91,8
DA:92,8
DA:93,8
DA:94,8
DA:95,8
DA:96,8
DA:98,8
DA:101,36
DA:102,28
DA:103,28
DA:104,85
DA:105,57
DA:106,57
DA:107,57
DA:108,57
DA:109,57
DA:110,57
DA:113,8
DA:114,8
DA:115,57
DA:116,57
DA:117,57
DA:119,8
DA:120,8
DA:121,8
DA:122,4
DA:123,4
DA:124,4
DA:125,4
DA:126,1
DA:128,3
DA:131,4
DA:132,4
DA:133,4
DA:135,4
DA:136,4
DA:137,4
DA:139,4
DA:140,4
DA:141,4
DA:143,4
DA:144,4
DA:145,3
DA:146,3
DA:147,3
DA:148,3
DA:150,8
DA:151,5
DA:152,5
DA:153,3
DA:154,3
DA:156,8
DA:157,8
DA:159,57
DA:160,57
DA:161,57
DA:163,58
DA:164,58
DA:165,22
DA:166,16
DA:167,11
DA:168,9
DA:170,58
DA:172,8
DA:173,8
DA:174,4
DA:175,4
DA:177,8
DA:179,4
DA:180,4
DA:181,3
DA:182,1
DA:184,4
DA:186,2
DA:187,2
DA:188,2
DA:190,7
DA:191,7
DA:192,7
DA:193,7
DA:194,7
DA:195,6
DA:196,3
DA:197,3
DA:198,3
DA:199,3
DA:200,3
DA:201,1
DA:203,2
DA:207,7
DA:209,2
DA:210,2
DA:211,2
DA:212,2
DA:213,2
DA:214,2
DA:216,2
DA:217,2
DA:218,2
DA:220,5
DA:227,5
DA:229,3
DA:230,3
DA:231,3
DA:232,3
DA:233,5
DA:241,23
DA:242,23
DA:243,23
DA:244,23
DA:245,23
DA:246,23
DA:248,21
DA:249,10
DA:250,10
DA:251,1
DA:253,9
DA:255,10
DA:256,11
DA:258,11
DA:259,11
DA:260,11
DA:261,23
DA:263,4
DA:264,4
DA:265,2
DA:266,1
DA:267,1
DA:269,4
DA:271,4
DA:272,4
DA:273,1
DA:274,1
DA:275,1
DA:276,1
DA:278,4
DA:280,4
DA:281,4
DA:282,1
DA:283,1
DA:284,1
DA:285,1
DA:287,4
BRF:0
BRH:0
LF:223
LH:222
end_of_record
SF:/home/lucas/calypso/cli/src/bin/coverage_driver.rs
FN:22,_RNCNvCsjQSbHeA3Dxx_15coverage_driver3run0B3_
FN:29,_RNCNvCsjQSbHeA3Dxx_15coverage_driver3runs_0B3_
FN:5,_RNCNvCsjQSbHeA3Dxx_15coverage_driver4main0B3_
FN:54,_RNvCsjQSbHeA3Dxx_15coverage_driver15coverage_totals
FN:46,_RNvCsjQSbHeA3Dxx_15coverage_driver16coverage_percent
FN:42,_RNvCsjQSbHeA3Dxx_15coverage_driver20meets_line_threshold
FN:81,_RNvCsjQSbHeA3Dxx_15coverage_driver21is_excluded_from_gate
FN:11,_RNvCsjQSbHeA3Dxx_15coverage_driver3run
FN:4,_RNvCsjQSbHeA3Dxx_15coverage_driver4main
FN:22,_RNCNvCskUmXrAOYRk8_15coverage_driver3run0B3_
FN:29,_RNCNvCskUmXrAOYRk8_15coverage_driver3runs_0B3_
FN:5,_RNCNvCskUmXrAOYRk8_15coverage_driver4main0B3_
FN:11,_RNvCskUmXrAOYRk8_15coverage_driver3run
FN:4,_RNvCskUmXrAOYRk8_15coverage_driver4main
FN:91,_RNvNtCskUmXrAOYRk8_15coverage_driver5testss_40coverage_totals_excludes_main_entrypoint
FN:111,_RNvNtCskUmXrAOYRk8_15coverage_driver5testss_41line_threshold_accepts_99_percent_or_more
FN:54,_RNvCskUmXrAOYRk8_15coverage_driver15coverage_totals
FN:46,_RNvCskUmXrAOYRk8_15coverage_driver16coverage_percent
FN:42,_RNvCskUmXrAOYRk8_15coverage_driver20meets_line_threshold
FN:81,_RNvCskUmXrAOYRk8_15coverage_driver21is_excluded_from_gate
FNDA:0,_RNCNvCsjQSbHeA3Dxx_15coverage_driver3run0B3_
FNDA:0,_RNCNvCsjQSbHeA3Dxx_15coverage_driver3runs_0B3_
FNDA:0,_RNCNvCsjQSbHeA3Dxx_15coverage_driver4main0B3_
FNDA:0,_RNvCsjQSbHeA3Dxx_15coverage_driver15coverage_totals
FNDA:0,_RNvCsjQSbHeA3Dxx_15coverage_driver16coverage_percent
FNDA:0,_RNvCsjQSbHeA3Dxx_15coverage_driver20meets_line_threshold
FNDA:0,_RNvCsjQSbHeA3Dxx_15coverage_driver21is_excluded_from_gate
FNDA:0,_RNvCsjQSbHeA3Dxx_15coverage_driver3run
FNDA:0,_RNvCsjQSbHeA3Dxx_15coverage_driver4main
FNDA:0,_RNCNvCskUmXrAOYRk8_15coverage_driver3run0B3_
FNDA:0,_RNCNvCskUmXrAOYRk8_15coverage_driver3runs_0B3_
FNDA:0,_RNCNvCskUmXrAOYRk8_15coverage_driver4main0B3_
FNDA:0,_RNvCskUmXrAOYRk8_15coverage_driver3run
FNDA:0,_RNvCskUmXrAOYRk8_15coverage_driver4main
FNDA:1,_RNvNtCskUmXrAOYRk8_15coverage_driver5testss_40coverage_totals_excludes_main_entrypoint
FNDA:1,_RNvNtCskUmXrAOYRk8_15coverage_driver5testss_41line_threshold_accepts_99_percent_or_more
FNDA:1,_RNvCskUmXrAOYRk8_15coverage_driver15coverage_totals
FNDA:3,_RNvCskUmXrAOYRk8_15coverage_driver16coverage_percent
FNDA:3,_RNvCskUmXrAOYRk8_15coverage_driver20meets_line_threshold
FNDA:3,_RNvCskUmXrAOYRk8_15coverage_driver21is_excluded_from_gate
FNF:11
FNH:6
DA:4,0
DA:5,0
DA:6,0
DA:7,0
DA:9,0
DA:11,0
DA:12,0
DA:13,0
DA:14,0
DA:15,0
DA:16,0
DA:17,0
DA:18,0
DA:19,0
DA:20,0
DA:21,0
DA:22,0
DA:24,0
DA:25,0
DA:26,0
DA:28,0
DA:29,0
DA:30,0
DA:32,0
DA:33,0
DA:35,0
DA:36,0
DA:37,0
DA:38,0
DA:40,0
DA:42,3
DA:43,3
DA:44,3
DA:46,3
DA:47,3
DA:48,0
DA:50,3
DA:52,3
DA:54,1
DA:55,1
DA:56,1
DA:57,1
DA:58,1
DA:60,12
DA:61,12
DA:62,3
DA:63,3
DA:64,3
DA:65,9
DA:66,3
DA:67,3
DA:68,6
DA:69,3
DA:70,1
DA:71,1
DA:72,1
DA:73,5
DA:78,1
DA:79,1
DA:81,3
DA:82,3
DA:83,3
DA:91,1
DA:92,1
DA:93,1
DA:94,1
DA:95,1
DA:96,1
DA:97,1
DA:98,1
DA:99,1
DA:100,1
DA:101,1
DA:102,1
DA:103,1
DA:104,1
DA:105,1
DA:107,1
DA:108,1
DA:111,1
DA:112,1
DA:113,1
DA:114,1
DA:115,1
BRF:0
BRH:0
LF:87
LH:53
end_of_record
SF:/home/lucas/calypso/cli/src/claude.rs
FN:112,_RNvMs1_NtCsadPz79N6wDl_11calypso_cli6claudeNtB5_13ClaudeSession10check_auth
FN:102,_RNvMs1_NtCsadPz79N6wDl_11calypso_cli6claudeNtB5_13ClaudeSession3new
FN:126,_RNvMs1_NtCsadPz79N6wDl_11calypso_cli6claudeNtB5_13ClaudeSession6invoke
FN:237,_RNvNtCsadPz79N6wDl_11calypso_cli6claude12string_field
FN:227,_RNvNtCsadPz79N6wDl_11calypso_cli6claude13parse_aborted
FN:158,_RNvNtCsadPz79N6wDl_11calypso_cli6claude13parse_outcome
FN:273,_RNvNtCsadPz79N6wDl_11calypso_cli6claude15next_session_id
FN:248,_RNvNtCsadPz79N6wDl_11calypso_cli6claude16write_transcript
FN:177,_RNvNtCsadPz79N6wDl_11calypso_cli6claude19parse_clarification
FN:189,_RNvNtCsadPz79N6wDl_11calypso_cli6claude8parse_ok
FN:216,_RNvNtCsadPz79N6wDl_11calypso_cli6claude9parse_nok
FN:20,_RNvXNtCsadPz79N6wDl_11calypso_cli6claudeNtB2_12ClaudeConfigNtNtCs3XFJfFEDSOQ_4core7default7Default7default
FN:75,_RNvXs_NtCsadPz79N6wDl_11calypso_cli6claudeNtB4_11ClaudeErrorNtNtCs3XFJfFEDSOQ_4core3fmt7Display3fmt
FN:200,_RNCNCNvNtCsadPz79N6wDl_11calypso_cli6claude8parse_oks0_00B7_
FN:118,_RNCNvMs1_NtCsadPz79N6wDl_11calypso_cli6claudeNtB7_13ClaudeSession10check_auth0B9_
FN:239,_RNCNvNtCsadPz79N6wDl_11calypso_cli6claude12string_field0B5_
FN:241,_RNCNvNtCsadPz79N6wDl_11calypso_cli6claude12string_fields_0B5_
FN:228,_RNCNvNtCsadPz79N6wDl_11calypso_cli6claude13parse_aborted0B5_
FN:190,_RNCNvNtCsadPz79N6wDl_11calypso_cli6claude8parse_ok0B5_
FN:198,_RNCNvNtCsadPz79N6wDl_11calypso_cli6claude8parse_oks0_0B5_
FN:206,_RNCNvNtCsadPz79N6wDl_11calypso_cli6claude8parse_oks1_0B5_
FN:197,_RNCNvNtCsadPz79N6wDl_11calypso_cli6claude8parse_oks_0B5_
FN:217,_RNCNvNtCsadPz79N6wDl_11calypso_cli6claude9parse_nok0B5_
FN:237,_RNvNtCsk43tzqYvrEx_11calypso_cli6claude12string_field
FN:227,_RNvNtCsk43tzqYvrEx_11calypso_cli6claude13parse_aborted
FN:158,_RNvNtCsk43tzqYvrEx_11calypso_cli6claude13parse_outcome
FN:177,_RNvNtCsk43tzqYvrEx_11calypso_cli6claude19parse_clarification
FN:189,_RNvNtCsk43tzqYvrEx_11calypso_cli6claude8parse_ok
FN:216,_RNvNtCsk43tzqYvrEx_11calypso_cli6claude9parse_nok
FN:75,_RNvXs_NtCsk43tzqYvrEx_11calypso_cli6claudeNtB4_11ClaudeErrorNtNtCs3XFJfFEDSOQ_4core3fmt7Display3fmt
FN:118,_RNCNvMs1_NtCsk43tzqYvrEx_11calypso_cli6claudeNtB7_13ClaudeSession10check_auth0B9_
FN:112,_RNvMs1_NtCsk43tzqYvrEx_11calypso_cli6claudeNtB5_13ClaudeSession10check_auth
FN:102,_RNvMs1_NtCsk43tzqYvrEx_11calypso_cli6claudeNtB5_13ClaudeSession3new
FN:126,_RNvMs1_NtCsk43tzqYvrEx_11calypso_cli6claudeNtB5_13ClaudeSession6invoke
FN:273,_RNvNtCsk43tzqYvrEx_11calypso_cli6claude15next_session_id
FN:248,_RNvNtCsk43tzqYvrEx_11calypso_cli6claude16write_transcript
FN:20,_RNvXNtCsk43tzqYvrEx_11calypso_cli6claudeNtB2_12ClaudeConfigNtNtCs3XFJfFEDSOQ_4core7default7Default7default
FN:200,_RNCNCNvNtCsk43tzqYvrEx_11calypso_cli6claude8parse_oks0_00B7_
FN:239,_RNCNvNtCsk43tzqYvrEx_11calypso_cli6claude12string_field0B5_
FN:241,_RNCNvNtCsk43tzqYvrEx_11calypso_cli6claude12string_fields_0B5_
FN:228,_RNCNvNtCsk43tzqYvrEx_11calypso_cli6claude13parse_aborted0B5_
FN:190,_RNCNvNtCsk43tzqYvrEx_11calypso_cli6claude8parse_ok0B5_
FN:198,_RNCNvNtCsk43tzqYvrEx_11calypso_cli6claude8parse_oks0_0B5_
FN:206,_RNCNvNtCsk43tzqYvrEx_11calypso_cli6claude8parse_oks1_0B5_
FN:197,_RNCNvNtCsk43tzqYvrEx_11calypso_cli6claude8parse_oks_0B5_
FN:217,_RNCNvNtCsk43tzqYvrEx_11calypso_cli6claude9parse_nok0B5_
FN:390,_RNvNtNtCsk43tzqYvrEx_11calypso_cli6claude5testss_35parse_outcome_ok_with_artifact_refs
FN:326,_RNvNtNtCsk43tzqYvrEx_11calypso_cli6claude5testss_37parse_clarification_extracts_question
FN:342,_RNvNtNtCsk43tzqYvrEx_11calypso_cli6claude5testss_40parse_ok_with_invalid_json_returns_error
FN:348,_RNvNtNtCsk43tzqYvrEx_11calypso_cli6claude5testss_41parse_nok_with_invalid_json_returns_error
FN:287,_RNvNtNtCsk43tzqYvrEx_11calypso_cli6claude5testss_41parse_outcome_ok_produces_correct_variant
FN:301,_RNvNtNtCsk43tzqYvrEx_11calypso_cli6claude5testss_42parse_outcome_nok_produces_correct_variant
FN:335,_RNvNtNtCsk43tzqYvrEx_11calypso_cli6claude5testss_42parse_outcome_with_no_marker_returns_error
FN:370,_RNvNtNtCsk43tzqYvrEx_11calypso_cli6claude5testss_43parse_nok_with_missing_reason_returns_error
FN:363,_RNvNtNtCsk43tzqYvrEx_11calypso_cli6claude5testss_43parse_ok_with_missing_summary_returns_error
FN:354,_RNvNtNtCsk43tzqYvrEx_11calypso_cli6claude5testss_45parse_aborted_with_invalid_json_returns_error
FN:314,_RNvNtNtCsk43tzqYvrEx_11calypso_cli6claude5testss_46parse_outcome_aborted_produces_correct_variant
FN:377,_RNvNtNtCsk43tzqYvrEx_11calypso_cli6claude5testss_47parse_aborted_with_missing_reason_returns_error
FN:384,_RNvNtNtCsk43tzqYvrEx_11calypso_cli6claude5testss_47parse_clarification_returns_none_when_no_marker
FNDA:7,_RNvMs1_NtCsadPz79N6wDl_11calypso_cli6claudeNtB5_13ClaudeSession10check_auth
FNDA:12,_RNvMs1_NtCsadPz79N6wDl_11calypso_cli6claudeNtB5_13ClaudeSession3new
FNDA:3,_RNvMs1_NtCsadPz79N6wDl_11calypso_cli6claudeNtB5_13ClaudeSession6invoke
FNDA:17,_RNvNtCsadPz79N6wDl_11calypso_cli6claude12string_field
FNDA:2,_RNvNtCsadPz79N6wDl_11calypso_cli6claude13parse_aborted
FNDA:16,_RNvNtCsadPz79N6wDl_11calypso_cli6claude13parse_outcome
FNDA:12,_RNvNtCsadPz79N6wDl_11calypso_cli6claude15next_session_id
FNDA:1,_RNvNtCsadPz79N6wDl_11calypso_cli6claude16write_transcript
FNDA:10,_RNvNtCsadPz79N6wDl_11calypso_cli6claude19parse_clarification
FNDA:9,_RNvNtCsadPz79N6wDl_11calypso_cli6claude8parse_ok
FNDA:3,_RNvNtCsadPz79N6wDl_11calypso_cli6claude9parse_nok
FNDA:14,_RNvXNtCsadPz79N6wDl_11calypso_cli6claudeNtB2_12ClaudeConfigNtNtCs3XFJfFEDSOQ_4core7default7Default7default
FNDA:1,_RNvXs_NtCsadPz79N6wDl_11calypso_cli6claudeNtB4_11ClaudeErrorNtNtCs3XFJfFEDSOQ_4core3fmt7Display3fmt
FNDA:1,_RNCNCNvNtCsadPz79N6wDl_11calypso_cli6claude8parse_oks0_00B7_
FNDA:6,_RNCNvMs1_NtCsadPz79N6wDl_11calypso_cli6claudeNtB7_13ClaudeSession10check_auth0B9_
FNDA:17,_RNCNvNtCsadPz79N6wDl_11calypso_cli6claude12string_field0B5_
FNDA:0,_RNCNvNtCsadPz79N6wDl_11calypso_cli6claude12string_fields_0B5_
FNDA:0,_RNCNvNtCsadPz79N6wDl_11calypso_cli6claude13parse_aborted0B5_
FNDA:0,_RNCNvNtCsadPz79N6wDl_11calypso_cli6claude8parse_ok0B5_
FNDA:1,_RNCNvNtCsadPz79N6wDl_11calypso_cli6claude8parse_oks0_0B5_
FNDA:1,_RNCNvNtCsadPz79N6wDl_11calypso_cli6claude8parse_oks1_0B5_
FNDA:1,_RNCNvNtCsadPz79N6wDl_11calypso_cli6claude8parse_oks_0B5_
FNDA:0,_RNCNvNtCsadPz79N6wDl_11calypso_cli6claude9parse_nok0B5_
FNDA:9,_RNvNtCsk43tzqYvrEx_11calypso_cli6claude12string_field
FNDA:3,_RNvNtCsk43tzqYvrEx_11calypso_cli6claude13parse_aborted
FNDA:11,_RNvNtCsk43tzqYvrEx_11calypso_cli6claude13parse_outcome
FNDA:2,_RNvNtCsk43tzqYvrEx_11calypso_cli6claude19parse_clarification
FNDA:4,_RNvNtCsk43tzqYvrEx_11calypso_cli6claude8parse_ok
FNDA:3,_RNvNtCsk43tzqYvrEx_11calypso_cli6claude9parse_nok
FNDA:7,_RNvXs_NtCsk43tzqYvrEx_11calypso_cli6claudeNtB4_11ClaudeErrorNtNtCs3XFJfFEDSOQ_4core3fmt7Display3fmt
FNDA:0,_RNCNvMs1_NtCsk43tzqYvrEx_11calypso_cli6claudeNtB7_13ClaudeSession10check_auth0B9_
FNDA:0,_RNvMs1_NtCsk43tzqYvrEx_11calypso_cli6claudeNtB5_13ClaudeSession10check_auth
FNDA:0,_RNvMs1_NtCsk43tzqYvrEx_11calypso_cli6claudeNtB5_13ClaudeSession3new
FNDA:0,_RNvMs1_NtCsk43tzqYvrEx_11calypso_cli6claudeNtB5_13ClaudeSession6invoke
FNDA:0,_RNvNtCsk43tzqYvrEx_11calypso_cli6claude15next_session_id
FNDA:0,_RNvNtCsk43tzqYvrEx_11calypso_cli6claude16write_transcript
FNDA:0,_RNvXNtCsk43tzqYvrEx_11calypso_cli6claudeNtB2_12ClaudeConfigNtNtCs3XFJfFEDSOQ_4core7default7Default7default
FNDA:2,_RNCNCNvNtCsk43tzqYvrEx_11calypso_cli6claude8parse_oks0_00B7_
FNDA:6,_RNCNvNtCsk43tzqYvrEx_11calypso_cli6claude12string_field0B5_
FNDA:3,_RNCNvNtCsk43tzqYvrEx_11calypso_cli6claude12string_fields_0B5_
FNDA:1,_RNCNvNtCsk43tzqYvrEx_11calypso_cli6claude13parse_aborted0B5_
FNDA:1,_RNCNvNtCsk43tzqYvrEx_11calypso_cli6claude8parse_ok0B5_
FNDA:1,_RNCNvNtCsk43tzqYvrEx_11calypso_cli6claude8parse_oks0_0B5_
FNDA:1,_RNCNvNtCsk43tzqYvrEx_11calypso_cli6claude8parse_oks1_0B5_
FNDA:1,_RNCNvNtCsk43tzqYvrEx_11calypso_cli6claude8parse_oks_0B5_
FNDA:1,_RNCNvNtCsk43tzqYvrEx_11calypso_cli6claude9parse_nok0B5_
FNDA:1,_RNvNtNtCsk43tzqYvrEx_11calypso_cli6claude5testss_35parse_outcome_ok_with_artifact_refs
FNDA:1,_RNvNtNtCsk43tzqYvrEx_11calypso_cli6claude5testss_37parse_clarification_extracts_question
FNDA:1,_RNvNtNtCsk43tzqYvrEx_11calypso_cli6claude5testss_40parse_ok_with_invalid_json_returns_error
FNDA:1,_RNvNtNtCsk43tzqYvrEx_11calypso_cli6claude5testss_41parse_nok_with_invalid_json_returns_error
FNDA:1,_RNvNtNtCsk43tzqYvrEx_11calypso_cli6claude5testss_41parse_outcome_ok_produces_correct_variant
FNDA:1,_RNvNtNtCsk43tzqYvrEx_11calypso_cli6claude5testss_42parse_outcome_nok_produces_correct_variant
FNDA:1,_RNvNtNtCsk43tzqYvrEx_11calypso_cli6claude5testss_42parse_outcome_with_no_marker_returns_error
FNDA:1,_RNvNtNtCsk43tzqYvrEx_11calypso_cli6claude5testss_43parse_nok_with_missing_reason_returns_error
FNDA:1,_RNvNtNtCsk43tzqYvrEx_11calypso_cli6claude5testss_43parse_ok_with_missing_summary_returns_error
FNDA:1,_RNvNtNtCsk43tzqYvrEx_11calypso_cli6claude5testss_45parse_aborted_with_invalid_json_returns_error
FNDA:1,_RNvNtNtCsk43tzqYvrEx_11calypso_cli6claude5testss_46parse_outcome_aborted_produces_correct_variant
FNDA:1,_RNvNtNtCsk43tzqYvrEx_11calypso_cli6claude5testss_47parse_aborted_with_missing_reason_returns_error
FNDA:1,_RNvNtNtCsk43tzqYvrEx_11calypso_cli6claude5testss_47parse_clarification_returns_none_when_no_marker
FNF:36
FNH:36
DA:20,14
DA:21,14
DA:22,14
DA:23,14
DA:24,14
DA:25,14
DA:26,14
DA:75,8
DA:76,8
DA:77,0
DA:78,8
DA:79,8
DA:80,8
DA:81,8
DA:84,0
DA:86,8
DA:102,12
DA:103,12
DA:104,12
DA:105,12
DA:106,12
DA:107,12
DA:112,7
DA:113,7
DA:114,7
DA:115,7
DA:116,7
DA:117,7
DA:118,7
DA:119,7
DA:126,3
DA:127,3
DA:128,3
DA:129,3
DA:130,3
DA:131,3
DA:132,3
DA:133,3
DA:134,3
DA:135,3
DA:136,3
DA:138,3
DA:139,1
DA:140,2
DA:142,3
DA:144,3
DA:145,3
DA:147,3
DA:148,1
DA:149,2
DA:151,3
DA:152,3
DA:158,27
DA:159,27
DA:160,26
DA:161,13
DA:162,13
DA:163,13
DA:164,6
DA:165,7
DA:166,7
DA:167,5
DA:168,2
DA:171,3
DA:172,3
DA:173,3
DA:174,27
DA:177,12
DA:178,12
DA:179,11
DA:180,3
DA:181,3
DA:182,3
DA:183,3
DA:184,8
DA:186,9
DA:187,12
DA:189,13
DA:190,13
DA:191,1
DA:192,1
DA:194,12
DA:195,11
DA:196,11
DA:197,11
DA:198,11
DA:199,2
DA:200,3
DA:201,2
DA:202,2
DA:203,11
DA:204,11
DA:205,11
DA:206,11
DA:207,11
DA:209,11
DA:210,11
DA:211,11
DA:212,11
DA:213,11
DA:214,13
DA:216,6
DA:217,6
DA:218,1
DA:219,1
DA:221,5
DA:222,5
DA:224,4
DA:225,6
DA:227,5
DA:228,5
DA:229,1
DA:230,1
DA:232,4
DA:234,3
DA:235,5
DA:237,26
DA:238,26
DA:239,26
DA:240,26
DA:241,26
DA:242,3
DA:243,3
DA:244,26
DA:248,1
DA:249,1
DA:250,1
DA:251,1
DA:252,1
DA:253,1
DA:254,1
DA:255,1
DA:256,1
DA:257,1
DA:258,1
DA:259,1
DA:262,1
DA:263,1
DA:264,1
DA:265,1
DA:266,1
DA:268,1
DA:269,1
DA:273,12
DA:274,12
DA:275,12
DA:276,12
DA:277,12
DA:279,12
DA:280,12
DA:287,1
DA:288,1
DA:289,1
DA:290,1
DA:292,1
DA:293,1
DA:294,1
DA:295,1
DA:296,1
DA:298,1
DA:301,1
DA:302,1
DA:303,1
DA:304,1
DA:306,1
DA:307,1
DA:308,1
DA:309,1
DA:311,1
DA:314,1
DA:315,1
DA:316,1
DA:317,1
DA:319,1
DA:320,1
DA:321,1
DA:323,1
DA:326,1
DA:327,1
DA:328,1
DA:329,1
DA:330,1
DA:331,1
DA:332,1
DA:335,1
DA:336,1
DA:337,1
DA:338,1
DA:339,1
DA:342,1
DA:343,1
DA:344,1
DA:345,1
DA:348,1
DA:349,1
DA:350,1
DA:351,1
DA:354,1
DA:355,1
DA:356,1
DA:357,1
DA:358,1
DA:360,1
DA:363,1
DA:364,1
DA:365,1
DA:366,1
DA:367,1
DA:370,1
DA:371,1
DA:372,1
DA:373,1
DA:374,1
DA:377,1
DA:378,1
DA:379,1
DA:380,1
DA:381,1
DA:384,1
DA:385,1
DA:386,1
DA:387,1
DA:390,1
DA:391,1
DA:392,1
DA:393,1
DA:395,1
DA:396,1
DA:397,1
DA:398,1
DA:399,1
DA:401,1
BRF:0
BRH:0
LF:245
LH:243
end_of_record
SF:/home/lucas/calypso/cli/src/doctor.rs
FN:29,_RNvMNtCsadPz79N6wDl_11calypso_cli6doctorNtB2_13DoctorCheckId11builtin_key
FN:43,_RNvMNtCsadPz79N6wDl_11calypso_cli6doctorNtB2_13DoctorCheckId5label
FN:83,_RNvMs_NtCsadPz79N6wDl_11calypso_cli6doctorNtB4_12DoctorReport19to_builtin_evidence
FN:220,_RNvNtCsadPz79N6wDl_11calypso_cli6doctor10make_check
FN:271,_RNvNtCsadPz79N6wDl_11calypso_cli6doctor11failing_fix
FN:212,_RNvNtCsadPz79N6wDl_11calypso_cli6doctor16status_from_bool
FN:248,_RNvNtCsadPz79N6wDl_11calypso_cli6doctor20render_doctor_report
FN:240,_RNvNtCsadPz79N6wDl_11calypso_cli6doctor35git_remote_output_has_github_remote
FN:108,_RNvXs0_NtCsadPz79N6wDl_11calypso_cli6doctorNtB5_21HostDoctorEnvironmentNtB5_17DoctorEnvironment14command_exists
FN:115,_RNvXs0_NtCsadPz79N6wDl_11calypso_cli6doctorNtB5_21HostDoctorEnvironmentNtB5_17DoctorEnvironment16claude_reachable
FN:119,_RNvXs0_NtCsadPz79N6wDl_11calypso_cli6doctorNtB5_21HostDoctorEnvironmentNtB5_17DoctorEnvironment16gh_authenticated
FN:126,_RNvXs0_NtCsadPz79N6wDl_11calypso_cli6doctorNtB5_21HostDoctorEnvironmentNtB5_17DoctorEnvironment17has_github_remote
FN:138,_RNvXs0_NtCsadPz79N6wDl_11calypso_cli6doctorNtB5_21HostDoctorEnvironmentNtB5_17DoctorEnvironment22feature_binding_status
FN:144,_RNvXs0_NtCsadPz79N6wDl_11calypso_cli6doctorNtB5_21HostDoctorEnvironmentNtB5_17DoctorEnvironment22missing_workflow_files
FN:156,_RINvNtCsadPz79N6wDl_11calypso_cli6doctor21collect_doctor_reportNtB2_21HostDoctorEnvironmentEB4_
FN:86,_RNCNvMs_NtCsadPz79N6wDl_11calypso_cli6doctorNtB6_12DoctorReport19to_builtin_evidence0B8_
FN:228,_RNCNvNtCsadPz79N6wDl_11calypso_cli6doctor10make_check0B5_
FN:241,_RNCNvNtCsadPz79N6wDl_11calypso_cli6doctor35git_remote_output_has_github_remote0B5_
FN:112,_RNCNvXs0_NtCsadPz79N6wDl_11calypso_cli6doctorNtB7_21HostDoctorEnvironmentNtB7_17DoctorEnvironment14command_exists0B9_
FN:123,_RNCNvXs0_NtCsadPz79N6wDl_11calypso_cli6doctorNtB7_21HostDoctorEnvironmentNtB7_17DoctorEnvironment16gh_authenticated0B9_
FN:132,_RNCNvXs0_NtCsadPz79N6wDl_11calypso_cli6doctorNtB7_21HostDoctorEnvironmentNtB7_17DoctorEnvironment17has_github_remote0B9_
FN:133,_RNCNvXs0_NtCsadPz79N6wDl_11calypso_cli6doctorNtB7_21HostDoctorEnvironmentNtB7_17DoctorEnvironment17has_github_remotes_0B9_
FN:141,_RNCNvXs0_NtCsadPz79N6wDl_11calypso_cli6doctorNtB7_21HostDoctorEnvironmentNtB7_17DoctorEnvironment22feature_binding_statuss_0B9_
FN:148,_RNCNvXs0_NtCsadPz79N6wDl_11calypso_cli6doctorNtB7_21HostDoctorEnvironmentNtB7_17DoctorEnvironment22missing_workflow_files0B9_
FN:149,_RNCNvXs0_NtCsadPz79N6wDl_11calypso_cli6doctorNtB7_21HostDoctorEnvironmentNtB7_17DoctorEnvironment22missing_workflow_filess_0B9_
FN:144,_RNvXs0_NtCsk43tzqYvrEx_11calypso_cli6doctorNtB5_21HostDoctorEnvironmentNtB5_17DoctorEnvironment22missing_workflow_files
FN:156,_RINvNtCsk43tzqYvrEx_11calypso_cli6doctor21collect_doctor_reportpEB4_
FN:86,_RNCNvMs_NtCsk43tzqYvrEx_11calypso_cli6doctorNtB6_12DoctorReport19to_builtin_evidence0B8_
FN:228,_RNCNvNtCsk43tzqYvrEx_11calypso_cli6doctor10make_check0B5_
FN:241,_RNCNvNtCsk43tzqYvrEx_11calypso_cli6doctor35git_remote_output_has_github_remote0B5_
FN:112,_RNCNvXs0_NtCsk43tzqYvrEx_11calypso_cli6doctorNtB7_21HostDoctorEnvironmentNtB7_17DoctorEnvironment14command_exists0B9_
FN:123,_RNCNvXs0_NtCsk43tzqYvrEx_11calypso_cli6doctorNtB7_21HostDoctorEnvironmentNtB7_17DoctorEnvironment16gh_authenticated0B9_
FN:132,_RNCNvXs0_NtCsk43tzqYvrEx_11calypso_cli6doctorNtB7_21HostDoctorEnvironmentNtB7_17DoctorEnvironment17has_github_remote0B9_
FN:133,_RNCNvXs0_NtCsk43tzqYvrEx_11calypso_cli6doctorNtB7_21HostDoctorEnvironmentNtB7_17DoctorEnvironment17has_github_remotes_0B9_
FN:141,_RNCNvXs0_NtCsk43tzqYvrEx_11calypso_cli6doctorNtB7_21HostDoctorEnvironmentNtB7_17DoctorEnvironment22feature_binding_statuss_0B9_
FN:29,_RNvMNtCsk43tzqYvrEx_11calypso_cli6doctorNtB2_13DoctorCheckId11builtin_key
FN:43,_RNvMNtCsk43tzqYvrEx_11calypso_cli6doctorNtB2_13DoctorCheckId5label
FN:83,_RNvMs_NtCsk43tzqYvrEx_11calypso_cli6doctorNtB4_12DoctorReport19to_builtin_evidence
FN:220,_RNvNtCsk43tzqYvrEx_11calypso_cli6doctor10make_check
FN:271,_RNvNtCsk43tzqYvrEx_11calypso_cli6doctor11failing_fix
FN:212,_RNvNtCsk43tzqYvrEx_11calypso_cli6doctor16status_from_bool
FN:248,_RNvNtCsk43tzqYvrEx_11calypso_cli6doctor20render_doctor_report
FN:240,_RNvNtCsk43tzqYvrEx_11calypso_cli6doctor35git_remote_output_has_github_remote
FN:108,_RNvXs0_NtCsk43tzqYvrEx_11calypso_cli6doctorNtB5_21HostDoctorEnvironmentNtB5_17DoctorEnvironment14command_exists
FN:115,_RNvXs0_NtCsk43tzqYvrEx_11calypso_cli6doctorNtB5_21HostDoctorEnvironmentNtB5_17DoctorEnvironment16claude_reachable
FN:119,_RNvXs0_NtCsk43tzqYvrEx_11calypso_cli6doctorNtB5_21HostDoctorEnvironmentNtB5_17DoctorEnvironment16gh_authenticated
FN:126,_RNvXs0_NtCsk43tzqYvrEx_11calypso_cli6doctorNtB5_21HostDoctorEnvironmentNtB5_17DoctorEnvironment17has_github_remote
FN:138,_RNvXs0_NtCsk43tzqYvrEx_11calypso_cli6doctorNtB5_21HostDoctorEnvironmentNtB5_17DoctorEnvironment22feature_binding_status
FN:148,_RNCNvXs0_NtCsk43tzqYvrEx_11calypso_cli6doctorNtB7_21HostDoctorEnvironmentNtB7_17DoctorEnvironment22missing_workflow_files0B9_
FN:149,_RNCNvXs0_NtCsk43tzqYvrEx_11calypso_cli6doctorNtB7_21HostDoctorEnvironmentNtB7_17DoctorEnvironment22missing_workflow_filess_0B9_
FN:305,_RNvNtNtCsk43tzqYvrEx_11calypso_cli6doctor5tests15unique_temp_dir
FN:317,_RNvNtNtCsk43tzqYvrEx_11calypso_cli6doctor5testss_56host_environment_reports_missing_required_workflow_files
FN:156,_RINvNtCsadPz79N6wDl_11calypso_cli6doctor21collect_doctor_reportNtCs1Hna8M9sE5K_6doctor15FakeEnvironmentEB11_
FNDA:21,_RNvMNtCsadPz79N6wDl_11calypso_cli6doctorNtB2_13DoctorCheckId11builtin_key
FNDA:35,_RNvMNtCsadPz79N6wDl_11calypso_cli6doctorNtB2_13DoctorCheckId5label
FNDA:3,_RNvMs_NtCsadPz79N6wDl_11calypso_cli6doctorNtB4_12DoctorReport19to_builtin_evidence
FNDA:98,_RNvNtCsadPz79N6wDl_11calypso_cli6doctor10make_check
FNDA:56,_RNvNtCsadPz79N6wDl_11calypso_cli6doctor11failing_fix
FNDA:98,_RNvNtCsadPz79N6wDl_11calypso_cli6doctor16status_from_bool
FNDA:5,_RNvNtCsadPz79N6wDl_11calypso_cli6doctor20render_doctor_report
FNDA:7,_RNvNtCsadPz79N6wDl_11calypso_cli6doctor35git_remote_output_has_github_remote
FNDA:10,_RNvXs0_NtCsadPz79N6wDl_11calypso_cli6doctorNtB5_21HostDoctorEnvironmentNtB5_17DoctorEnvironment14command_exists
FNDA:5,_RNvXs0_NtCsadPz79N6wDl_11calypso_cli6doctorNtB5_21HostDoctorEnvironmentNtB5_17DoctorEnvironment16claude_reachable
FNDA:5,_RNvXs0_NtCsadPz79N6wDl_11calypso_cli6doctorNtB5_21HostDoctorEnvironmentNtB5_17DoctorEnvironment16gh_authenticated
FNDA:5,_RNvXs0_NtCsadPz79N6wDl_11calypso_cli6doctorNtB5_21HostDoctorEnvironmentNtB5_17DoctorEnvironment17has_github_remote
FNDA:5,_RNvXs0_NtCsadPz79N6wDl_11calypso_cli6doctorNtB5_21HostDoctorEnvironmentNtB5_17DoctorEnvironment22feature_binding_status
FNDA:5,_RNvXs0_NtCsadPz79N6wDl_11calypso_cli6doctorNtB5_21HostDoctorEnvironmentNtB5_17DoctorEnvironment22missing_workflow_files
FNDA:5,_RINvNtCsadPz79N6wDl_11calypso_cli6doctor21collect_doctor_reportNtB2_21HostDoctorEnvironmentEB4_
FNDA:21,_RNCNvMs_NtCsadPz79N6wDl_11calypso_cli6doctorNtB6_12DoctorReport19to_builtin_evidence0B8_
FNDA:56,_RNCNvNtCsadPz79N6wDl_11calypso_cli6doctor10make_check0B5_
FNDA:7,_RNCNvNtCsadPz79N6wDl_11calypso_cli6doctor35git_remote_output_has_github_remote0B5_
FNDA:10,_RNCNvXs0_NtCsadPz79N6wDl_11calypso_cli6doctorNtB7_21HostDoctorEnvironmentNtB7_17DoctorEnvironment14command_exists0B9_
FNDA:5,_RNCNvXs0_NtCsadPz79N6wDl_11calypso_cli6doctorNtB7_21HostDoctorEnvironmentNtB7_17DoctorEnvironment16gh_authenticated0B9_
FNDA:5,_RNCNvXs0_NtCsadPz79N6wDl_11calypso_cli6doctorNtB7_21HostDoctorEnvironmentNtB7_17DoctorEnvironment17has_github_remote0B9_
FNDA:3,_RNCNvXs0_NtCsadPz79N6wDl_11calypso_cli6doctorNtB7_21HostDoctorEnvironmentNtB7_17DoctorEnvironment17has_github_remotes_0B9_
FNDA:3,_RNCNvXs0_NtCsadPz79N6wDl_11calypso_cli6doctorNtB7_21HostDoctorEnvironmentNtB7_17DoctorEnvironment22feature_binding_statuss_0B9_
FNDA:30,_RNCNvXs0_NtCsadPz79N6wDl_11calypso_cli6doctorNtB7_21HostDoctorEnvironmentNtB7_17DoctorEnvironment22missing_workflow_files0B9_
FNDA:18,_RNCNvXs0_NtCsadPz79N6wDl_11calypso_cli6doctorNtB7_21HostDoctorEnvironmentNtB7_17DoctorEnvironment22missing_workflow_filess_0B9_
FNDA:1,_RNvXs0_NtCsk43tzqYvrEx_11calypso_cli6doctorNtB5_21HostDoctorEnvironmentNtB5_17DoctorEnvironment22missing_workflow_files
FNDA:0,_RINvNtCsk43tzqYvrEx_11calypso_cli6doctor21collect_doctor_reportpEB4_
FNDA:0,_RNCNvMs_NtCsk43tzqYvrEx_11calypso_cli6doctorNtB6_12DoctorReport19to_builtin_evidence0B8_
FNDA:0,_RNCNvNtCsk43tzqYvrEx_11calypso_cli6doctor10make_check0B5_
FNDA:0,_RNCNvNtCsk43tzqYvrEx_11calypso_cli6doctor35git_remote_output_has_github_remote0B5_
FNDA:0,_RNCNvXs0_NtCsk43tzqYvrEx_11calypso_cli6doctorNtB7_21HostDoctorEnvironmentNtB7_17DoctorEnvironment14command_exists0B9_
FNDA:0,_RNCNvXs0_NtCsk43tzqYvrEx_11calypso_cli6doctorNtB7_21HostDoctorEnvironmentNtB7_17DoctorEnvironment16gh_authenticated0B9_
FNDA:0,_RNCNvXs0_NtCsk43tzqYvrEx_11calypso_cli6doctorNtB7_21HostDoctorEnvironmentNtB7_17DoctorEnvironment17has_github_remote0B9_
FNDA:0,_RNCNvXs0_NtCsk43tzqYvrEx_11calypso_cli6doctorNtB7_21HostDoctorEnvironmentNtB7_17DoctorEnvironment17has_github_remotes_0B9_
FNDA:0,_RNCNvXs0_NtCsk43tzqYvrEx_11calypso_cli6doctorNtB7_21HostDoctorEnvironmentNtB7_17DoctorEnvironment22feature_binding_statuss_0B9_
FNDA:0,_RNvMNtCsk43tzqYvrEx_11calypso_cli6doctorNtB2_13DoctorCheckId11builtin_key
FNDA:0,_RNvMNtCsk43tzqYvrEx_11calypso_cli6doctorNtB2_13DoctorCheckId5label
FNDA:0,_RNvMs_NtCsk43tzqYvrEx_11calypso_cli6doctorNtB4_12DoctorReport19to_builtin_evidence
FNDA:0,_RNvNtCsk43tzqYvrEx_11calypso_cli6doctor10make_check
FNDA:0,_RNvNtCsk43tzqYvrEx_11calypso_cli6doctor11failing_fix
FNDA:0,_RNvNtCsk43tzqYvrEx_11calypso_cli6doctor16status_from_bool
FNDA:0,_RNvNtCsk43tzqYvrEx_11calypso_cli6doctor20render_doctor_report
FNDA:0,_RNvNtCsk43tzqYvrEx_11calypso_cli6doctor35git_remote_output_has_github_remote
FNDA:0,_RNvXs0_NtCsk43tzqYvrEx_11calypso_cli6doctorNtB5_21HostDoctorEnvironmentNtB5_17DoctorEnvironment14command_exists
FNDA:0,_RNvXs0_NtCsk43tzqYvrEx_11calypso_cli6doctorNtB5_21HostDoctorEnvironmentNtB5_17DoctorEnvironment16claude_reachable
FNDA:0,_RNvXs0_NtCsk43tzqYvrEx_11calypso_cli6doctorNtB5_21HostDoctorEnvironmentNtB5_17DoctorEnvironment16gh_authenticated
FNDA:0,_RNvXs0_NtCsk43tzqYvrEx_11calypso_cli6doctorNtB5_21HostDoctorEnvironmentNtB5_17DoctorEnvironment17has_github_remote
FNDA:0,_RNvXs0_NtCsk43tzqYvrEx_11calypso_cli6doctorNtB5_21HostDoctorEnvironmentNtB5_17DoctorEnvironment22feature_binding_status
FNDA:6,_RNCNvXs0_NtCsk43tzqYvrEx_11calypso_cli6doctorNtB7_21HostDoctorEnvironmentNtB7_17DoctorEnvironment22missing_workflow_files0B9_
FNDA:5,_RNCNvXs0_NtCsk43tzqYvrEx_11calypso_cli6doctorNtB7_21HostDoctorEnvironmentNtB7_17DoctorEnvironment22missing_workflow_filess_0B9_
FNDA:1,_RNvNtNtCsk43tzqYvrEx_11calypso_cli6doctor5tests15unique_temp_dir
FNDA:1,_RNvNtNtCsk43tzqYvrEx_11calypso_cli6doctor5testss_56host_environment_reports_missing_required_workflow_files
FNDA:9,_RINvNtCsadPz79N6wDl_11calypso_cli6doctor21collect_doctor_reportNtCs1Hna8M9sE5K_6doctor15FakeEnvironmentEB11_
FNF:27
FNH:27
DA:29,21
DA:30,21
DA:31,3
DA:32,3
DA:33,3
DA:34,3
DA:35,3
DA:36,3
DA:38,3
DA:41,21
DA:43,35
DA:44,35
DA:45,5
DA:46,5
DA:47,5
DA:48,5
DA:49,5
DA:50,5
DA:51,5
DA:53,35
DA:83,3
DA:84,3
DA:85,3
DA:86,21
DA:87,21
DA:88,21
DA:89,21
DA:91,21
DA:92,3
DA:108,10
DA:109,10
DA:110,10
DA:111,10
DA:112,10
DA:113,10
DA:115,5
DA:116,5
DA:117,5
DA:119,5
DA:120,5
DA:121,5
DA:122,5
DA:123,5
DA:124,5
DA:126,5
DA:127,5
DA:128,5
DA:129,5
DA:130,5
DA:131,5
DA:132,5
DA:133,5
DA:134,3
DA:135,3
DA:136,5
DA:138,5
DA:139,5
DA:140,5
DA:141,5
DA:142,5
DA:144,6
DA:145,6
DA:146,6
DA:147,6
DA:148,36
DA:149,23
DA:150,6
DA:151,6
DA:152,6
DA:153,6
DA:156,14
DA:157,14
DA:158,14
DA:159,14
DA:160,14
DA:161,14
DA:162,14
DA:164,14
DA:165,14
DA:166,14
DA:167,14
DA:168,14
DA:169,14
DA:170,14
DA:171,14
DA:172,14
DA:173,14
DA:174,14
DA:175,14
DA:176,14
DA:177,14
DA:178,14
DA:179,14
DA:180,14
DA:181,14
DA:182,14
DA:183,14
DA:184,14
DA:185,14
DA:186,14
DA:187,14
DA:188,14
DA:189,14
DA:190,14
DA:191,14
DA:192,14
DA:193,14
DA:194,14
DA:195,14
DA:196,14
DA:197,14
DA:198,14
DA:199,14
DA:200,14
DA:201,14
DA:202,14
DA:203,14
DA:204,14
DA:205,14
DA:206,14
DA:207,14
DA:208,14
DA:209,14
DA:210,14
DA:212,98
DA:213,98
DA:214,42
DA:216,56
DA:218,98
DA:220,98
DA:221,98
DA:222,98
DA:223,98
DA:224,98
DA:225,98
DA:226,98
DA:227,98
DA:228,98
DA:229,98
DA:231,98
DA:232,98
DA:233,98
DA:234,98
DA:235,98
DA:236,98
DA:237,98
DA:238,98
DA:240,7
DA:241,7
DA:242,7
DA:243,6
DA:244,5
DA:245,7
DA:246,7
DA:248,5
DA:249,5
DA:251,40
DA:252,35
DA:253,14
DA:255,21
DA:257,35
DA:259,35
DA:260,7
DA:261,28
DA:263,35
DA:264,21
DA:265,21
DA:268,5
DA:269,5
DA:271,56
DA:272,56
DA:274,6
DA:277,7
DA:280,9
DA:283,9
DA:285,11
DA:286,11
DA:287,11
DA:288,11
DA:289,9
DA:290,9
DA:291,9
DA:292,9
DA:293,5
DA:294,5
DA:295,5
DA:296,5
DA:298,56
DA:305,1
DA:306,1
DA:307,1
DA:308,1
DA:309,1
DA:310,1
DA:311,1
DA:312,1
DA:313,1
DA:314,1
DA:317,1
DA:318,1
DA:319,1
DA:320,1
DA:323,1
DA:325,1
DA:327,1
DA:329,1
DA:330,1
DA:331,1
DA:332,1
DA:333,1
DA:334,1
DA:338,1
DA:339,1
BRF:0
BRH:0
LF:223
LH:223
end_of_record
SF:/home/lucas/calypso/cli/src/error.rs
FN:12,_RNCNvNtCsadPz79N6wDl_11calypso_cli5error18REDACTION_REGISTRY0B5_
FN:42,_RNCNvNtCsadPz79N6wDl_11calypso_cli5error6redact0B5_
FN:199,_RINvMs_NtCsk43tzqYvrEx_11calypso_cli5errorNtB5_12CalypsoError10github_apipEB7_
FN:148,_RINvMs_NtCsk43tzqYvrEx_11calypso_cli5errorNtB5_12CalypsoError12with_contextppEB7_
FN:167,_RINvMs_NtCsk43tzqYvrEx_11calypso_cli5errorNtB5_12CalypsoError13provider_authpEB7_
FN:219,_RINvMs_NtCsk43tzqYvrEx_11calypso_cli5errorNtB5_12CalypsoError16state_corruptionpEB7_
FN:227,_RINvMs_NtCsk43tzqYvrEx_11calypso_cli5errorNtB5_12CalypsoError16studio_lifecyclepEB7_
FN:175,_RINvMs_NtCsk43tzqYvrEx_11calypso_cli5errorNtB5_12CalypsoError16subprocess_spawnpEB7_
FN:211,_RINvMs_NtCsk43tzqYvrEx_11calypso_cli5errorNtB5_12CalypsoError21missing_clarificationpEB7_
FN:203,_RINvMs_NtCsk43tzqYvrEx_11calypso_cli5errorNtB5_12CalypsoError24invalid_state_transitionpEB7_
FN:183,_RINvMs_NtCsk43tzqYvrEx_11calypso_cli5errorNtB5_12CalypsoError25malformed_provider_outputpEB7_
FN:195,_RINvMs_NtCsk43tzqYvrEx_11calypso_cli5errorNtB5_12CalypsoError3gitpEB7_
FN:134,_RINvMs_NtCsk43tzqYvrEx_11calypso_cli5errorNtB5_12CalypsoError3newppEB7_
FN:191,_RINvMs_NtCsk43tzqYvrEx_11calypso_cli5errorNtB5_12CalypsoError9transportpEB7_
FN:17,_RINvNtCsk43tzqYvrEx_11calypso_cli5error15register_secretpEB4_
FN:42,_RNCNvNtCsk43tzqYvrEx_11calypso_cli5error6redact0B5_
FN:159,_RNvMs_NtCsk43tzqYvrEx_11calypso_cli5errorNtB4_12CalypsoError11emit_stderr
FN:154,_RNvMs_NtCsk43tzqYvrEx_11calypso_cli5errorNtB4_12CalypsoError7to_json
FN:36,_RNvNtCsk43tzqYvrEx_11calypso_cli5error6redact
FN:86,_RNvXNtCsk43tzqYvrEx_11calypso_cli5errorNtB2_14RecoverabilityNtNtCs3XFJfFEDSOQ_4core3fmt7Display3fmt
FN:237,_RNvXs0_NtCsk43tzqYvrEx_11calypso_cli5errorNtB5_12CalypsoErrorNtNtCs3XFJfFEDSOQ_4core3fmt7Display3fmt
FN:12,_RNCNvNtCsk43tzqYvrEx_11calypso_cli5error18REDACTION_REGISTRY0B5_
FN:199,_RINvMs_NtCsadPz79N6wDl_11calypso_cli5errorNtB5_12CalypsoError10github_apiReECsltbgehUCHCI_5error
FN:148,_RINvMs_NtCsadPz79N6wDl_11calypso_cli5errorNtB5_12CalypsoError12with_contextReB1b_ECsltbgehUCHCI_5error
FN:167,_RINvMs_NtCsadPz79N6wDl_11calypso_cli5errorNtB5_12CalypsoError13provider_authReECsltbgehUCHCI_5error
FN:219,_RINvMs_NtCsadPz79N6wDl_11calypso_cli5errorNtB5_12CalypsoError16state_corruptionReECsltbgehUCHCI_5error
FN:227,_RINvMs_NtCsadPz79N6wDl_11calypso_cli5errorNtB5_12CalypsoError16studio_lifecycleReECsltbgehUCHCI_5error
FN:175,_RINvMs_NtCsadPz79N6wDl_11calypso_cli5errorNtB5_12CalypsoError16subprocess_spawnReECsltbgehUCHCI_5error
FN:211,_RINvMs_NtCsadPz79N6wDl_11calypso_cli5errorNtB5_12CalypsoError21missing_clarificationReECsltbgehUCHCI_5error
FN:203,_RINvMs_NtCsadPz79N6wDl_11calypso_cli5errorNtB5_12CalypsoError24invalid_state_transitionReECsltbgehUCHCI_5error
FN:183,_RINvMs_NtCsadPz79N6wDl_11calypso_cli5errorNtB5_12CalypsoError25malformed_provider_outputReECsltbgehUCHCI_5error
FN:195,_RINvMs_NtCsadPz79N6wDl_11calypso_cli5errorNtB5_12CalypsoError3gitReECsltbgehUCHCI_5error
FN:134,_RINvMs_NtCsadPz79N6wDl_11calypso_cli5errorNtB5_12CalypsoError3newReB11_ECsltbgehUCHCI_5error
FN:191,_RINvMs_NtCsadPz79N6wDl_11calypso_cli5errorNtB5_12CalypsoError9transportReECsltbgehUCHCI_5error
FN:17,_RINvNtCsadPz79N6wDl_11calypso_cli5error15register_secretReECsltbgehUCHCI_5error
FN:159,_RNvMs_NtCsadPz79N6wDl_11calypso_cli5errorNtB4_12CalypsoError11emit_stderr
FN:154,_RNvMs_NtCsadPz79N6wDl_11calypso_cli5errorNtB4_12CalypsoError7to_json
FN:36,_RNvNtCsadPz79N6wDl_11calypso_cli5error6redact
FN:86,_RNvXNtCsadPz79N6wDl_11calypso_cli5errorNtB2_14RecoverabilityNtNtCs3XFJfFEDSOQ_4core3fmt7Display3fmt
FN:237,_RNvXs0_NtCsadPz79N6wDl_11calypso_cli5errorNtB5_12CalypsoErrorNtNtCs3XFJfFEDSOQ_4core3fmt7Display3fmt
FNDA:1,_RNCNvNtCsadPz79N6wDl_11calypso_cli5error18REDACTION_REGISTRY0B5_
FNDA:0,_RNCNvNtCsadPz79N6wDl_11calypso_cli5error6redact0B5_
FNDA:0,_RINvMs_NtCsk43tzqYvrEx_11calypso_cli5errorNtB5_12CalypsoError10github_apipEB7_
FNDA:0,_RINvMs_NtCsk43tzqYvrEx_11calypso_cli5errorNtB5_12CalypsoError12with_contextppEB7_
FNDA:0,_RINvMs_NtCsk43tzqYvrEx_11calypso_cli5errorNtB5_12CalypsoError13provider_authpEB7_
FNDA:0,_RINvMs_NtCsk43tzqYvrEx_11calypso_cli5errorNtB5_12CalypsoError16state_corruptionpEB7_
FNDA:0,_RINvMs_NtCsk43tzqYvrEx_11calypso_cli5errorNtB5_12CalypsoError16studio_lifecyclepEB7_
FNDA:0,_RINvMs_NtCsk43tzqYvrEx_11calypso_cli5errorNtB5_12CalypsoError16subprocess_spawnpEB7_
FNDA:0,_RINvMs_NtCsk43tzqYvrEx_11calypso_cli5errorNtB5_12CalypsoError21missing_clarificationpEB7_
FNDA:0,_RINvMs_NtCsk43tzqYvrEx_11calypso_cli5errorNtB5_12CalypsoError24invalid_state_transitionpEB7_
FNDA:0,_RINvMs_NtCsk43tzqYvrEx_11calypso_cli5errorNtB5_12CalypsoError25malformed_provider_outputpEB7_
FNDA:0,_RINvMs_NtCsk43tzqYvrEx_11calypso_cli5errorNtB5_12CalypsoError3gitpEB7_
FNDA:0,_RINvMs_NtCsk43tzqYvrEx_11calypso_cli5errorNtB5_12CalypsoError3newppEB7_
FNDA:0,_RINvMs_NtCsk43tzqYvrEx_11calypso_cli5errorNtB5_12CalypsoError9transportpEB7_
FNDA:0,_RINvNtCsk43tzqYvrEx_11calypso_cli5error15register_secretpEB4_
FNDA:0,_RNCNvNtCsk43tzqYvrEx_11calypso_cli5error6redact0B5_
FNDA:0,_RNvMs_NtCsk43tzqYvrEx_11calypso_cli5errorNtB4_12CalypsoError11emit_stderr
FNDA:0,_RNvMs_NtCsk43tzqYvrEx_11calypso_cli5errorNtB4_12CalypsoError7to_json
FNDA:0,_RNvNtCsk43tzqYvrEx_11calypso_cli5error6redact
FNDA:0,_RNvXNtCsk43tzqYvrEx_11calypso_cli5errorNtB2_14RecoverabilityNtNtCs3XFJfFEDSOQ_4core3fmt7Display3fmt
FNDA:0,_RNvXs0_NtCsk43tzqYvrEx_11calypso_cli5errorNtB5_12CalypsoErrorNtNtCs3XFJfFEDSOQ_4core3fmt7Display3fmt
FNDA:0,_RNCNvNtCsk43tzqYvrEx_11calypso_cli5error18REDACTION_REGISTRY0B5_
FNDA:2,_RINvMs_NtCsadPz79N6wDl_11calypso_cli5errorNtB5_12CalypsoError10github_apiReECsltbgehUCHCI_5error
FNDA:1,_RINvMs_NtCsadPz79N6wDl_11calypso_cli5errorNtB5_12CalypsoError12with_contextReB1b_ECsltbgehUCHCI_5error
FNDA:3,_RINvMs_NtCsadPz79N6wDl_11calypso_cli5errorNtB5_12CalypsoError13provider_authReECsltbgehUCHCI_5error
FNDA:2,_RINvMs_NtCsadPz79N6wDl_11calypso_cli5errorNtB5_12CalypsoError16state_corruptionReECsltbgehUCHCI_5error
FNDA:2,_RINvMs_NtCsadPz79N6wDl_11calypso_cli5errorNtB5_12CalypsoError16studio_lifecycleReECsltbgehUCHCI_5error
FNDA:2,_RINvMs_NtCsadPz79N6wDl_11calypso_cli5errorNtB5_12CalypsoError16subprocess_spawnReECsltbgehUCHCI_5error
FNDA:2,_RINvMs_NtCsadPz79N6wDl_11calypso_cli5errorNtB5_12CalypsoError21missing_clarificationReECsltbgehUCHCI_5error
FNDA:2,_RINvMs_NtCsadPz79N6wDl_11calypso_cli5errorNtB5_12CalypsoError24invalid_state_transitionReECsltbgehUCHCI_5error
FNDA:2,_RINvMs_NtCsadPz79N6wDl_11calypso_cli5errorNtB5_12CalypsoError25malformed_provider_outputReECsltbgehUCHCI_5error
FNDA:5,_RINvMs_NtCsadPz79N6wDl_11calypso_cli5errorNtB5_12CalypsoError3gitReECsltbgehUCHCI_5error
FNDA:27,_RINvMs_NtCsadPz79N6wDl_11calypso_cli5errorNtB5_12CalypsoError3newReB11_ECsltbgehUCHCI_5error
FNDA:5,_RINvMs_NtCsadPz79N6wDl_11calypso_cli5errorNtB5_12CalypsoError9transportReECsltbgehUCHCI_5error
FNDA:2,_RINvNtCsadPz79N6wDl_11calypso_cli5error15register_secretReECsltbgehUCHCI_5error
FNDA:1,_RNvMs_NtCsadPz79N6wDl_11calypso_cli5errorNtB4_12CalypsoError11emit_stderr
FNDA:6,_RNvMs_NtCsadPz79N6wDl_11calypso_cli5errorNtB4_12CalypsoError7to_json
FNDA:12,_RNvNtCsadPz79N6wDl_11calypso_cli5error6redact
FNDA:3,_RNvXNtCsadPz79N6wDl_11calypso_cli5errorNtB2_14RecoverabilityNtNtCs3XFJfFEDSOQ_4core3fmt7Display3fmt
FNDA:1,_RNvXs0_NtCsadPz79N6wDl_11calypso_cli5errorNtB5_12CalypsoErrorNtNtCs3XFJfFEDSOQ_4core3fmt7Display3fmt
FNF:20
FNH:19
DA:12,1
DA:17,2
DA:18,2
DA:19,2
DA:20,1
DA:21,1
DA:22,1
DA:23,1
DA:24,1
DA:25,1
DA:26,1
DA:27,2
DA:36,12
DA:37,12
DA:40,12
DA:41,12
DA:42,12
DA:43,15
DA:44,3
DA:45,3
DA:46,0
DA:49,12
DA:50,12
DA:51,12
DA:52,12
DA:55,12
DA:56,12
DA:58,12
DA:59,12
DA:60,12
DA:61,12
DA:64,12
DA:65,12
DA:67,12
DA:68,12
DA:86,3
DA:87,3
DA:88,1
DA:89,1
DA:90,1
DA:92,3
DA:134,27
DA:135,27
DA:136,27
DA:137,27
DA:138,27
DA:139,27
DA:140,27
DA:141,27
DA:142,27
DA:143,27
DA:144,27
DA:145,27
DA:148,1
DA:149,1
DA:150,1
DA:151,1
DA:154,6
DA:155,6
DA:156,6
DA:159,1
DA:160,1
DA:161,1
DA:167,3
DA:168,3
DA:170,3
DA:171,3
DA:173,3
DA:175,2
DA:176,2
DA:178,2
DA:179,2
DA:181,2
DA:183,2
DA:184,2
DA:186,2
DA:187,2
DA:189,2
DA:191,5
DA:192,5
DA:193,5
DA:195,5
DA:196,5
DA:197,5
DA:199,2
DA:200,2
DA:201,2
DA:203,2
DA:204,2
DA:206,2
DA:207,2
DA:209,2
DA:211,2
DA:212,2
DA:214,2
DA:215,2
DA:217,2
DA:219,2
DA:220,2
DA:222,2
DA:223,2
DA:225,2
DA:227,2
DA:228,2
DA:230,2
DA:231,2
DA:233,2
DA:237,1
DA:238,1
DA:239,1
BRF:0
BRH:0
LF:111
LH:109
end_of_record
SF:/home/lucas/calypso/cli/src/execution.rs
FN:286,_RNvNtCsadPz79N6wDl_11calypso_cli9execution10invoke_raw
FN:521,_RNvNtCsadPz79N6wDl_11calypso_cli9execution11now_rfc3339
FN:232,_RNvNtCsadPz79N6wDl_11calypso_cli9execution12build_prompt
FN:280,_RNvNtCsadPz79N6wDl_11calypso_cli9execution12is_transient
FN:311,_RNvNtCsadPz79N6wDl_11calypso_cli9execution13apply_outcome
FN:436,_RNvNtCsadPz79N6wDl_11calypso_cli9execution13forward_facts
FN:536,_RNvNtCsadPz79N6wDl_11calypso_cli9execution14epoch_to_parts
FN:478,_RNvNtCsadPz79N6wDl_11calypso_cli9execution14finish_session
FN:427,_RNvNtCsadPz79N6wDl_11calypso_cli9execution16mark_agent_gates
FN:258,_RNvNtCsadPz79N6wDl_11calypso_cli9execution17invoke_with_retry
FN:447,_RNvNtCsadPz79N6wDl_11calypso_cli9execution21advance_if_gates_pass
FN:101,_RNvNtCsadPz79N6wDl_11calypso_cli9execution22run_supervised_session
FN:496,_RNvNtCsadPz79N6wDl_11calypso_cli9execution22write_transcript_entry
FN:584,_RNvNtCsadPz79N6wDl_11calypso_cli9execution7is_leap
FN:40,_RNvXNtCsadPz79N6wDl_11calypso_cli9executionNtB2_15ExecutionConfigNtNtCs3XFJfFEDSOQ_4core7default7Default7default
FN:82,_RNvXs_NtCsadPz79N6wDl_11calypso_cli9executionNtB4_14ExecutionErrorNtNtCs3XFJfFEDSOQ_4core3fmt7Display3fmt
FN:527,_RNCNvNtCsadPz79N6wDl_11calypso_cli9execution11now_rfc33390B5_
FN:488,_RNCNvNtCsadPz79N6wDl_11calypso_cli9execution14finish_session0B5_
FN:455,_RNCNvNtCsadPz79N6wDl_11calypso_cli9execution21advance_if_gates_pass0B5_
FN:467,_RNCNvNtCsadPz79N6wDl_11calypso_cli9execution21advance_if_gates_passs_0B5_
FN:620,_RNvNtNtCsk43tzqYvrEx_11calypso_cli9execution5tests13minimal_state
FN:597,_RNvNtNtCsk43tzqYvrEx_11calypso_cli9execution5tests15minimal_feature
FN:647,_RNvNtNtCsk43tzqYvrEx_11calypso_cli9execution5testss_31mark_agent_gates_sets_all_gates
FN:634,_RNvNtNtCsk43tzqYvrEx_11calypso_cli9execution5testss_36build_prompt_contains_role_and_stage
FN:711,_RNvNtNtCsk43tzqYvrEx_11calypso_cli9execution5testss_38finish_session_updates_status_in_place
FN:704,_RNvNtNtCsk43tzqYvrEx_11calypso_cli9execution5testss_40now_rfc3339_produces_parseable_timestamp
FN:736,_RNvNtNtCsk43tzqYvrEx_11calypso_cli9execution5testss_44forward_facts_enables_all_linear_transitions
FN:669,_RNvNtNtCsk43tzqYvrEx_11calypso_cli9execution5testss_50advance_if_gates_pass_advances_from_implementation
FN:745,_RNvNtNtCsk43tzqYvrEx_11calypso_cli9execution5testss_54write_transcript_entry_creates_file_with_jsonl_content
FN:682,_RNvNtNtCsk43tzqYvrEx_11calypso_cli9execution5testss_57advance_if_gates_pass_does_not_advance_when_failing_gates
FN:521,_RNvNtCsk43tzqYvrEx_11calypso_cli9execution11now_rfc3339
FN:232,_RNvNtCsk43tzqYvrEx_11calypso_cli9execution12build_prompt
FN:436,_RNvNtCsk43tzqYvrEx_11calypso_cli9execution13forward_facts
FN:536,_RNvNtCsk43tzqYvrEx_11calypso_cli9execution14epoch_to_parts
FN:478,_RNvNtCsk43tzqYvrEx_11calypso_cli9execution14finish_session
FN:427,_RNvNtCsk43tzqYvrEx_11calypso_cli9execution16mark_agent_gates
FN:447,_RNvNtCsk43tzqYvrEx_11calypso_cli9execution21advance_if_gates_pass
FN:496,_RNvNtCsk43tzqYvrEx_11calypso_cli9execution22write_transcript_entry
FN:584,_RNvNtCsk43tzqYvrEx_11calypso_cli9execution7is_leap
FN:286,_RNvNtCsk43tzqYvrEx_11calypso_cli9execution10invoke_raw
FN:280,_RNvNtCsk43tzqYvrEx_11calypso_cli9execution12is_transient
FN:311,_RNvNtCsk43tzqYvrEx_11calypso_cli9execution13apply_outcome
FN:258,_RNvNtCsk43tzqYvrEx_11calypso_cli9execution17invoke_with_retry
FN:101,_RNvNtCsk43tzqYvrEx_11calypso_cli9execution22run_supervised_session
FN:40,_RNvXNtCsk43tzqYvrEx_11calypso_cli9executionNtB2_15ExecutionConfigNtNtCs3XFJfFEDSOQ_4core7default7Default7default
FN:82,_RNvXs_NtCsk43tzqYvrEx_11calypso_cli9executionNtB4_14ExecutionErrorNtNtCs3XFJfFEDSOQ_4core3fmt7Display3fmt
FN:749,_RNCNvNtNtCsk43tzqYvrEx_11calypso_cli9execution5testss_54write_transcript_entry_creates_file_with_jsonl_content0B7_
FN:527,_RNCNvNtCsk43tzqYvrEx_11calypso_cli9execution11now_rfc33390B5_
FN:488,_RNCNvNtCsk43tzqYvrEx_11calypso_cli9execution14finish_session0B5_
FN:455,_RNCNvNtCsk43tzqYvrEx_11calypso_cli9execution21advance_if_gates_pass0B5_
FN:467,_RNCNvNtCsk43tzqYvrEx_11calypso_cli9execution21advance_if_gates_passs_0B5_
FNDA:9,_RNvNtCsadPz79N6wDl_11calypso_cli9execution10invoke_raw
FNDA:22,_RNvNtCsadPz79N6wDl_11calypso_cli9execution11now_rfc3339
FNDA:9,_RNvNtCsadPz79N6wDl_11calypso_cli9execution12build_prompt
FNDA:0,_RNvNtCsadPz79N6wDl_11calypso_cli9execution12is_transient
FNDA:7,_RNvNtCsadPz79N6wDl_11calypso_cli9execution13apply_outcome
FNDA:4,_RNvNtCsadPz79N6wDl_11calypso_cli9execution13forward_facts
FNDA:22,_RNvNtCsadPz79N6wDl_11calypso_cli9execution14epoch_to_parts
FNDA:9,_RNvNtCsadPz79N6wDl_11calypso_cli9execution14finish_session
FNDA:6,_RNvNtCsadPz79N6wDl_11calypso_cli9execution16mark_agent_gates
FNDA:9,_RNvNtCsadPz79N6wDl_11calypso_cli9execution17invoke_with_retry
FNDA:4,_RNvNtCsadPz79N6wDl_11calypso_cli9execution21advance_if_gates_pass
FNDA:9,_RNvNtCsadPz79N6wDl_11calypso_cli9execution22run_supervised_session
FNDA:9,_RNvNtCsadPz79N6wDl_11calypso_cli9execution22write_transcript_entry
FNDA:1276,_RNvNtCsadPz79N6wDl_11calypso_cli9execution7is_leap
FNDA:9,_RNvXNtCsadPz79N6wDl_11calypso_cli9executionNtB2_15ExecutionConfigNtNtCs3XFJfFEDSOQ_4core7default7Default7default
FNDA:0,_RNvXs_NtCsadPz79N6wDl_11calypso_cli9executionNtB4_14ExecutionErrorNtNtCs3XFJfFEDSOQ_4core3fmt7Display3fmt
FNDA:22,_RNCNvNtCsadPz79N6wDl_11calypso_cli9execution11now_rfc33390B5_
FNDA:9,_RNCNvNtCsadPz79N6wDl_11calypso_cli9execution14finish_session0B5_
FNDA:1,_RNCNvNtCsadPz79N6wDl_11calypso_cli9execution21advance_if_gates_pass0B5_
FNDA:4,_RNCNvNtCsadPz79N6wDl_11calypso_cli9execution21advance_if_gates_passs_0B5_
FNDA:5,_RNvNtNtCsk43tzqYvrEx_11calypso_cli9execution5tests13minimal_state
FNDA:5,_RNvNtNtCsk43tzqYvrEx_11calypso_cli9execution5tests15minimal_feature
FNDA:1,_RNvNtNtCsk43tzqYvrEx_11calypso_cli9execution5testss_31mark_agent_gates_sets_all_gates
FNDA:1,_RNvNtNtCsk43tzqYvrEx_11calypso_cli9execution5testss_36build_prompt_contains_role_and_stage
FNDA:1,_RNvNtNtCsk43tzqYvrEx_11calypso_cli9execution5testss_38finish_session_updates_status_in_place
FNDA:1,_RNvNtNtCsk43tzqYvrEx_11calypso_cli9execution5testss_40now_rfc3339_produces_parseable_timestamp
FNDA:1,_RNvNtNtCsk43tzqYvrEx_11calypso_cli9execution5testss_44forward_facts_enables_all_linear_transitions
FNDA:1,_RNvNtNtCsk43tzqYvrEx_11calypso_cli9execution5testss_50advance_if_gates_pass_advances_from_implementation
FNDA:1,_RNvNtNtCsk43tzqYvrEx_11calypso_cli9execution5testss_54write_transcript_entry_creates_file_with_jsonl_content
FNDA:1,_RNvNtNtCsk43tzqYvrEx_11calypso_cli9execution5testss_57advance_if_gates_pass_does_not_advance_when_failing_gates
FNDA:2,_RNvNtCsk43tzqYvrEx_11calypso_cli9execution11now_rfc3339
FNDA:1,_RNvNtCsk43tzqYvrEx_11calypso_cli9execution12build_prompt
FNDA:3,_RNvNtCsk43tzqYvrEx_11calypso_cli9execution13forward_facts
FNDA:2,_RNvNtCsk43tzqYvrEx_11calypso_cli9execution14epoch_to_parts
FNDA:1,_RNvNtCsk43tzqYvrEx_11calypso_cli9execution14finish_session
FNDA:1,_RNvNtCsk43tzqYvrEx_11calypso_cli9execution16mark_agent_gates
FNDA:2,_RNvNtCsk43tzqYvrEx_11calypso_cli9execution21advance_if_gates_pass
FNDA:1,_RNvNtCsk43tzqYvrEx_11calypso_cli9execution22write_transcript_entry
FNDA:116,_RNvNtCsk43tzqYvrEx_11calypso_cli9execution7is_leap
FNDA:0,_RNvNtCsk43tzqYvrEx_11calypso_cli9execution10invoke_raw
FNDA:0,_RNvNtCsk43tzqYvrEx_11calypso_cli9execution12is_transient
FNDA:0,_RNvNtCsk43tzqYvrEx_11calypso_cli9execution13apply_outcome
FNDA:0,_RNvNtCsk43tzqYvrEx_11calypso_cli9execution17invoke_with_retry
FNDA:0,_RNvNtCsk43tzqYvrEx_11calypso_cli9execution22run_supervised_session
FNDA:0,_RNvXNtCsk43tzqYvrEx_11calypso_cli9executionNtB2_15ExecutionConfigNtNtCs3XFJfFEDSOQ_4core7default7Default7default
FNDA:0,_RNvXs_NtCsk43tzqYvrEx_11calypso_cli9executionNtB4_14ExecutionErrorNtNtCs3XFJfFEDSOQ_4core3fmt7Display3fmt
FNDA:1,_RNCNvNtNtCsk43tzqYvrEx_11calypso_cli9execution5testss_54write_transcript_entry_creates_file_with_jsonl_content0B7_
FNDA:2,_RNCNvNtCsk43tzqYvrEx_11calypso_cli9execution11now_rfc33390B5_
FNDA:1,_RNCNvNtCsk43tzqYvrEx_11calypso_cli9execution14finish_session0B5_
FNDA:1,_RNCNvNtCsk43tzqYvrEx_11calypso_cli9execution21advance_if_gates_pass0B5_
FNDA:1,_RNCNvNtCsk43tzqYvrEx_11calypso_cli9execution21advance_if_gates_passs_0B5_
FNF:31
FNH:29
DA:40,9
DA:41,9
DA:42,9
DA:43,9
DA:44,9
DA:45,9
DA:82,0
DA:83,0
DA:84,0
DA:85,0
DA:86,0
DA:89,0
DA:101,9
DA:102,9
DA:103,9
DA:104,9
DA:105,9
DA:106,9
DA:108,9
DA:109,9
DA:111,9
DA:112,9
DA:114,9
DA:115,9
DA:116,9
DA:117,9
DA:120,9
DA:121,9
DA:122,9
DA:123,9
DA:124,9
DA:125,9
DA:126,9
DA:127,9
DA:128,9
DA:129,9
DA:130,9
DA:131,9
DA:134,9
DA:137,9
DA:139,9
DA:140,0
DA:142,0
DA:143,0
DA:144,0
DA:145,0
DA:146,0
DA:148,0
DA:149,0
DA:150,0
DA:154,0
DA:156,0
DA:158,9
DA:160,9
DA:161,9
DA:162,9
DA:163,9
DA:164,9
DA:165,9
DA:166,9
DA:169,9
DA:170,9
DA:171,9
DA:172,9
DA:173,9
DA:174,9
DA:175,9
DA:176,9
DA:179,9
DA:180,1
DA:181,1
DA:182,1
DA:183,1
DA:184,1
DA:187,1
DA:188,1
DA:189,1
DA:190,1
DA:191,1
DA:192,1
DA:193,1
DA:195,1
DA:196,1
DA:197,1
DA:198,1
DA:199,8
DA:202,8
DA:205,1
DA:206,1
DA:207,1
DA:208,1
DA:209,1
DA:210,1
DA:212,1
DA:213,1
DA:214,1
DA:215,1
DA:216,1
DA:217,1
DA:218,1
DA:219,1
DA:221,7
DA:224,7
DA:227,9
DA:232,10
DA:233,10
DA:234,10
DA:235,10
DA:236,10
DA:237,10
DA:238,10
DA:239,10
DA:240,10
DA:241,10
DA:242,10
DA:243,10
DA:244,10
DA:245,10
DA:248,10
DA:253,10
DA:258,9
DA:259,9
DA:260,9
DA:261,9
DA:262,9
DA:263,9
DA:264,9
DA:266,9
DA:267,9
DA:268,0
DA:269,0
DA:270,0
DA:271,0
DA:272,0
DA:273,0
DA:276,9
DA:280,0
DA:281,0
DA:282,0
DA:286,9
DA:287,9
DA:288,9
DA:289,9
DA:290,9
DA:293,9
DA:294,9
DA:295,9
DA:296,9
DA:297,9
DA:299,9
DA:300,9
DA:301,9
DA:303,9
DA:304,9
DA:305,9
DA:306,9
DA:307,9
DA:311,7
DA:312,7
DA:313,7
DA:314,7
DA:315,7
DA:316,7
DA:317,7
DA:318,7
DA:320,4
DA:321,4
DA:325,4
DA:328,4
DA:329,4
DA:330,4
DA:332,4
DA:333,4
DA:334,4
DA:335,4
DA:336,4
DA:340,4
DA:341,0
DA:342,0
DA:343,0
DA:344,0
DA:345,0
DA:346,0
DA:347,0
DA:348,0
DA:349,0
DA:352,4
DA:353,4
DA:354,4
DA:355,4
DA:357,4
DA:358,4
DA:359,4
DA:360,4
DA:362,4
DA:363,4
DA:364,4
DA:365,4
DA:366,4
DA:369,2
DA:371,2
DA:373,2
DA:374,2
DA:375,2
DA:376,2
DA:377,2
DA:380,2
DA:383,2
DA:384,2
DA:385,2
DA:387,2
DA:390,1
DA:392,1
DA:393,1
DA:394,1
DA:395,1
DA:397,1
DA:398,1
DA:399,1
DA:400,1
DA:401,1
DA:402,1
DA:403,1
DA:404,1
DA:406,1
DA:407,1
DA:408,1
DA:409,1
DA:410,1
DA:413,1
DA:414,1
DA:415,1
DA:416,1
DA:418,1
DA:421,7
DA:427,7
DA:428,10
DA:429,6
DA:430,3
DA:431,3
DA:433,7
DA:436,7
DA:437,7
DA:438,7
DA:439,7
DA:440,7
DA:441,7
DA:442,7
DA:443,7
DA:447,6
DA:448,6
DA:449,6
DA:450,6
DA:451,6
DA:452,6
DA:453,6
DA:454,6
DA:455,6
DA:458,6
DA:460,6
DA:461,1
DA:462,5
DA:464,5
DA:465,5
DA:466,5
DA:467,5
DA:469,5
DA:470,5
DA:471,5
DA:472,5
DA:474,5
DA:475,6
DA:478,10
DA:479,10
DA:480,10
DA:481,10
DA:482,10
DA:483,10
DA:484,10
DA:485,10
DA:486,10
DA:487,10
DA:488,10
DA:489,10
DA:490,10
DA:491,10
DA:492,10
DA:493,10
DA:496,10
DA:497,10
DA:498,10
DA:499,10
DA:500,10
DA:501,10
DA:502,10
DA:505,10
DA:506,10
DA:507,10
DA:508,10
DA:509,10
DA:510,10
DA:513,10
DA:514,10
DA:515,10
DA:516,10
DA:518,10
DA:519,10
DA:521,24
DA:525,24
DA:526,24
DA:527,24
DA:528,24
DA:531,24
DA:532,24
DA:533,24
DA:534,24
DA:536,24
DA:537,24
DA:538,24
DA:539,24
DA:540,24
DA:541,24
DA:542,24
DA:546,24
DA:547,24
DA:549,1368
DA:550,1368
DA:551,24
DA:552,1344
DA:553,1344
DA:554,1344
DA:557,24
DA:559,24
DA:571,24
DA:572,72
DA:573,72
DA:574,24
DA:575,48
DA:576,48
DA:577,48
DA:579,24
DA:581,24
DA:582,24
DA:584,1392
DA:585,1392
DA:586,1392
DA:597,5
DA:598,5
DA:599,5
DA:600,5
DA:601,5
DA:602,5
DA:603,5
DA:604,5
DA:605,5
DA:606,5
DA:607,5
DA:608,5
DA:609,5
DA:610,5
DA:611,5
DA:612,5
DA:613,5
DA:614,5
DA:615,5
DA:616,5
DA:617,5
DA:618,5
DA:620,5
DA:621,5
DA:622,5
DA:623,5
DA:624,5
DA:625,5
DA:626,5
DA:627,5
DA:628,5
DA:629,5
DA:630,5
DA:631,5
DA:634,1
DA:635,1
DA:636,1
DA:637,1
DA:638,1
DA:639,1
DA:640,1
DA:641,1
DA:642,0
DA:644,1
DA:647,1
DA:648,1
DA:649,1
DA:650,1
DA:651,1
DA:652,1
DA:653,1
DA:654,1
DA:655,1
DA:656,1
DA:657,1
DA:658,1
DA:660,1
DA:662,1
DA:663,1
DA:666,1
DA:669,1
DA:670,1
DA:672,1
DA:673,1
DA:674,1
DA:675,1
DA:679,1
DA:682,1
DA:683,1
DA:684,1
DA:685,1
DA:686,1
DA:687,1
DA:688,1
DA:689,1
DA:690,1
DA:691,1
DA:692,1
DA:693,1
DA:694,1
DA:695,1
DA:696,1
DA:697,1
DA:701,1
DA:704,1
DA:705,1
DA:706,1
DA:707,1
DA:708,1
DA:711,1
DA:712,1
DA:713,1
DA:714,1
DA:715,1
DA:716,1
DA:717,1
DA:718,1
DA:719,1
DA:720,1
DA:721,1
DA:723,1
DA:724,1
DA:725,1
DA:726,1
DA:727,1
DA:730,1
DA:731,1
DA:732,1
DA:733,1
DA:736,1
DA:737,1
DA:738,1
DA:739,1
DA:740,1
DA:741,1
DA:742,1
DA:745,1
DA:747,1
DA:748,1
DA:749,1
DA:750,1
DA:751,1
DA:752,1
DA:754,1
DA:755,1
DA:756,1
DA:757,1
DA:758,1
DA:759,1
DA:760,1
DA:762,1
DA:764,1
DA:765,1
DA:766,1
DA:767,1
DA:769,1
DA:770,1
BRF:0
BRH:0
LF:488
LH:452
end_of_record
SF:/home/lucas/calypso/cli/src/feature_start.rs
FN:218,_RINvNtCsadPz79N6wDl_11calypso_cli13feature_start13start_featureNtB2_27HostFeatureStartEnvironmentEB4_
FN:380,_RINvNtCsadPz79N6wDl_11calypso_cli13feature_start22rollback_local_featureNtB2_27HostFeatureStartEnvironmentEB4_
FN:271,_RNCINvNtCsadPz79N6wDl_11calypso_cli13feature_start13start_featureNtB4_27HostFeatureStartEnvironmentE0B6_
FN:275,_RNCINvNtCsadPz79N6wDl_11calypso_cli13feature_start13start_featureNtB4_27HostFeatureStartEnvironmentEs_0B6_
FN:167,_RNCNvXNtCsadPz79N6wDl_11calypso_cli13feature_startNtB4_27HostFeatureStartEnvironmentNtB4_23FeatureStartEnvironment25create_draft_pull_request0B6_
FN:491,_RNvMs0_NtCsadPz79N6wDl_11calypso_cli13feature_startNtB5_17FeatureStartError3git
FN:498,_RNvMs0_NtCsadPz79N6wDl_11calypso_cli13feature_startNtB5_17FeatureStartError6github
FN:405,_RNvNtCsadPz79N6wDl_11calypso_cli13feature_start10git_output
FN:444,_RNvNtCsadPz79N6wDl_11calypso_cli13feature_start11path_string
FN:374,_RNvNtCsadPz79N6wDl_11calypso_cli13feature_start15default_pr_body
FN:370,_RNvNtCsadPz79N6wDl_11calypso_cli13feature_start16default_pr_title
FN:211,_RNvNtCsadPz79N6wDl_11calypso_cli13feature_start17run_feature_start
FN:390,_RNvNtCsadPz79N6wDl_11calypso_cli13feature_start22parse_pull_request_ref
FN:343,_RNvNtCsadPz79N6wDl_11calypso_cli13feature_start26derive_feature_branch_name
FN:427,_RNvNtCsadPz79N6wDl_11calypso_cli13feature_start6run_gh
FN:410,_RNvNtCsadPz79N6wDl_11calypso_cli13feature_start7run_git
FN:115,_RNvXNtCsadPz79N6wDl_11calypso_cli13feature_startNtB2_27HostFeatureStartEnvironmentNtB2_23FeatureStartEnvironment11path_exists
FN:144,_RNvXNtCsadPz79N6wDl_11calypso_cli13feature_startNtB2_27HostFeatureStartEnvironmentNtB2_23FeatureStartEnvironment11push_branch
FN:102,_RNvXNtCsadPz79N6wDl_11calypso_cli13feature_startNtB2_27HostFeatureStartEnvironmentNtB2_23FeatureStartEnvironment13branch_exists
FN:193,_RNvXNtCsadPz79N6wDl_11calypso_cli13feature_startNtB2_27HostFeatureStartEnvironmentNtB2_23FeatureStartEnvironment13remove_branch
FN:86,_RNvXNtCsadPz79N6wDl_11calypso_cli13feature_startNtB2_27HostFeatureStartEnvironmentNtB2_23FeatureStartEnvironment14current_branch
FN:170,_RNvXNtCsadPz79N6wDl_11calypso_cli13feature_startNtB2_27HostFeatureStartEnvironmentNtB2_23FeatureStartEnvironment15bootstrap_state
FN:127,_RNvXNtCsadPz79N6wDl_11calypso_cli13feature_startNtB2_27HostFeatureStartEnvironmentNtB2_23FeatureStartEnvironment15create_worktree
FN:181,_RNvXNtCsadPz79N6wDl_11calypso_cli13feature_startNtB2_27HostFeatureStartEnvironmentNtB2_23FeatureStartEnvironment15remove_worktree
FN:79,_RNvXNtCsadPz79N6wDl_11calypso_cli13feature_startNtB2_27HostFeatureStartEnvironmentNtB2_23FeatureStartEnvironment17resolve_repo_root
FN:94,_RNvXNtCsadPz79N6wDl_11calypso_cli13feature_startNtB2_27HostFeatureStartEnvironmentNtB2_23FeatureStartEnvironment18main_branch_exists
FN:90,_RNvXNtCsadPz79N6wDl_11calypso_cli13feature_startNtB2_27HostFeatureStartEnvironmentNtB2_23FeatureStartEnvironment21is_working_tree_clean
FN:119,_RNvXNtCsadPz79N6wDl_11calypso_cli13feature_startNtB2_27HostFeatureStartEnvironmentNtB2_23FeatureStartEnvironment23create_branch_from_main
FN:197,_RNvXNtCsadPz79N6wDl_11calypso_cli13feature_startNtB2_27HostFeatureStartEnvironmentNtB2_23FeatureStartEnvironment24update_pull_request_body
FN:148,_RNvXNtCsadPz79N6wDl_11calypso_cli13feature_startNtB2_27HostFeatureStartEnvironmentNtB2_23FeatureStartEnvironment25create_draft_pull_request
FN:507,_RNvXs1_NtCsadPz79N6wDl_11calypso_cli13feature_startNtB5_17FeatureStartErrorNtNtCs3XFJfFEDSOQ_4core3fmt7Display3fmt
FN:453,_RNvXs_NtCsadPz79N6wDl_11calypso_cli13feature_startNtB4_25StaticPullRequestResolverNtNtB6_7runtime19PullRequestResolver18resolve_for_branch
FN:218,_RINvNtCsk43tzqYvrEx_11calypso_cli13feature_start13start_featurepEB4_
FN:380,_RINvNtCsk43tzqYvrEx_11calypso_cli13feature_start22rollback_local_featurepEB4_
FN:271,_RNCINvNtCsk43tzqYvrEx_11calypso_cli13feature_start13start_featurepE0B6_
FN:275,_RNCINvNtCsk43tzqYvrEx_11calypso_cli13feature_start13start_featurepEs_0B6_
FN:167,_RNCNvXNtCsk43tzqYvrEx_11calypso_cli13feature_startNtB4_27HostFeatureStartEnvironmentNtB4_23FeatureStartEnvironment25create_draft_pull_request0B6_
FN:491,_RNvMs0_NtCsk43tzqYvrEx_11calypso_cli13feature_startNtB5_17FeatureStartError3git
FN:498,_RNvMs0_NtCsk43tzqYvrEx_11calypso_cli13feature_startNtB5_17FeatureStartError6github
FN:405,_RNvNtCsk43tzqYvrEx_11calypso_cli13feature_start10git_output
FN:444,_RNvNtCsk43tzqYvrEx_11calypso_cli13feature_start11path_string
FN:374,_RNvNtCsk43tzqYvrEx_11calypso_cli13feature_start15default_pr_body
FN:370,_RNvNtCsk43tzqYvrEx_11calypso_cli13feature_start16default_pr_title
FN:211,_RNvNtCsk43tzqYvrEx_11calypso_cli13feature_start17run_feature_start
FN:390,_RNvNtCsk43tzqYvrEx_11calypso_cli13feature_start22parse_pull_request_ref
FN:343,_RNvNtCsk43tzqYvrEx_11calypso_cli13feature_start26derive_feature_branch_name
FN:427,_RNvNtCsk43tzqYvrEx_11calypso_cli13feature_start6run_gh
FN:410,_RNvNtCsk43tzqYvrEx_11calypso_cli13feature_start7run_git
FN:115,_RNvXNtCsk43tzqYvrEx_11calypso_cli13feature_startNtB2_27HostFeatureStartEnvironmentNtB2_23FeatureStartEnvironment11path_exists
FN:144,_RNvXNtCsk43tzqYvrEx_11calypso_cli13feature_startNtB2_27HostFeatureStartEnvironmentNtB2_23FeatureStartEnvironment11push_branch
FN:102,_RNvXNtCsk43tzqYvrEx_11calypso_cli13feature_startNtB2_27HostFeatureStartEnvironmentNtB2_23FeatureStartEnvironment13branch_exists
FN:193,_RNvXNtCsk43tzqYvrEx_11calypso_cli13feature_startNtB2_27HostFeatureStartEnvironmentNtB2_23FeatureStartEnvironment13remove_branch
FN:86,_RNvXNtCsk43tzqYvrEx_11calypso_cli13feature_startNtB2_27HostFeatureStartEnvironmentNtB2_23FeatureStartEnvironment14current_branch
FN:170,_RNvXNtCsk43tzqYvrEx_11calypso_cli13feature_startNtB2_27HostFeatureStartEnvironmentNtB2_23FeatureStartEnvironment15bootstrap_state
FN:127,_RNvXNtCsk43tzqYvrEx_11calypso_cli13feature_startNtB2_27HostFeatureStartEnvironmentNtB2_23FeatureStartEnvironment15create_worktree
FN:181,_RNvXNtCsk43tzqYvrEx_11calypso_cli13feature_startNtB2_27HostFeatureStartEnvironmentNtB2_23FeatureStartEnvironment15remove_worktree
FN:79,_RNvXNtCsk43tzqYvrEx_11calypso_cli13feature_startNtB2_27HostFeatureStartEnvironmentNtB2_23FeatureStartEnvironment17resolve_repo_root
FN:94,_RNvXNtCsk43tzqYvrEx_11calypso_cli13feature_startNtB2_27HostFeatureStartEnvironmentNtB2_23FeatureStartEnvironment18main_branch_exists
FN:90,_RNvXNtCsk43tzqYvrEx_11calypso_cli13feature_startNtB2_27HostFeatureStartEnvironmentNtB2_23FeatureStartEnvironment21is_working_tree_clean
FN:119,_RNvXNtCsk43tzqYvrEx_11calypso_cli13feature_startNtB2_27HostFeatureStartEnvironmentNtB2_23FeatureStartEnvironment23create_branch_from_main
FN:197,_RNvXNtCsk43tzqYvrEx_11calypso_cli13feature_startNtB2_27HostFeatureStartEnvironmentNtB2_23FeatureStartEnvironment24update_pull_request_body
FN:148,_RNvXNtCsk43tzqYvrEx_11calypso_cli13feature_startNtB2_27HostFeatureStartEnvironmentNtB2_23FeatureStartEnvironment25create_draft_pull_request
FN:507,_RNvXs1_NtCsk43tzqYvrEx_11calypso_cli13feature_startNtB5_17FeatureStartErrorNtNtCs3XFJfFEDSOQ_4core3fmt7Display3fmt
FN:453,_RNvXs_NtCsk43tzqYvrEx_11calypso_cli13feature_startNtB4_25StaticPullRequestResolverNtNtB6_7runtime19PullRequestResolver18resolve_for_branch
FN:218,_RINvNtCsadPz79N6wDl_11calypso_cli13feature_start13start_featureNtCsj1Ao0OnaDNz_13feature_start15FakeEnvironmentEB11_
FN:380,_RINvNtCsadPz79N6wDl_11calypso_cli13feature_start22rollback_local_featureNtCsj1Ao0OnaDNz_13feature_start15FakeEnvironmentEB1a_
FN:271,_RNCINvNtCsadPz79N6wDl_11calypso_cli13feature_start13start_featureNtCsj1Ao0OnaDNz_13feature_start15FakeEnvironmentE0B13_
FN:275,_RNCINvNtCsadPz79N6wDl_11calypso_cli13feature_start13start_featureNtCsj1Ao0OnaDNz_13feature_start15FakeEnvironmentEs_0B13_
FNDA:4,_RINvNtCsadPz79N6wDl_11calypso_cli13feature_start13start_featureNtB2_27HostFeatureStartEnvironmentEB4_
FNDA:1,_RINvNtCsadPz79N6wDl_11calypso_cli13feature_start22rollback_local_featureNtB2_27HostFeatureStartEnvironmentEB4_
FNDA:4,_RNCINvNtCsadPz79N6wDl_11calypso_cli13feature_start13start_featureNtB4_27HostFeatureStartEnvironmentE0B6_
FNDA:4,_RNCINvNtCsadPz79N6wDl_11calypso_cli13feature_start13start_featureNtB4_27HostFeatureStartEnvironmentEs_0B6_
FNDA:0,_RNCNvXNtCsadPz79N6wDl_11calypso_cli13feature_startNtB4_27HostFeatureStartEnvironmentNtB4_23FeatureStartEnvironment25create_draft_pull_request0B6_
FNDA:4,_RNvMs0_NtCsadPz79N6wDl_11calypso_cli13feature_startNtB5_17FeatureStartError3git
FNDA:4,_RNvMs0_NtCsadPz79N6wDl_11calypso_cli13feature_startNtB5_17FeatureStartError6github
FNDA:12,_RNvNtCsadPz79N6wDl_11calypso_cli13feature_start10git_output
FNDA:5,_RNvNtCsadPz79N6wDl_11calypso_cli13feature_start11path_string
FNDA:7,_RNvNtCsadPz79N6wDl_11calypso_cli13feature_start15default_pr_body
FNDA:7,_RNvNtCsadPz79N6wDl_11calypso_cli13feature_start16default_pr_title
FNDA:1,_RNvNtCsadPz79N6wDl_11calypso_cli13feature_start17run_feature_start
FNDA:3,_RNvNtCsadPz79N6wDl_11calypso_cli13feature_start22parse_pull_request_ref
FNDA:15,_RNvNtCsadPz79N6wDl_11calypso_cli13feature_start26derive_feature_branch_name
FNDA:10,_RNvNtCsadPz79N6wDl_11calypso_cli13feature_start6run_gh
FNDA:34,_RNvNtCsadPz79N6wDl_11calypso_cli13feature_start7run_git
FNDA:4,_RNvXNtCsadPz79N6wDl_11calypso_cli13feature_startNtB2_27HostFeatureStartEnvironmentNtB2_23FeatureStartEnvironment11path_exists
FNDA:4,_RNvXNtCsadPz79N6wDl_11calypso_cli13feature_startNtB2_27HostFeatureStartEnvironmentNtB2_23FeatureStartEnvironment11push_branch
FNDA:4,_RNvXNtCsadPz79N6wDl_11calypso_cli13feature_startNtB2_27HostFeatureStartEnvironmentNtB2_23FeatureStartEnvironment13branch_exists
FNDA:1,_RNvXNtCsadPz79N6wDl_11calypso_cli13feature_startNtB2_27HostFeatureStartEnvironmentNtB2_23FeatureStartEnvironment13remove_branch
FNDA:4,_RNvXNtCsadPz79N6wDl_11calypso_cli13feature_startNtB2_27HostFeatureStartEnvironmentNtB2_23FeatureStartEnvironment14current_branch
FNDA:3,_RNvXNtCsadPz79N6wDl_11calypso_cli13feature_startNtB2_27HostFeatureStartEnvironmentNtB2_23FeatureStartEnvironment15bootstrap_state
FNDA:4,_RNvXNtCsadPz79N6wDl_11calypso_cli13feature_startNtB2_27HostFeatureStartEnvironmentNtB2_23FeatureStartEnvironment15create_worktree
FNDA:1,_RNvXNtCsadPz79N6wDl_11calypso_cli13feature_startNtB2_27HostFeatureStartEnvironmentNtB2_23FeatureStartEnvironment15remove_worktree
FNDA:4,_RNvXNtCsadPz79N6wDl_11calypso_cli13feature_startNtB2_27HostFeatureStartEnvironmentNtB2_23FeatureStartEnvironment17resolve_repo_root
FNDA:4,_RNvXNtCsadPz79N6wDl_11calypso_cli13feature_startNtB2_27HostFeatureStartEnvironmentNtB2_23FeatureStartEnvironment18main_branch_exists
FNDA:4,_RNvXNtCsadPz79N6wDl_11calypso_cli13feature_startNtB2_27HostFeatureStartEnvironmentNtB2_23FeatureStartEnvironment21is_working_tree_clean
FNDA:4,_RNvXNtCsadPz79N6wDl_11calypso_cli13feature_startNtB2_27HostFeatureStartEnvironmentNtB2_23FeatureStartEnvironment23create_branch_from_main
FNDA:3,_RNvXNtCsadPz79N6wDl_11calypso_cli13feature_startNtB2_27HostFeatureStartEnvironmentNtB2_23FeatureStartEnvironment24update_pull_request_body
FNDA:4,_RNvXNtCsadPz79N6wDl_11calypso_cli13feature_startNtB2_27HostFeatureStartEnvironmentNtB2_23FeatureStartEnvironment25create_draft_pull_request
FNDA:16,_RNvXs1_NtCsadPz79N6wDl_11calypso_cli13feature_startNtB5_17FeatureStartErrorNtNtCs3XFJfFEDSOQ_4core3fmt7Display3fmt
FNDA:3,_RNvXs_NtCsadPz79N6wDl_11calypso_cli13feature_startNtB4_25StaticPullRequestResolverNtNtB6_7runtime19PullRequestResolver18resolve_for_branch
FNDA:0,_RINvNtCsk43tzqYvrEx_11calypso_cli13feature_start13start_featurepEB4_
FNDA:0,_RINvNtCsk43tzqYvrEx_11calypso_cli13feature_start22rollback_local_featurepEB4_
FNDA:0,_RNCINvNtCsk43tzqYvrEx_11calypso_cli13feature_start13start_featurepE0B6_
FNDA:0,_RNCINvNtCsk43tzqYvrEx_11calypso_cli13feature_start13start_featurepEs_0B6_
FNDA:0,_RNCNvXNtCsk43tzqYvrEx_11calypso_cli13feature_startNtB4_27HostFeatureStartEnvironmentNtB4_23FeatureStartEnvironment25create_draft_pull_request0B6_
FNDA:0,_RNvMs0_NtCsk43tzqYvrEx_11calypso_cli13feature_startNtB5_17FeatureStartError3git
FNDA:0,_RNvMs0_NtCsk43tzqYvrEx_11calypso_cli13feature_startNtB5_17FeatureStartError6github
FNDA:0,_RNvNtCsk43tzqYvrEx_11calypso_cli13feature_start10git_output
FNDA:0,_RNvNtCsk43tzqYvrEx_11calypso_cli13feature_start11path_string
FNDA:0,_RNvNtCsk43tzqYvrEx_11calypso_cli13feature_start15default_pr_body
FNDA:0,_RNvNtCsk43tzqYvrEx_11calypso_cli13feature_start16default_pr_title
FNDA:0,_RNvNtCsk43tzqYvrEx_11calypso_cli13feature_start17run_feature_start
FNDA:0,_RNvNtCsk43tzqYvrEx_11calypso_cli13feature_start22parse_pull_request_ref
FNDA:0,_RNvNtCsk43tzqYvrEx_11calypso_cli13feature_start26derive_feature_branch_name
FNDA:0,_RNvNtCsk43tzqYvrEx_11calypso_cli13feature_start6run_gh
FNDA:0,_RNvNtCsk43tzqYvrEx_11calypso_cli13feature_start7run_git
FNDA:0,_RNvXNtCsk43tzqYvrEx_11calypso_cli13feature_startNtB2_27HostFeatureStartEnvironmentNtB2_23FeatureStartEnvironment11path_exists
FNDA:0,_RNvXNtCsk43tzqYvrEx_11calypso_cli13feature_startNtB2_27HostFeatureStartEnvironmentNtB2_23FeatureStartEnvironment11push_branch
FNDA:0,_RNvXNtCsk43tzqYvrEx_11calypso_cli13feature_startNtB2_27HostFeatureStartEnvironmentNtB2_23FeatureStartEnvironment13branch_exists
FNDA:0,_RNvXNtCsk43tzqYvrEx_11calypso_cli13feature_startNtB2_27HostFeatureStartEnvironmentNtB2_23FeatureStartEnvironment13remove_branch
FNDA:0,_RNvXNtCsk43tzqYvrEx_11calypso_cli13feature_startNtB2_27HostFeatureStartEnvironmentNtB2_23FeatureStartEnvironment14current_branch
FNDA:0,_RNvXNtCsk43tzqYvrEx_11calypso_cli13feature_startNtB2_27HostFeatureStartEnvironmentNtB2_23FeatureStartEnvironment15bootstrap_state
FNDA:0,_RNvXNtCsk43tzqYvrEx_11calypso_cli13feature_startNtB2_27HostFeatureStartEnvironmentNtB2_23FeatureStartEnvironment15create_worktree
FNDA:0,_RNvXNtCsk43tzqYvrEx_11calypso_cli13feature_startNtB2_27HostFeatureStartEnvironmentNtB2_23FeatureStartEnvironment15remove_worktree
FNDA:0,_RNvXNtCsk43tzqYvrEx_11calypso_cli13feature_startNtB2_27HostFeatureStartEnvironmentNtB2_23FeatureStartEnvironment17resolve_repo_root
FNDA:0,_RNvXNtCsk43tzqYvrEx_11calypso_cli13feature_startNtB2_27HostFeatureStartEnvironmentNtB2_23FeatureStartEnvironment18main_branch_exists
FNDA:0,_RNvXNtCsk43tzqYvrEx_11calypso_cli13feature_startNtB2_27HostFeatureStartEnvironmentNtB2_23FeatureStartEnvironment21is_working_tree_clean
FNDA:0,_RNvXNtCsk43tzqYvrEx_11calypso_cli13feature_startNtB2_27HostFeatureStartEnvironmentNtB2_23FeatureStartEnvironment23create_branch_from_main
FNDA:0,_RNvXNtCsk43tzqYvrEx_11calypso_cli13feature_startNtB2_27HostFeatureStartEnvironmentNtB2_23FeatureStartEnvironment24update_pull_request_body
FNDA:0,_RNvXNtCsk43tzqYvrEx_11calypso_cli13feature_startNtB2_27HostFeatureStartEnvironmentNtB2_23FeatureStartEnvironment25create_draft_pull_request
FNDA:0,_RNvXs1_NtCsk43tzqYvrEx_11calypso_cli13feature_startNtB5_17FeatureStartErrorNtNtCs3XFJfFEDSOQ_4core3fmt7Display3fmt
FNDA:0,_RNvXs_NtCsk43tzqYvrEx_11calypso_cli13feature_startNtB4_25StaticPullRequestResolverNtNtB6_7runtime19PullRequestResolver18resolve_for_branch
FNDA:11,_RINvNtCsadPz79N6wDl_11calypso_cli13feature_start13start_featureNtCsj1Ao0OnaDNz_13feature_start15FakeEnvironmentEB11_
FNDA:3,_RINvNtCsadPz79N6wDl_11calypso_cli13feature_start22rollback_local_featureNtCsj1Ao0OnaDNz_13feature_start15FakeEnvironmentEB1a_
FNDA:3,_RNCINvNtCsadPz79N6wDl_11calypso_cli13feature_start13start_featureNtCsj1Ao0OnaDNz_13feature_start15FakeEnvironmentE0B13_
FNDA:3,_RNCINvNtCsadPz79N6wDl_11calypso_cli13feature_start13start_featureNtCsj1Ao0OnaDNz_13feature_start15FakeEnvironmentEs_0B13_
FNF:32
FNH:31
DA:79,4
DA:80,4
DA:81,4
DA:82,4
DA:83,4
DA:84,4
DA:86,4
DA:87,4
DA:88,4
DA:90,4
DA:91,4
DA:92,4
DA:94,4
DA:95,4
DA:96,4
DA:97,4
DA:98,4
DA:99,4
DA:100,4
DA:102,4
DA:103,4
DA:104,4
DA:105,4
DA:106,4
DA:107,4
DA:108,4
DA:109,4
DA:110,4
DA:111,4
DA:112,4
DA:113,4
DA:115,4
DA:116,4
DA:117,4
DA:119,4
DA:120,4
DA:121,4
DA:122,4
DA:123,4
DA:124,4
DA:125,4
DA:127,4
DA:128,4
DA:129,4
DA:130,4
DA:131,4
DA:132,4
DA:133,4
DA:134,4
DA:135,0
DA:137,4
DA:138,4
DA:139,4
DA:141,4
DA:142,4
DA:144,4
DA:145,4
DA:146,4
DA:148,4
DA:149,4
DA:150,4
DA:151,4
DA:152,4
DA:153,4
DA:154,4
DA:155,4
DA:156,4
DA:157,4
DA:158,4
DA:159,4
DA:160,4
DA:161,1
DA:163,3
DA:164,3
DA:165,3
DA:166,0
DA:167,3
DA:168,4
DA:170,3
DA:171,3
DA:172,3
DA:173,3
DA:174,3
DA:175,3
DA:176,3
DA:177,3
DA:178,3
DA:179,3
DA:181,1
DA:182,1
DA:183,1
DA:184,1
DA:185,1
DA:186,1
DA:187,1
DA:188,1
DA:190,1
DA:191,1
DA:193,1
DA:194,1
DA:195,1
DA:197,3
DA:198,3
DA:199,3
DA:200,3
DA:201,3
DA:202,3
DA:203,3
DA:204,3
DA:205,3
DA:207,3
DA:208,3
DA:211,1
DA:212,1
DA:213,1
DA:214,1
DA:215,1
DA:216,1
DA:218,15
DA:219,15
DA:220,15
DA:221,15
DA:222,15
DA:223,15
DA:224,15
DA:226,15
DA:227,1
DA:228,14
DA:230,14
DA:231,1
DA:232,1
DA:233,1
DA:234,1
DA:235,13
DA:237,13
DA:238,1
DA:239,12
DA:241,12
DA:242,1
DA:243,11
DA:245,11
DA:246,11
DA:248,11
DA:249,1
DA:250,10
DA:252,10
DA:253,1
DA:254,9
DA:256,9
DA:258,9
DA:259,1
DA:260,1
DA:261,8
DA:263,8
DA:264,1
DA:265,1
DA:266,7
DA:268,7
DA:269,7
DA:270,7
DA:271,7
DA:272,7
DA:273,7
DA:274,7
DA:275,7
DA:277,7
DA:278,7
DA:279,7
DA:280,7
DA:281,7
DA:282,7
DA:283,5
DA:284,2
DA:285,2
DA:286,2
DA:287,2
DA:288,2
DA:289,2
DA:290,2
DA:291,2
DA:292,2
DA:293,2
DA:294,2
DA:295,2
DA:299,5
DA:300,4
DA:301,1
DA:302,1
DA:303,1
DA:304,1
DA:305,1
DA:306,1
DA:307,1
DA:308,1
DA:309,1
DA:310,1
DA:311,1
DA:312,1
DA:313,1
DA:314,1
DA:315,1
DA:316,1
DA:321,4
DA:323,4
DA:324,4
DA:325,3
DA:327,1
DA:330,4
DA:332,4
DA:333,0
DA:335,4
DA:336,4
DA:337,4
DA:338,4
DA:339,4
DA:340,4
DA:341,15
DA:343,15
DA:344,15
DA:345,15
DA:346,1
DA:347,14
DA:349,14
DA:350,14
DA:352,215
DA:353,215
DA:354,185
DA:355,185
DA:356,185
DA:357,27
DA:358,27
DA:359,27
DA:362,14
DA:363,14
DA:364,1
DA:365,13
DA:367,13
DA:368,15
DA:370,7
DA:371,7
DA:372,7
DA:374,7
DA:375,7
DA:376,7
DA:378,7
DA:380,4
DA:381,4
DA:382,4
DA:383,4
DA:384,4
DA:385,4
DA:386,4
DA:387,4
DA:388,4
DA:390,3
DA:397,3
DA:399,3
DA:400,3
DA:401,3
DA:402,3
DA:403,3
DA:405,12
DA:406,12
DA:407,12
DA:408,12
DA:410,34
DA:411,34
DA:412,34
DA:413,34
DA:414,34
DA:415,34
DA:417,34
DA:418,30
DA:420,4
DA:421,4
DA:422,4
DA:423,4
DA:425,34
DA:427,10
DA:428,10
DA:429,10
DA:430,10
DA:431,10
DA:432,10
DA:434,10
DA:435,4
DA:436,4
DA:437,4
DA:438,4
DA:439,6
DA:441,6
DA:442,10
DA:444,5
DA:445,5
DA:446,5
DA:453,3
DA:454,3
DA:455,3
DA:456,3
DA:457,3
DA:458,3
DA:459,3
DA:491,4
DA:492,4
DA:493,4
DA:494,4
DA:495,4
DA:496,4
DA:498,4
DA:499,4
DA:500,4
DA:501,4
DA:502,4
DA:503,4
DA:507,16
DA:508,16
DA:509,1
DA:510,1
DA:511,1
DA:513,1
DA:515,1
DA:516,1
DA:517,1
DA:521,1
DA:524,1
DA:526,1
DA:527,1
DA:528,1
DA:529,1
DA:532,1
DA:533,1
DA:535,1
DA:536,1
DA:538,2
DA:539,2
DA:541,3
DA:542,3
DA:544,2
DA:545,2
DA:546,2
DA:547,1
DA:548,1
DA:549,2
DA:552,16
BRF:0
BRH:0
LF:347
LH:342
end_of_record
SF:/home/lucas/calypso/cli/src/github.rs
FN:72,_RINvNtCsadPz79N6wDl_11calypso_cli6github21collect_github_reportNtB2_21HostGithubEnvironmentEB4_
FN:47,_RNCNvMs_NtCsadPz79N6wDl_11calypso_cli6githubNtB6_12GithubReport19to_builtin_evidence0B8_
FN:19,_RNvMNtCsadPz79N6wDl_11calypso_cli6githubNtB2_13GithubCheckId11builtin_key
FN:44,_RNvMs_NtCsadPz79N6wDl_11calypso_cli6githubNtB4_12GithubReport19to_builtin_evidence
FN:258,_RNvNtCsadPz79N6wDl_11calypso_cli6github18parse_mergeability
FN:211,_RNvNtCsadPz79N6wDl_11calypso_cli6github19parse_checks_status
FN:197,_RNvNtCsadPz79N6wDl_11calypso_cli6github19parse_review_status
FN:87,_RNvNtCsadPz79N6wDl_11calypso_cli6github20checks_from_snapshot
FN:133,_RNvNtCsadPz79N6wDl_11calypso_cli6github24mergeability_to_evidence
FN:125,_RNvNtCsadPz79N6wDl_11calypso_cli6github25review_status_to_evidence
FN:271,_RNvNtCsadPz79N6wDl_11calypso_cli6github27fetch_pull_request_snapshot
FN:178,_RNvNtCsadPz79N6wDl_11calypso_cli6github28parse_pull_request_view_json
FN:286,_RNvNtCsadPz79N6wDl_11calypso_cli6github40fetch_pull_request_snapshot_with_command
FN:64,_RNvXs0_NtCsadPz79N6wDl_11calypso_cli6githubNtB5_21HostGithubEnvironmentNtB5_17GithubEnvironment21pull_request_snapshot
FN:149,_RNvXs1_NtCsadPz79N6wDl_11calypso_cli6githubNtB5_19GithubSnapshotErrorNtNtCs3XFJfFEDSOQ_4core3fmt7Display3fmt
FN:72,_RINvNtCsk43tzqYvrEx_11calypso_cli6github21collect_github_reportpEB4_
FN:47,_RNCNvMs_NtCsk43tzqYvrEx_11calypso_cli6githubNtB6_12GithubReport19to_builtin_evidence0B8_
FN:19,_RNvMNtCsk43tzqYvrEx_11calypso_cli6githubNtB2_13GithubCheckId11builtin_key
FN:44,_RNvMs_NtCsk43tzqYvrEx_11calypso_cli6githubNtB4_12GithubReport19to_builtin_evidence
FN:87,_RNvNtCsk43tzqYvrEx_11calypso_cli6github20checks_from_snapshot
FN:133,_RNvNtCsk43tzqYvrEx_11calypso_cli6github24mergeability_to_evidence
FN:125,_RNvNtCsk43tzqYvrEx_11calypso_cli6github25review_status_to_evidence
FN:310,_RNvNtNtCsk43tzqYvrEx_11calypso_cli6github5tests13make_temp_dir
FN:384,_RNvNtNtCsk43tzqYvrEx_11calypso_cli6github5testss_38gh_pr_view_parser_rejects_invalid_json
FN:406,_RNvNtNtCsk43tzqYvrEx_11calypso_cli6github5testss_55fetch_pull_request_status_uses_gh_command_for_pr_number
FN:389,_RNvNtNtCsk43tzqYvrEx_11calypso_cli6github5testss_58fetch_pull_request_status_parses_successful_command_output
FN:359,_RNvNtNtCsk43tzqYvrEx_11calypso_cli6github5testss_61fetch_pull_request_status_returns_error_for_failed_gh_command
[...]
FNDA:0,_RNCNvMNtCsk43tzqYvrEx_11calypso_cli8templateNtB4_11TemplateSet12task_by_name0B6_
FNDA:0,_RNCNvMNtCsk43tzqYvrEx_11calypso_cli8templateNtB4_11TemplateSet18validate_coherence0B6_
FNDA:0,_RNCNvMNtCsk43tzqYvrEx_11calypso_cli8templateNtB4_11TemplateSet18validate_coherences0_0B6_
FNDA:0,_RNCNvMNtCsk43tzqYvrEx_11calypso_cli8templateNtB4_11TemplateSet18validate_coherences_0B6_
FNDA:0,_RNCNvNtCsk43tzqYvrEx_11calypso_cli8template29resolve_template_set_for_path0B5_
FNDA:0,_RNCNvNtCsk43tzqYvrEx_11calypso_cli8template29resolve_template_set_for_paths_0B5_
FNDA:0,_RNvMNtCsk43tzqYvrEx_11calypso_cli8templateNtB2_11TemplateSet12task_by_name
FNDA:0,_RNvMNtCsk43tzqYvrEx_11calypso_cli8templateNtB2_11TemplateSet18validate_coherence
FNDA:0,_RNvMNtCsk43tzqYvrEx_11calypso_cli8templateNtB2_11TemplateSet19load_from_directory
FNDA:0,_RNvNtCsk43tzqYvrEx_11calypso_cli8template18merge_yaml_strings
FNDA:0,_RNvNtCsk43tzqYvrEx_11calypso_cli8template26load_embedded_template_set
FNDA:0,_RNvNtCsk43tzqYvrEx_11calypso_cli8template29resolve_template_set_for_path
FNDA:0,_RNvXs_NtCsk43tzqYvrEx_11calypso_cli8templateNtB4_13TemplateErrorNtNtCs3XFJfFEDSOQ_4core3fmt7Display3fmt
FNDA:12,_RNvMNtCsk43tzqYvrEx_11calypso_cli8templateNtB2_11TemplateSet17from_yaml_strings
FNDA:12,_RNvMNtCsk43tzqYvrEx_11calypso_cli8templateNtB2_11TemplateSet8validate
FNDA:15,_RNvNtCsk43tzqYvrEx_11calypso_cli8template20validate_policy_gate
FNDA:12,_RNCNvMNtCsk43tzqYvrEx_11calypso_cli8templateNtB4_11TemplateSet8validate0B6_
FNDA:0,_RNCNvMNtCsk43tzqYvrEx_11calypso_cli8templateNtB4_11TemplateSet8validates0_0B6_
FNDA:0,_RNCNvMNtCsk43tzqYvrEx_11calypso_cli8templateNtB4_11TemplateSet8validates1_0B6_
FNDA:12,_RNCNvMNtCsk43tzqYvrEx_11calypso_cli8templateNtB4_11TemplateSet8validates2_0B6_
FNDA:32,_RNCNvMNtCsk43tzqYvrEx_11calypso_cli8templateNtB4_11TemplateSet8validates3_0B6_
FNDA:0,_RNCNvMNtCsk43tzqYvrEx_11calypso_cli8templateNtB4_11TemplateSet8validates4_0B6_
FNDA:32,_RNCNvMNtCsk43tzqYvrEx_11calypso_cli8templateNtB4_11TemplateSet8validates5_0B6_
FNDA:32,_RNCNvMNtCsk43tzqYvrEx_11calypso_cli8templateNtB4_11TemplateSet8validates_0B6_
FNF:24
FNH:24
DA:26,95
DA:27,95
DA:28,95
DA:29,95
DA:30,95
DA:31,94
DA:32,95
DA:33,94
DA:34,94
DA:37,94
DA:38,74
DA:39,95
DA:46,8
DA:47,8
DA:48,8
DA:49,8
DA:51,8
DA:52,3
DA:53,3
DA:55,5
DA:58,7
DA:59,2
DA:60,1
DA:62,5
DA:65,6
DA:66,2
DA:67,1
DA:69,4
DA:72,5
DA:73,8
DA:75,94
DA:76,94
DA:77,1
DA:78,1
DA:79,1
DA:80,93
DA:82,93
DA:83,93
DA:84,93
DA:85,93
DA:86,100
DA:88,1
DA:89,1
DA:90,1
DA:91,1
DA:92,92
DA:94,92
DA:95,1
DA:96,1
DA:97,1
DA:98,91
DA:100,91
DA:101,91
DA:102,91
DA:103,91
DA:104,994
DA:105,91
DA:107,543
DA:108,458
DA:109,1
DA:110,1
DA:111,1
DA:112,1
DA:113,457
DA:115,1440
DA:116,988
DA:117,2
DA:118,2
DA:119,2
DA:120,2
DA:121,2
DA:123,986
DA:125,81
DA:126,1
DA:127,1
DA:128,1
DA:129,1
DA:130,80
DA:133,743
DA:134,1
DA:135,1
DA:136,1
DA:137,1
DA:138,1
DA:140,742
DA:141,1
DA:142,1
DA:143,1
DA:144,1
DA:145,741
DA:147,162
DA:152,85
DA:153,85
DA:154,85
DA:155,85
DA:156,449
DA:157,980
DA:158,85
DA:160,280
DA:161,205
DA:162,205
DA:163,205
DA:164,1
DA:165,1
DA:166,1
DA:167,1
DA:168,1
DA:170,204
DA:171,204
DA:172,204
DA:174,204
DA:175,1
DA:176,1
DA:177,1
DA:178,1
DA:179,203
DA:181,203
DA:182,203
DA:183,203
DA:184,203
DA:186,203
DA:187,1
DA:188,1
DA:189,1
DA:190,1
DA:191,202
DA:193,202
DA:196,75
DA:197,75
DA:198,75
DA:199,75
DA:200,971
DA:201,75
DA:203,78
DA:204,78
DA:205,1
DA:206,1
DA:207,1
DA:208,1
DA:209,77
DA:212,74
DA:213,94
DA:220,7
DA:221,7
DA:223,7
DA:224,7
DA:225,7
DA:226,7
DA:227,32
DA:228,7
DA:230,7
DA:231,7
DA:232,7
DA:233,7
DA:234,22
DA:235,7
DA:247,24
DA:248,49
DA:249,32
DA:250,1
DA:251,1
DA:252,1
DA:253,1
DA:254,31
DA:257,32
DA:258,81
DA:259,55
DA:260,1
DA:261,1
DA:262,1
DA:263,1
DA:264,54
DA:266,6
DA:269,32
DA:270,1
DA:271,1
DA:272,1
DA:273,1
DA:274,1
DA:275,1
DA:276,31
DA:281,39
DA:282,32
DA:283,20
DA:285,20
DA:286,20
DA:287,60
DA:288,20
DA:289,1
DA:290,1
DA:291,1
DA:292,1
DA:293,19
DA:294,12
DA:298,43
DA:299,36
DA:300,1
DA:301,1
DA:302,1
DA:303,1
DA:304,35
DA:305,36
DA:306,1
DA:307,1
DA:308,1
DA:309,1
DA:310,35
DA:313,7
DA:314,7
DA:316,204
DA:317,2628
DA:318,204
DA:323,5
DA:324,5
DA:325,5
DA:326,4
DA:327,5
DA:329,3
DA:330,4
DA:332,6
DA:333,3
DA:334,3
DA:335,1
DA:337,4
DA:338,5
DA:340,31
DA:341,31
DA:342,31
DA:343,31
DA:344,31
DA:346,31
DA:348,18
DA:349,18
DA:350,18
DA:351,18
DA:353,18
DA:354,18
DA:355,18
DA:356,18
DA:357,18
DA:358,54
DA:360,18
DA:361,15
DA:362,3
DA:364,3
DA:365,1
DA:366,1
DA:367,1
DA:368,1
DA:369,1
DA:370,1
DA:371,3
DA:372,1
DA:374,1
DA:375,1
DA:376,1
DA:377,1
DA:378,2
DA:380,2
DA:381,2
DA:382,2
DA:384,1
DA:385,18
DA:542,25
DA:543,25
DA:544,1
DA:545,1
DA:546,23
DA:548,25
DA:553,202
DA:554,202
DA:555,202
DA:556,161
DA:557,122
DA:558,120
DA:559,1
DA:560,1
DA:561,1
DA:562,1
DA:563,119
DA:565,119
DA:566,1
DA:567,1
DA:568,1
DA:569,1
DA:570,118
DA:572,82
DA:573,41
DA:574,1
DA:575,1
DA:576,1
DA:577,1
DA:578,40
DA:580,40
DA:581,1
DA:582,1
DA:583,1
DA:584,1
DA:585,39
DA:587,41
DA:588,40
DA:589,1
DA:590,1
DA:591,1
DA:592,1
DA:593,39
DA:596,1
DA:597,1
DA:598,1
DA:599,1
DA:603,196
DA:604,1
DA:605,1
DA:606,1
DA:607,1
DA:608,195
DA:610,195
DA:611,202
BRF:0
BRH:0
LF:335
LH:335
end_of_record
SF:/home/lucas/calypso/cli/src/tui.rs
FN:593,_RINvNtCsadPz79N6wDl_11calypso_cli3tui14run_watch_withNvB2_20run_terminal_surfaceEB4_
FN:384,_RINvNtCsadPz79N6wDl_11calypso_cli3tui22run_terminal_iterationNtNtNtCsHIej2QEFI5_3std2io4util4SinkEB4_
FN:598,_RNCINvNtCsadPz79N6wDl_11calypso_cli3tui14run_watch_withNvB4_20run_terminal_surfaceE0B6_
FN:602,_RNCINvNtCsadPz79N6wDl_11calypso_cli3tui14run_watch_withNvB4_20run_terminal_surfaceEs0_0B6_
FN:599,_RNCINvNtCsadPz79N6wDl_11calypso_cli3tui14run_watch_withNvB4_20run_terminal_surfaceEs_0B6_
FN:138,_RNCNCNvMs_NtCsadPz79N6wDl_11calypso_cli3tuiNtB8_15OperatorSurface18from_feature_states0_00Ba_
FN:113,_RNCNCNvMs_NtCsadPz79N6wDl_11calypso_cli3tuiNtB8_15OperatorSurface18from_feature_states_00Ba_
FN:91,_RNCNvMs_NtCsadPz79N6wDl_11calypso_cli3tuiNtB6_15OperatorSurface18from_feature_state0B8_
FN:129,_RNCNvMs_NtCsadPz79N6wDl_11calypso_cli3tuiNtB6_15OperatorSurface18from_feature_states0_0B8_
FN:148,_RNCNvMs_NtCsadPz79N6wDl_11calypso_cli3tuiNtB6_15OperatorSurface18from_feature_states1_0B8_
FN:105,_RNCNvMs_NtCsadPz79N6wDl_11calypso_cli3tuiNtB6_15OperatorSurface18from_feature_states_0B8_
FN:452,_RNCNvNtCsadPz79N6wDl_11calypso_cli3tui15queue_follow_up0B5_
FN:474,_RNCNvNtCsadPz79N6wDl_11calypso_cli3tui20answer_clarification0B5_
FN:502,_RNCNvNtCsadPz79N6wDl_11calypso_cli3tui35pending_clarifications_from_feature0B5_
FN:504,_RNCNvNtCsadPz79N6wDl_11calypso_cli3tui35pending_clarifications_from_features_0B5_
FN:586,_RNCNvNtCsadPz79N6wDl_11calypso_cli3tui9run_watch0B5_
FN:35,_RNvMNtCsadPz79N6wDl_11calypso_cli3tuiNtB2_11InputBuffer4push
FN:52,_RNvMNtCsadPz79N6wDl_11calypso_cli3tuiNtB2_11InputBuffer6as_str
FN:43,_RNvMNtCsadPz79N6wDl_11calypso_cli3tuiNtB2_11InputBuffer6submit
FN:39,_RNvMNtCsadPz79N6wDl_11calypso_cli3tuiNtB2_11InputBuffer9backspace
FN:244,_RNvMs_NtCsadPz79N6wDl_11calypso_cli3tuiNtB4_15OperatorSurface16handle_key_event
FN:82,_RNvMs_NtCsadPz79N6wDl_11calypso_cli3tuiNtB4_15OperatorSurface18from_feature_state
FN:288,_RNvMs_NtCsadPz79N6wDl_11calypso_cli3tuiNtB4_15OperatorSurface27pending_clarification_count
FN:154,_RNvMs_NtCsadPz79N6wDl_11calypso_cli3tuiNtB4_15OperatorSurface6render
FN:532,_RNvNtCsadPz79N6wDl_11calypso_cli3tui14workflow_label
FN:451,_RNvNtCsadPz79N6wDl_11calypso_cli3tui15queue_follow_up
FN:536,_RNvNtCsadPz79N6wDl_11calypso_cli3tui17gate_status_label
FN:564,_RNvNtCsadPz79N6wDl_11calypso_cli3tui19github_review_label
FN:470,_RNvNtCsadPz79N6wDl_11calypso_cli3tui20answer_clarification
FN:336,_RNvNtCsadPz79N6wDl_11calypso_cli3tui20run_terminal_surface
FN:554,_RNvNtCsadPz79N6wDl_11calypso_cli3tui20session_status_label
FN:605,_RNvNtCsadPz79N6wDl_11calypso_cli3tui21evidence_status_label
FN:545,_RNvNtCsadPz79N6wDl_11calypso_cli3tui23gate_group_status_label
FN:572,_RNvNtCsadPz79N6wDl_11calypso_cli3tui25github_mergeability_label
FN:485,_RNvNtCsadPz79N6wDl_11calypso_cli3tui25interrupt_active_sessions
FN:498,_RNvNtCsadPz79N6wDl_11calypso_cli3tui35pending_clarifications_from_feature
FN:585,_RNvNtCsadPz79N6wDl_11calypso_cli3tui9run_watch
FN:593,_RINvNtCsk43tzqYvrEx_11calypso_cli3tui14run_watch_withpEB4_
FN:384,_RINvNtCsk43tzqYvrEx_11calypso_cli3tui22run_terminal_iterationpEB4_
FN:598,_RNCINvNtCsk43tzqYvrEx_11calypso_cli3tui14run_watch_withpE0B6_
FN:602,_RNCINvNtCsk43tzqYvrEx_11calypso_cli3tui14run_watch_withpEs0_0B6_
FN:599,_RNCINvNtCsk43tzqYvrEx_11calypso_cli3tui14run_watch_withpEs_0B6_
FN:138,_RNCNCNvMs_NtCsk43tzqYvrEx_11calypso_cli3tuiNtB8_15OperatorSurface18from_feature_states0_00Ba_
FN:113,_RNCNCNvMs_NtCsk43tzqYvrEx_11calypso_cli3tuiNtB8_15OperatorSurface18from_feature_states_00Ba_
FN:91,_RNCNvMs_NtCsk43tzqYvrEx_11calypso_cli3tuiNtB6_15OperatorSurface18from_feature_state0B8_
FN:129,_RNCNvMs_NtCsk43tzqYvrEx_11calypso_cli3tuiNtB6_15OperatorSurface18from_feature_states0_0B8_
FN:148,_RNCNvMs_NtCsk43tzqYvrEx_11calypso_cli3tuiNtB6_15OperatorSurface18from_feature_states1_0B8_
FN:105,_RNCNvMs_NtCsk43tzqYvrEx_11calypso_cli3tuiNtB6_15OperatorSurface18from_feature_states_0B8_
FN:452,_RNCNvNtCsk43tzqYvrEx_11calypso_cli3tui15queue_follow_up0B5_
FN:474,_RNCNvNtCsk43tzqYvrEx_11calypso_cli3tui20answer_clarification0B5_
FN:502,_RNCNvNtCsk43tzqYvrEx_11calypso_cli3tui35pending_clarifications_from_feature0B5_
FN:504,_RNCNvNtCsk43tzqYvrEx_11calypso_cli3tui35pending_clarifications_from_features_0B5_
FN:586,_RNCNvNtCsk43tzqYvrEx_11calypso_cli3tui9run_watch0B5_
FN:35,_RNvMNtCsk43tzqYvrEx_11calypso_cli3tuiNtB2_11InputBuffer4push
FN:52,_RNvMNtCsk43tzqYvrEx_11calypso_cli3tuiNtB2_11InputBuffer6as_str
FN:43,_RNvMNtCsk43tzqYvrEx_11calypso_cli3tuiNtB2_11InputBuffer6submit
FN:39,_RNvMNtCsk43tzqYvrEx_11calypso_cli3tuiNtB2_11InputBuffer9backspace
FN:244,_RNvMs_NtCsk43tzqYvrEx_11calypso_cli3tuiNtB4_15OperatorSurface16handle_key_event
FN:82,_RNvMs_NtCsk43tzqYvrEx_11calypso_cli3tuiNtB4_15OperatorSurface18from_feature_state
FN:288,_RNvMs_NtCsk43tzqYvrEx_11calypso_cli3tuiNtB4_15OperatorSurface27pending_clarification_count
FN:154,_RNvMs_NtCsk43tzqYvrEx_11calypso_cli3tuiNtB4_15OperatorSurface6render
FN:532,_RNvNtCsk43tzqYvrEx_11calypso_cli3tui14workflow_label
FN:451,_RNvNtCsk43tzqYvrEx_11calypso_cli3tui15queue_follow_up
FN:536,_RNvNtCsk43tzqYvrEx_11calypso_cli3tui17gate_status_label
FN:564,_RNvNtCsk43tzqYvrEx_11calypso_cli3tui19github_review_label
FN:470,_RNvNtCsk43tzqYvrEx_11calypso_cli3tui20answer_clarification
FN:336,_RNvNtCsk43tzqYvrEx_11calypso_cli3tui20run_terminal_surface
FN:554,_RNvNtCsk43tzqYvrEx_11calypso_cli3tui20session_status_label
FN:605,_RNvNtCsk43tzqYvrEx_11calypso_cli3tui21evidence_status_label
FN:545,_RNvNtCsk43tzqYvrEx_11calypso_cli3tui23gate_group_status_label
FN:572,_RNvNtCsk43tzqYvrEx_11calypso_cli3tui25github_mergeability_label
FN:485,_RNvNtCsk43tzqYvrEx_11calypso_cli3tui25interrupt_active_sessions
FN:498,_RNvNtCsk43tzqYvrEx_11calypso_cli3tui35pending_clarifications_from_feature
FN:585,_RNvNtCsk43tzqYvrEx_11calypso_cli3tui9run_watch
FNDA:0,_RINvNtCsadPz79N6wDl_11calypso_cli3tui14run_watch_withNvB2_20run_terminal_surfaceEB4_
FNDA:8,_RINvNtCsadPz79N6wDl_11calypso_cli3tui22run_terminal_iterationNtNtNtCsHIej2QEFI5_3std2io4util4SinkEB4_
FNDA:0,_RNCINvNtCsadPz79N6wDl_11calypso_cli3tui14run_watch_withNvB4_20run_terminal_surfaceE0B6_
FNDA:0,_RNCINvNtCsadPz79N6wDl_11calypso_cli3tui14run_watch_withNvB4_20run_terminal_surfaceEs0_0B6_
FNDA:0,_RNCINvNtCsadPz79N6wDl_11calypso_cli3tui14run_watch_withNvB4_20run_terminal_surfaceEs_0B6_
FNDA:37,_RNCNCNvMs_NtCsadPz79N6wDl_11calypso_cli3tuiNtB8_15OperatorSurface18from_feature_states0_00Ba_
FNDA:47,_RNCNCNvMs_NtCsadPz79N6wDl_11calypso_cli3tuiNtB8_15OperatorSurface18from_feature_states_00Ba_
FNDA:4,_RNCNvMs_NtCsadPz79N6wDl_11calypso_cli3tuiNtB6_15OperatorSurface18from_feature_state0B8_
FNDA:24,_RNCNvMs_NtCsadPz79N6wDl_11calypso_cli3tuiNtB6_15OperatorSurface18from_feature_states0_0B8_
FNDA:24,_RNCNvMs_NtCsadPz79N6wDl_11calypso_cli3tuiNtB6_15OperatorSurface18from_feature_states1_0B8_
FNDA:47,_RNCNvMs_NtCsadPz79N6wDl_11calypso_cli3tuiNtB6_15OperatorSurface18from_feature_states_0B8_
FNDA:4,_RNCNvNtCsadPz79N6wDl_11calypso_cli3tui15queue_follow_up0B5_
FNDA:1,_RNCNvNtCsadPz79N6wDl_11calypso_cli3tui20answer_clarification0B5_
FNDA:3,_RNCNvNtCsadPz79N6wDl_11calypso_cli3tui35pending_clarifications_from_feature0B5_
FNDA:2,_RNCNvNtCsadPz79N6wDl_11calypso_cli3tui35pending_clarifications_from_features_0B5_
FNDA:0,_RNCNvNtCsadPz79N6wDl_11calypso_cli3tui9run_watch0B5_
FNDA:14,_RNvMNtCsadPz79N6wDl_11calypso_cli3tuiNtB2_11InputBuffer4push
FNDA:31,_RNvMNtCsadPz79N6wDl_11calypso_cli3tuiNtB2_11InputBuffer6as_str
FNDA:8,_RNvMNtCsadPz79N6wDl_11calypso_cli3tuiNtB2_11InputBuffer6submit
FNDA:2,_RNvMNtCsadPz79N6wDl_11calypso_cli3tuiNtB2_11InputBuffer9backspace
FNDA:20,_RNvMs_NtCsadPz79N6wDl_11calypso_cli3tuiNtB4_15OperatorSurface16handle_key_event
FNDA:27,_RNvMs_NtCsadPz79N6wDl_11calypso_cli3tuiNtB4_15OperatorSurface18from_feature_state
FNDA:1,_RNvMs_NtCsadPz79N6wDl_11calypso_cli3tuiNtB4_15OperatorSurface27pending_clarification_count
FNDA:29,_RNvMs_NtCsadPz79N6wDl_11calypso_cli3tuiNtB4_15OperatorSurface6render
FNDA:27,_RNvNtCsadPz79N6wDl_11calypso_cli3tui14workflow_label
FNDA:4,_RNvNtCsadPz79N6wDl_11calypso_cli3tui15queue_follow_up
FNDA:47,_RNvNtCsadPz79N6wDl_11calypso_cli3tui17gate_status_label
FNDA:4,_RNvNtCsadPz79N6wDl_11calypso_cli3tui19github_review_label
FNDA:2,_RNvNtCsadPz79N6wDl_11calypso_cli3tui20answer_clarification
FNDA:1,_RNvNtCsadPz79N6wDl_11calypso_cli3tui20run_terminal_surface
FNDA:24,_RNvNtCsadPz79N6wDl_11calypso_cli3tui20session_status_label
FNDA:4,_RNvNtCsadPz79N6wDl_11calypso_cli3tui21evidence_status_label
FNDA:47,_RNvNtCsadPz79N6wDl_11calypso_cli3tui23gate_group_status_label
FNDA:4,_RNvNtCsadPz79N6wDl_11calypso_cli3tui25github_mergeability_label
FNDA:3,_RNvNtCsadPz79N6wDl_11calypso_cli3tui25interrupt_active_sessions
FNDA:27,_RNvNtCsadPz79N6wDl_11calypso_cli3tui35pending_clarifications_from_feature
FNDA:0,_RNvNtCsadPz79N6wDl_11calypso_cli3tui9run_watch
FNDA:0,_RINvNtCsk43tzqYvrEx_11calypso_cli3tui14run_watch_withpEB4_
FNDA:0,_RINvNtCsk43tzqYvrEx_11calypso_cli3tui22run_terminal_iterationpEB4_
FNDA:0,_RNCINvNtCsk43tzqYvrEx_11calypso_cli3tui14run_watch_withpE0B6_
FNDA:0,_RNCINvNtCsk43tzqYvrEx_11calypso_cli3tui14run_watch_withpEs0_0B6_
FNDA:0,_RNCINvNtCsk43tzqYvrEx_11calypso_cli3tui14run_watch_withpEs_0B6_
FNDA:0,_RNCNCNvMs_NtCsk43tzqYvrEx_11calypso_cli3tuiNtB8_15OperatorSurface18from_feature_states0_00Ba_
FNDA:0,_RNCNCNvMs_NtCsk43tzqYvrEx_11calypso_cli3tuiNtB8_15OperatorSurface18from_feature_states_00Ba_
FNDA:0,_RNCNvMs_NtCsk43tzqYvrEx_11calypso_cli3tuiNtB6_15OperatorSurface18from_feature_state0B8_
FNDA:0,_RNCNvMs_NtCsk43tzqYvrEx_11calypso_cli3tuiNtB6_15OperatorSurface18from_feature_states0_0B8_
FNDA:0,_RNCNvMs_NtCsk43tzqYvrEx_11calypso_cli3tuiNtB6_15OperatorSurface18from_feature_states1_0B8_
FNDA:0,_RNCNvMs_NtCsk43tzqYvrEx_11calypso_cli3tuiNtB6_15OperatorSurface18from_feature_states_0B8_
FNDA:0,_RNCNvNtCsk43tzqYvrEx_11calypso_cli3tui15queue_follow_up0B5_
FNDA:0,_RNCNvNtCsk43tzqYvrEx_11calypso_cli3tui20answer_clarification0B5_
FNDA:0,_RNCNvNtCsk43tzqYvrEx_11calypso_cli3tui35pending_clarifications_from_feature0B5_
FNDA:0,_RNCNvNtCsk43tzqYvrEx_11calypso_cli3tui35pending_clarifications_from_features_0B5_
FNDA:0,_RNCNvNtCsk43tzqYvrEx_11calypso_cli3tui9run_watch0B5_
FNDA:0,_RNvMNtCsk43tzqYvrEx_11calypso_cli3tuiNtB2_11InputBuffer4push
FNDA:0,_RNvMNtCsk43tzqYvrEx_11calypso_cli3tuiNtB2_11InputBuffer6as_str
FNDA:0,_RNvMNtCsk43tzqYvrEx_11calypso_cli3tuiNtB2_11InputBuffer6submit
FNDA:0,_RNvMNtCsk43tzqYvrEx_11calypso_cli3tuiNtB2_11InputBuffer9backspace
FNDA:0,_RNvMs_NtCsk43tzqYvrEx_11calypso_cli3tuiNtB4_15OperatorSurface16handle_key_event
FNDA:0,_RNvMs_NtCsk43tzqYvrEx_11calypso_cli3tuiNtB4_15OperatorSurface18from_feature_state
FNDA:0,_RNvMs_NtCsk43tzqYvrEx_11calypso_cli3tuiNtB4_15OperatorSurface27pending_clarification_count
FNDA:0,_RNvMs_NtCsk43tzqYvrEx_11calypso_cli3tuiNtB4_15OperatorSurface6render
FNDA:0,_RNvNtCsk43tzqYvrEx_11calypso_cli3tui14workflow_label
FNDA:0,_RNvNtCsk43tzqYvrEx_11calypso_cli3tui15queue_follow_up
FNDA:0,_RNvNtCsk43tzqYvrEx_11calypso_cli3tui17gate_status_label
FNDA:0,_RNvNtCsk43tzqYvrEx_11calypso_cli3tui19github_review_label
FNDA:0,_RNvNtCsk43tzqYvrEx_11calypso_cli3tui20answer_clarification
FNDA:0,_RNvNtCsk43tzqYvrEx_11calypso_cli3tui20run_terminal_surface
FNDA:0,_RNvNtCsk43tzqYvrEx_11calypso_cli3tui20session_status_label
FNDA:0,_RNvNtCsk43tzqYvrEx_11calypso_cli3tui21evidence_status_label
FNDA:0,_RNvNtCsk43tzqYvrEx_11calypso_cli3tui23gate_group_status_label
FNDA:0,_RNvNtCsk43tzqYvrEx_11calypso_cli3tui25github_mergeability_label
FNDA:0,_RNvNtCsk43tzqYvrEx_11calypso_cli3tui25interrupt_active_sessions
FNDA:0,_RNvNtCsk43tzqYvrEx_11calypso_cli3tui35pending_clarifications_from_feature
FNDA:0,_RNvNtCsk43tzqYvrEx_11calypso_cli3tui9run_watch
FNF:37
FNH:31
DA:35,14
DA:36,14
DA:37,14
DA:39,2
DA:40,2
DA:41,2
DA:43,8
DA:44,8
DA:45,3
DA:46,3
DA:48,5
DA:50,8
DA:52,31
DA:53,31
DA:54,31
DA:82,27
DA:83,27
DA:86,27
DA:87,27
DA:88,27
DA:89,27
DA:90,27
DA:91,4
DA:92,1
DA:94,3
DA:96,4
DA:97,4
DA:98,4
DA:99,4
DA:100,27
DA:101,27
DA:102,27
DA:103,27
DA:104,27
DA:105,47
DA:106,47
DA:108,47
DA:109,47
DA:110,47
DA:111,47
DA:112,47
DA:113,47
DA:114,47
DA:115,47
DA:116,47
DA:117,47
DA:118,47
DA:119,47
DA:120,47
DA:121,47
DA:123,47
DA:124,27
DA:125,27
DA:126,27
DA:127,27
DA:128,27
DA:129,24
DA:130,24
DA:131,24
DA:132,24
DA:133,3
DA:135,21
DA:136,21
DA:137,21
DA:138,37
DA:139,21
DA:141,24
DA:142,27
DA:143,27
DA:144,27
DA:145,27
DA:146,27
DA:147,27
DA:148,27
DA:149,27
DA:150,27
DA:152,27
DA:154,29
DA:155,29
DA:156,29
DA:157,29
DA:158,29
DA:159,29
DA:160,29
DA:161,29
DA:162,29
DA:163,29
DA:164,29
DA:165,29
DA:166,11
DA:168,18
DA:171,29
DA:172,29
DA:175,29
DA:176,4
DA:177,4
DA:178,4
DA:179,4
DA:180,4
DA:181,4
DA:182,25
DA:183,1
DA:184,1
DA:185,1
DA:186,24
DA:188,76
DA:189,47
DA:190,94
DA:191,47
DA:192,47
DA:193,47
DA:200,29
DA:201,1
DA:202,1
DA:203,2
DA:204,1
DA:205,1
DA:206,1
DA:207,1
DA:208,1
DA:209,28
DA:211,29
DA:212,29
DA:214,29
DA:215,3
DA:216,3
DA:217,52
DA:218,26
DA:219,26
DA:222,66
DA:223,40
DA:224,40
DA:228,29
DA:230,29
DA:231,1
DA:232,1
DA:233,1
DA:234,1
DA:235,28
DA:236,28
DA:237,28
DA:239,29
DA:241,29
DA:242,29
DA:244,20
DA:246,20
DA:247,2
DA:248,2
DA:249,18
DA:251,18
DA:252,9
DA:253,9
DA:254,9
DA:255,9
DA:258,1
DA:259,1
DA:260,1
DA:262,5
DA:263,4
DA:264,4
DA:266,1
DA:267,1
DA:268,1
DA:269,1
DA:271,3
DA:275,1
DA:276,1
DA:280,2
DA:281,2
DA:283,1
DA:285,20
DA:288,1
DA:289,1
DA:290,1
DA:336,1
DA:337,1
DA:338,1
DA:339,1
DA:340,1
DA:341,1
DA:342,1
DA:343,1
DA:344,1
DA:345,1
DA:346,1
DA:347,1
DA:348,1
DA:350,1
DA:351,1
DA:352,1
DA:353,1
DA:354,1
DA:355,1
DA:356,1
DA:357,1
DA:359,1
DA:360,1
DA:361,1
DA:362,1
DA:363,1
DA:384,8
DA:385,8
DA:386,8
DA:387,8
DA:388,8
DA:389,8
DA:390,8
DA:391,8
DA:392,8
DA:394,8
DA:395,7
DA:396,3
DA:397,2
DA:398,2
DA:399,2
DA:400,2
DA:401,1
DA:403,1
DA:406,0
DA:407,0
DA:408,0
DA:409,0
DA:410,0
DA:411,1
DA:412,1
DA:413,1
DA:414,1
DA:415,1
DA:416,1
DA:418,1
DA:420,7
DA:421,8
DA:451,4
DA:452,4
DA:453,2
DA:454,4
DA:457,4
DA:458,2
DA:459,2
DA:461,2
DA:463,4
DA:470,2
DA:471,2
DA:472,2
DA:473,2
DA:474,2
DA:476,1
DA:477,1
DA:479,1
DA:481,2
DA:485,3
DA:486,4
DA:487,2
DA:488,4
DA:490,2
DA:491,2
DA:492,2
DA:493,2
DA:495,3
DA:498,27
DA:499,27
DA:500,27
DA:501,27
DA:502,27
DA:503,27
DA:504,2
DA:505,2
DA:506,2
DA:507,27
DA:508,27
DA:532,27
DA:533,27
DA:534,27
DA:536,47
DA:537,47
DA:538,8
DA:539,20
DA:540,13
DA:541,6
DA:543,47
DA:545,47
DA:546,47
DA:547,20
DA:548,8
DA:549,6
DA:550,13
DA:552,47
DA:554,24
DA:555,24
DA:556,16
DA:557,3
DA:558,3
DA:559,1
DA:560,1
DA:562,24
DA:564,4
DA:565,4
DA:566,2
DA:567,1
DA:568,1
DA:570,4
DA:572,4
DA:573,4
DA:574,1
DA:575,1
DA:576,1
DA:577,1
DA:579,4
DA:585,0
DA:586,0
DA:587,0
DA:588,0
DA:590,0
DA:593,0
DA:594,0
DA:595,0
DA:597,0
DA:598,0
DA:599,0
DA:600,0
DA:601,0
DA:602,0
DA:603,0
DA:605,4
DA:606,4
DA:607,1
DA:608,1
DA:609,1
DA:610,1
DA:612,4
BRF:0
BRH:0
LF:341
LH:317
end_of_record