SF:/home/lucas/calypso/.claude/worktrees/agent-a62ed768/cli/src/app.rs
FN:73,_RNCNCNvNtCsadPz79N6wDl_11calypso_cli3app10run_statuss2_00B7_
FN:491,_RNCNCNvNtCsadPz79N6wDl_11calypso_cli3app18agents_json_report00B7_
FN:313,_RNCNCNvNtCsadPz79N6wDl_11calypso_cli3app18doctor_json_report00B7_
FN:379,_RNCNCNvNtCsadPz79N6wDl_11calypso_cli3app24state_status_json_report00B7_
FN:22,_RNCNvNtCsadPz79N6wDl_11calypso_cli3app10run_doctor0B5_
FN:30,_RNCNvNtCsadPz79N6wDl_11calypso_cli3app10run_status0B5_
FN:57,_RNCNvNtCsadPz79N6wDl_11calypso_cli3app10run_statuss0_0B5_
FN:65,_RNCNvNtCsadPz79N6wDl_11calypso_cli3app10run_statuss1_0B5_
FN:70,_RNCNvNtCsadPz79N6wDl_11calypso_cli3app10run_statuss2_0B5_
FN:54,_RNCNvNtCsadPz79N6wDl_11calypso_cli3app10run_statuss_0B5_
FN:252,_RNCNvNtCsadPz79N6wDl_11calypso_cli3app11run_command0B5_
FN:266,_RNCNvNtCsadPz79N6wDl_11calypso_cli3app11run_commands0_0B5_
FN:265,_RNCNvNtCsadPz79N6wDl_11calypso_cli3app11run_commands_0B5_
FN:506,_RNCNvNtCsadPz79N6wDl_11calypso_cli3app15run_agents_json0B5_
FN:508,_RNCNvNtCsadPz79N6wDl_11calypso_cli3app15run_agents_jsons_0B5_
FN:334,_RNCNvNtCsadPz79N6wDl_11calypso_cli3app15run_doctor_json0B5_
FN:551,_RNCNvNtCsadPz79N6wDl_11calypso_cli3app16run_agents_plain0B5_
FN:488,_RNCNvNtCsadPz79N6wDl_11calypso_cli3app18agents_json_report0B5_
FN:305,_RNCNvNtCsadPz79N6wDl_11calypso_cli3app18doctor_json_report0B5_
FN:318,_RNCNvNtCsadPz79N6wDl_11calypso_cli3app18doctor_json_reports_0B5_
FN:571,_RNCNvNtCsadPz79N6wDl_11calypso_cli3app18run_workflows_show0B5_
FN:572,_RNCNvNtCsadPz79N6wDl_11calypso_cli3app18run_workflows_shows_0B5_
FN:101,_RNCNvNtCsadPz79N6wDl_11calypso_cli3app21render_feature_status0B5_
FN:102,_RNCNvNtCsadPz79N6wDl_11calypso_cli3app21render_feature_statuss_0B5_
FN:410,_RNCNvNtCsadPz79N6wDl_11calypso_cli3app21run_state_status_json0B5_
FN:412,_RNCNvNtCsadPz79N6wDl_11calypso_cli3app21run_state_status_jsons_0B5_
FN:464,_RNCNvNtCsadPz79N6wDl_11calypso_cli3app22run_state_status_plain0B5_
FN:578,_RNCNvNtCsadPz79N6wDl_11calypso_cli3app22run_workflows_validate0B5_
FN:581,_RNCNvNtCsadPz79N6wDl_11calypso_cli3app22run_workflows_validates0_0B5_
FN:580,_RNCNvNtCsadPz79N6wDl_11calypso_cli3app22run_workflows_validates_0B5_
FN:363,_RNCNvNtCsadPz79N6wDl_11calypso_cli3app24state_status_json_report0B5_
FN:204,_RNCNvNtCsadPz79N6wDl_11calypso_cli3app41resolve_current_pull_request_with_program0B5_
FN:21,_RNvNtCsadPz79N6wDl_11calypso_cli3app10run_doctor
FN:28,_RNvNtCsadPz79N6wDl_11calypso_cli3app10run_status
FN:247,_RNvNtCsadPz79N6wDl_11calypso_cli3app11run_command
FN:512,_RNvNtCsadPz79N6wDl_11calypso_cli3app13render_agents
FN:349,_RNvNtCsadPz79N6wDl_11calypso_cli3app15gate_status_str
FN:503,_RNvNtCsadPz79N6wDl_11calypso_cli3app15run_agents_json
FN:333,_RNvNtCsadPz79N6wDl_11calypso_cli3app15run_doctor_json
FN:472,_RNvNtCsadPz79N6wDl_11calypso_cli3app16agent_status_str
FN:165,_RNvNtCsadPz79N6wDl_11calypso_cli3app16checklist_marker
FN:548,_RNvNtCsadPz79N6wDl_11calypso_cli3app16run_agents_plain
FN:169,_RNvNtCsadPz79N6wDl_11calypso_cli3app17gate_status_label
FN:178,_RNvNtCsadPz79N6wDl_11calypso_cli3app17resolve_repo_root
FN:483,_RNvNtCsadPz79N6wDl_11calypso_cli3app18agents_json_report
FN:300,_RNvNtCsadPz79N6wDl_11calypso_cli3app18doctor_json_report
FN:560,_RNvNtCsadPz79N6wDl_11calypso_cli3app18run_workflows_list
FN:569,_RNvNtCsadPz79N6wDl_11calypso_cli3app18run_workflows_show
FN:269,_RNvNtCsadPz79N6wDl_11calypso_cli3app19github_review_label
FN:416,_RNvNtCsadPz79N6wDl_11calypso_cli3app19render_state_status
FN:286,_RNvNtCsadPz79N6wDl_11calypso_cli3app21evidence_status_label
FN:88,_RNvNtCsadPz79N6wDl_11calypso_cli3app21render_feature_status
FN:407,_RNvNtCsadPz79N6wDl_11calypso_cli3app21run_state_status_json
FN:537,_RNvNtCsadPz79N6wDl_11calypso_cli3app21session_display_parts
FN:226,_RNvNtCsadPz79N6wDl_11calypso_cli3app22parse_pull_request_ref
FN:185,_RNvNtCsadPz79N6wDl_11calypso_cli3app22resolve_current_branch
FN:461,_RNvNtCsadPz79N6wDl_11calypso_cli3app22run_state_status_plain
FN:576,_RNvNtCsadPz79N6wDl_11calypso_cli3app22run_workflows_validate
FN:215,_RNvNtCsadPz79N6wDl_11calypso_cli3app24missing_pull_request_ref
FN:359,_RNvNtCsadPz79N6wDl_11calypso_cli3app24state_status_json_report
FN:277,_RNvNtCsadPz79N6wDl_11calypso_cli3app25github_mergeability_label
FN:192,_RNvNtCsadPz79N6wDl_11calypso_cli3app28resolve_current_pull_request
FN:222,_RNvNtCsadPz79N6wDl_11calypso_cli3app29missing_pull_request_evidence
FN:196,_RNvNtCsadPz79N6wDl_11calypso_cli3app41resolve_current_pull_request_with_program
FN:252,_RNCNvNtCsk43tzqYvrEx_11calypso_cli3app11run_command0B5_
FN:266,_RNCNvNtCsk43tzqYvrEx_11calypso_cli3app11run_commands0_0B5_
FN:265,_RNCNvNtCsk43tzqYvrEx_11calypso_cli3app11run_commands_0B5_
FN:73,_RNCNCNvNtCsk43tzqYvrEx_11calypso_cli3app10run_statuss2_00B7_
FN:491,_RNCNCNvNtCsk43tzqYvrEx_11calypso_cli3app18agents_json_report00B7_
FN:313,_RNCNCNvNtCsk43tzqYvrEx_11calypso_cli3app18doctor_json_report00B7_
FN:379,_RNCNCNvNtCsk43tzqYvrEx_11calypso_cli3app24state_status_json_report00B7_
FN:22,_RNCNvNtCsk43tzqYvrEx_11calypso_cli3app10run_doctor0B5_
FN:30,_RNCNvNtCsk43tzqYvrEx_11calypso_cli3app10run_status0B5_
FN:57,_RNCNvNtCsk43tzqYvrEx_11calypso_cli3app10run_statuss0_0B5_
FN:65,_RNCNvNtCsk43tzqYvrEx_11calypso_cli3app10run_statuss1_0B5_
FN:70,_RNCNvNtCsk43tzqYvrEx_11calypso_cli3app10run_statuss2_0B5_
FN:54,_RNCNvNtCsk43tzqYvrEx_11calypso_cli3app10run_statuss_0B5_
FN:506,_RNCNvNtCsk43tzqYvrEx_11calypso_cli3app15run_agents_json0B5_
FN:508,_RNCNvNtCsk43tzqYvrEx_11calypso_cli3app15run_agents_jsons_0B5_
FN:334,_RNCNvNtCsk43tzqYvrEx_11calypso_cli3app15run_doctor_json0B5_
FN:551,_RNCNvNtCsk43tzqYvrEx_11calypso_cli3app16run_agents_plain0B5_
FN:488,_RNCNvNtCsk43tzqYvrEx_11calypso_cli3app18agents_json_report0B5_
FN:305,_RNCNvNtCsk43tzqYvrEx_11calypso_cli3app18doctor_json_report0B5_
FN:318,_RNCNvNtCsk43tzqYvrEx_11calypso_cli3app18doctor_json_reports_0B5_
FN:571,_RNCNvNtCsk43tzqYvrEx_11calypso_cli3app18run_workflows_show0B5_
FN:572,_RNCNvNtCsk43tzqYvrEx_11calypso_cli3app18run_workflows_shows_0B5_
FN:101,_RNCNvNtCsk43tzqYvrEx_11calypso_cli3app21render_feature_status0B5_
FN:102,_RNCNvNtCsk43tzqYvrEx_11calypso_cli3app21render_feature_statuss_0B5_
FN:410,_RNCNvNtCsk43tzqYvrEx_11calypso_cli3app21run_state_status_json0B5_
FN:412,_RNCNvNtCsk43tzqYvrEx_11calypso_cli3app21run_state_status_jsons_0B5_
FN:464,_RNCNvNtCsk43tzqYvrEx_11calypso_cli3app22run_state_status_plain0B5_
FN:578,_RNCNvNtCsk43tzqYvrEx_11calypso_cli3app22run_workflows_validate0B5_
FN:581,_RNCNvNtCsk43tzqYvrEx_11calypso_cli3app22run_workflows_validates0_0B5_
FN:580,_RNCNvNtCsk43tzqYvrEx_11calypso_cli3app22run_workflows_validates_0B5_
FN:363,_RNCNvNtCsk43tzqYvrEx_11calypso_cli3app24state_status_json_report0B5_
FN:204,_RNCNvNtCsk43tzqYvrEx_11calypso_cli3app41resolve_current_pull_request_with_program0B5_
FN:21,_RNvNtCsk43tzqYvrEx_11calypso_cli3app10run_doctor
FN:28,_RNvNtCsk43tzqYvrEx_11calypso_cli3app10run_status
FN:512,_RNvNtCsk43tzqYvrEx_11calypso_cli3app13render_agents
FN:349,_RNvNtCsk43tzqYvrEx_11calypso_cli3app15gate_status_str
FN:503,_RNvNtCsk43tzqYvrEx_11calypso_cli3app15run_agents_json
FN:333,_RNvNtCsk43tzqYvrEx_11calypso_cli3app15run_doctor_json
FN:472,_RNvNtCsk43tzqYvrEx_11calypso_cli3app16agent_status_str
FN:165,_RNvNtCsk43tzqYvrEx_11calypso_cli3app16checklist_marker
FN:548,_RNvNtCsk43tzqYvrEx_11calypso_cli3app16run_agents_plain
FN:483,_RNvNtCsk43tzqYvrEx_11calypso_cli3app18agents_json_report
FN:300,_RNvNtCsk43tzqYvrEx_11calypso_cli3app18doctor_json_report
FN:560,_RNvNtCsk43tzqYvrEx_11calypso_cli3app18run_workflows_list
FN:569,_RNvNtCsk43tzqYvrEx_11calypso_cli3app18run_workflows_show
FN:269,_RNvNtCsk43tzqYvrEx_11calypso_cli3app19github_review_label
FN:416,_RNvNtCsk43tzqYvrEx_11calypso_cli3app19render_state_status
FN:286,_RNvNtCsk43tzqYvrEx_11calypso_cli3app21evidence_status_label
FN:88,_RNvNtCsk43tzqYvrEx_11calypso_cli3app21render_feature_status
FN:407,_RNvNtCsk43tzqYvrEx_11calypso_cli3app21run_state_status_json
FN:537,_RNvNtCsk43tzqYvrEx_11calypso_cli3app21session_display_parts
FN:226,_RNvNtCsk43tzqYvrEx_11calypso_cli3app22parse_pull_request_ref
FN:185,_RNvNtCsk43tzqYvrEx_11calypso_cli3app22resolve_current_branch
FN:461,_RNvNtCsk43tzqYvrEx_11calypso_cli3app22run_state_status_plain
FN:576,_RNvNtCsk43tzqYvrEx_11calypso_cli3app22run_workflows_validate
FN:215,_RNvNtCsk43tzqYvrEx_11calypso_cli3app24missing_pull_request_ref
FN:359,_RNvNtCsk43tzqYvrEx_11calypso_cli3app24state_status_json_report
FN:277,_RNvNtCsk43tzqYvrEx_11calypso_cli3app25github_mergeability_label
FN:192,_RNvNtCsk43tzqYvrEx_11calypso_cli3app28resolve_current_pull_request
FN:222,_RNvNtCsk43tzqYvrEx_11calypso_cli3app29missing_pull_request_evidence
FN:196,_RNvNtCsk43tzqYvrEx_11calypso_cli3app41resolve_current_pull_request_with_program
FN:247,_RNvNtCsk43tzqYvrEx_11calypso_cli3app11run_command
FN:169,_RNvNtCsk43tzqYvrEx_11calypso_cli3app17gate_status_label
FN:178,_RNvNtCsk43tzqYvrEx_11calypso_cli3app17resolve_repo_root
FNDA:1,_RNCNCNvNtCsadPz79N6wDl_11calypso_cli3app10run_statuss2_00B7_
FNDA:4,_RNCNCNvNtCsadPz79N6wDl_11calypso_cli3app18agents_json_report00B7_
FNDA:0,_RNCNCNvNtCsadPz79N6wDl_11calypso_cli3app18doctor_json_report00B7_
FNDA:10,_RNCNCNvNtCsadPz79N6wDl_11calypso_cli3app24state_status_json_report00B7_
FNDA:5,_RNCNvNtCsadPz79N6wDl_11calypso_cli3app10run_doctor0B5_
FNDA:2,_RNCNvNtCsadPz79N6wDl_11calypso_cli3app10run_status0B5_
FNDA:1,_RNCNvNtCsadPz79N6wDl_11calypso_cli3app10run_statuss0_0B5_
FNDA:1,_RNCNvNtCsadPz79N6wDl_11calypso_cli3app10run_statuss1_0B5_
FNDA:1,_RNCNvNtCsadPz79N6wDl_11calypso_cli3app10run_statuss2_0B5_
FNDA:1,_RNCNvNtCsadPz79N6wDl_11calypso_cli3app10run_statuss_0B5_
FNDA:2,_RNCNvNtCsadPz79N6wDl_11calypso_cli3app11run_command0B5_
FNDA:0,_RNCNvNtCsadPz79N6wDl_11calypso_cli3app11run_commands0_0B5_
FNDA:14,_RNCNvNtCsadPz79N6wDl_11calypso_cli3app11run_commands_0B5_
FNDA:1,_RNCNvNtCsadPz79N6wDl_11calypso_cli3app15run_agents_json0B5_
FNDA:0,_RNCNvNtCsadPz79N6wDl_11calypso_cli3app15run_agents_jsons_0B5_
FNDA:0,_RNCNvNtCsadPz79N6wDl_11calypso_cli3app15run_doctor_json0B5_
FNDA:0,_RNCNvNtCsadPz79N6wDl_11calypso_cli3app16run_agents_plain0B5_
FNDA:5,_RNCNvNtCsadPz79N6wDl_11calypso_cli3app18agents_json_report0B5_
FNDA:8,_RNCNvNtCsadPz79N6wDl_11calypso_cli3app18doctor_json_report0B5_
FNDA:8,_RNCNvNtCsadPz79N6wDl_11calypso_cli3app18doctor_json_reports_0B5_
FNDA:0,_RNCNvNtCsadPz79N6wDl_11calypso_cli3app18run_workflows_show0B5_
FNDA:0,_RNCNvNtCsadPz79N6wDl_11calypso_cli3app18run_workflows_shows_0B5_
FNDA:6,_RNCNvNtCsadPz79N6wDl_11calypso_cli3app21render_feature_status0B5_
FNDA:2,_RNCNvNtCsadPz79N6wDl_11calypso_cli3app21render_feature_statuss_0B5_
FNDA:1,_RNCNvNtCsadPz79N6wDl_11calypso_cli3app21run_state_status_json0B5_
FNDA:0,_RNCNvNtCsadPz79N6wDl_11calypso_cli3app21run_state_status_jsons_0B5_
FNDA:0,_RNCNvNtCsadPz79N6wDl_11calypso_cli3app22run_state_status_plain0B5_
FNDA:0,_RNCNvNtCsadPz79N6wDl_11calypso_cli3app22run_workflows_validate0B5_
FNDA:0,_RNCNvNtCsadPz79N6wDl_11calypso_cli3app22run_workflows_validates0_0B5_
FNDA:0,_RNCNvNtCsadPz79N6wDl_11calypso_cli3app22run_workflows_validates_0B5_
FNDA:10,_RNCNvNtCsadPz79N6wDl_11calypso_cli3app24state_status_json_report0B5_
FNDA:1,_RNCNvNtCsadPz79N6wDl_11calypso_cli3app41resolve_current_pull_request_with_program0B5_
FNDA:6,_RNvNtCsadPz79N6wDl_11calypso_cli3app10run_doctor
FNDA:4,_RNvNtCsadPz79N6wDl_11calypso_cli3app10run_status
FNDA:30,_RNvNtCsadPz79N6wDl_11calypso_cli3app11run_command
FNDA:0,_RNvNtCsadPz79N6wDl_11calypso_cli3app13render_agents
FNDA:10,_RNvNtCsadPz79N6wDl_11calypso_cli3app15gate_status_str
FNDA:1,_RNvNtCsadPz79N6wDl_11calypso_cli3app15run_agents_json
FNDA:0,_RNvNtCsadPz79N6wDl_11calypso_cli3app15run_doctor_json
FNDA:5,_RNvNtCsadPz79N6wDl_11calypso_cli3app16agent_status_str
FNDA:57,_RNvNtCsadPz79N6wDl_11calypso_cli3app16checklist_marker
FNDA:0,_RNvNtCsadPz79N6wDl_11calypso_cli3app16run_agents_plain
FNDA:58,_RNvNtCsadPz79N6wDl_11calypso_cli3app17gate_status_label
FNDA:15,_RNvNtCsadPz79N6wDl_11calypso_cli3app17resolve_repo_root
FNDA:5,_RNvNtCsadPz79N6wDl_11calypso_cli3app18agents_json_report
FNDA:5,_RNvNtCsadPz79N6wDl_11calypso_cli3app18doctor_json_report
FNDA:0,_RNvNtCsadPz79N6wDl_11calypso_cli3app18run_workflows_list
FNDA:0,_RNvNtCsadPz79N6wDl_11calypso_cli3app18run_workflows_show
FNDA:4,_RNvNtCsadPz79N6wDl_11calypso_cli3app19github_review_label
FNDA:0,_RNvNtCsadPz79N6wDl_11calypso_cli3app19render_state_status
FNDA:4,_RNvNtCsadPz79N6wDl_11calypso_cli3app21evidence_status_label
FNDA:8,_RNvNtCsadPz79N6wDl_11calypso_cli3app21render_feature_status
FNDA:1,_RNvNtCsadPz79N6wDl_11calypso_cli3app21run_state_status_json
FNDA:0,_RNvNtCsadPz79N6wDl_11calypso_cli3app21session_display_parts
FNDA:5,_RNvNtCsadPz79N6wDl_11calypso_cli3app22parse_pull_request_ref
FNDA:4,_RNvNtCsadPz79N6wDl_11calypso_cli3app22resolve_current_branch
FNDA:0,_RNvNtCsadPz79N6wDl_11calypso_cli3app22run_state_status_plain
FNDA:0,_RNvNtCsadPz79N6wDl_11calypso_cli3app22run_workflows_validate
FNDA:2,_RNvNtCsadPz79N6wDl_11calypso_cli3app24missing_pull_request_ref
FNDA:5,_RNvNtCsadPz79N6wDl_11calypso_cli3app24state_status_json_report
FNDA:4,_RNvNtCsadPz79N6wDl_11calypso_cli3app25github_mergeability_label
FNDA:2,_RNvNtCsadPz79N6wDl_11calypso_cli3app28resolve_current_pull_request
FNDA:2,_RNvNtCsadPz79N6wDl_11calypso_cli3app29missing_pull_request_evidence
FNDA:7,_RNvNtCsadPz79N6wDl_11calypso_cli3app41resolve_current_pull_request_with_program
FNDA:0,_RNCNvNtCsk43tzqYvrEx_11calypso_cli3app11run_command0B5_
FNDA:0,_RNCNvNtCsk43tzqYvrEx_11calypso_cli3app11run_commands0_0B5_
FNDA:0,_RNCNvNtCsk43tzqYvrEx_11calypso_cli3app11run_commands_0B5_
FNDA:0,_RNCNCNvNtCsk43tzqYvrEx_11calypso_cli3app10run_statuss2_00B7_
FNDA:0,_RNCNCNvNtCsk43tzqYvrEx_11calypso_cli3app18agents_json_report00B7_
FNDA:0,_RNCNCNvNtCsk43tzqYvrEx_11calypso_cli3app18doctor_json_report00B7_
FNDA:0,_RNCNCNvNtCsk43tzqYvrEx_11calypso_cli3app24state_status_json_report00B7_
FNDA:0,_RNCNvNtCsk43tzqYvrEx_11calypso_cli3app10run_doctor0B5_
FNDA:0,_RNCNvNtCsk43tzqYvrEx_11calypso_cli3app10run_status0B5_
FNDA:0,_RNCNvNtCsk43tzqYvrEx_11calypso_cli3app10run_statuss0_0B5_
FNDA:0,_RNCNvNtCsk43tzqYvrEx_11calypso_cli3app10run_statuss1_0B5_
FNDA:0,_RNCNvNtCsk43tzqYvrEx_11calypso_cli3app10run_statuss2_0B5_
FNDA:0,_RNCNvNtCsk43tzqYvrEx_11calypso_cli3app10run_statuss_0B5_
FNDA:0,_RNCNvNtCsk43tzqYvrEx_11calypso_cli3app15run_agents_json0B5_
FNDA:0,_RNCNvNtCsk43tzqYvrEx_11calypso_cli3app15run_agents_jsons_0B5_
FNDA:0,_RNCNvNtCsk43tzqYvrEx_11calypso_cli3app15run_doctor_json0B5_
FNDA:0,_RNCNvNtCsk43tzqYvrEx_11calypso_cli3app16run_agents_plain0B5_
FNDA:0,_RNCNvNtCsk43tzqYvrEx_11calypso_cli3app18agents_json_report0B5_
FNDA:0,_RNCNvNtCsk43tzqYvrEx_11calypso_cli3app18doctor_json_report0B5_
FNDA:0,_RNCNvNtCsk43tzqYvrEx_11calypso_cli3app18doctor_json_reports_0B5_
FNDA:0,_RNCNvNtCsk43tzqYvrEx_11calypso_cli3app18run_workflows_show0B5_
FNDA:0,_RNCNvNtCsk43tzqYvrEx_11calypso_cli3app18run_workflows_shows_0B5_
FNDA:0,_RNCNvNtCsk43tzqYvrEx_11calypso_cli3app21render_feature_status0B5_
FNDA:0,_RNCNvNtCsk43tzqYvrEx_11calypso_cli3app21render_feature_statuss_0B5_
FNDA:0,_RNCNvNtCsk43tzqYvrEx_11calypso_cli3app21run_state_status_json0B5_
FNDA:0,_RNCNvNtCsk43tzqYvrEx_11calypso_cli3app21run_state_status_jsons_0B5_
FNDA:0,_RNCNvNtCsk43tzqYvrEx_11calypso_cli3app22run_state_status_plain0B5_
FNDA:0,_RNCNvNtCsk43tzqYvrEx_11calypso_cli3app22run_workflows_validate0B5_
FNDA:0,_RNCNvNtCsk43tzqYvrEx_11calypso_cli3app22run_workflows_validates0_0B5_
FNDA:0,_RNCNvNtCsk43tzqYvrEx_11calypso_cli3app22run_workflows_validates_0B5_
FNDA:0,_RNCNvNtCsk43tzqYvrEx_11calypso_cli3app24state_status_json_report0B5_
FNDA:0,_RNCNvNtCsk43tzqYvrEx_11calypso_cli3app41resolve_current_pull_request_with_program0B5_
FNDA:0,_RNvNtCsk43tzqYvrEx_11calypso_cli3app10run_doctor
FNDA:0,_RNvNtCsk43tzqYvrEx_11calypso_cli3app10run_status
FNDA:0,_RNvNtCsk43tzqYvrEx_11calypso_cli3app13render_agents
FNDA:0,_RNvNtCsk43tzqYvrEx_11calypso_cli3app15gate_status_str
FNDA:0,_RNvNtCsk43tzqYvrEx_11calypso_cli3app15run_agents_json
FNDA:0,_RNvNtCsk43tzqYvrEx_11calypso_cli3app15run_doctor_json
FNDA:0,_RNvNtCsk43tzqYvrEx_11calypso_cli3app16agent_status_str
FNDA:0,_RNvNtCsk43tzqYvrEx_11calypso_cli3app16checklist_marker
FNDA:0,_RNvNtCsk43tzqYvrEx_11calypso_cli3app16run_agents_plain
FNDA:0,_RNvNtCsk43tzqYvrEx_11calypso_cli3app18agents_json_report
FNDA:0,_RNvNtCsk43tzqYvrEx_11calypso_cli3app18doctor_json_report
FNDA:0,_RNvNtCsk43tzqYvrEx_11calypso_cli3app18run_workflows_list
FNDA:0,_RNvNtCsk43tzqYvrEx_11calypso_cli3app18run_workflows_show
FNDA:0,_RNvNtCsk43tzqYvrEx_11calypso_cli3app19github_review_label
FNDA:0,_RNvNtCsk43tzqYvrEx_11calypso_cli3app19render_state_status
FNDA:0,_RNvNtCsk43tzqYvrEx_11calypso_cli3app21evidence_status_label
FNDA:0,_RNvNtCsk43tzqYvrEx_11calypso_cli3app21render_feature_status
FNDA:0,_RNvNtCsk43tzqYvrEx_11calypso_cli3app21run_state_status_json
FNDA:0,_RNvNtCsk43tzqYvrEx_11calypso_cli3app21session_display_parts
FNDA:0,_RNvNtCsk43tzqYvrEx_11calypso_cli3app22parse_pull_request_ref
FNDA:0,_RNvNtCsk43tzqYvrEx_11calypso_cli3app22resolve_current_branch
FNDA:0,_RNvNtCsk43tzqYvrEx_11calypso_cli3app22run_state_status_plain
FNDA:0,_RNvNtCsk43tzqYvrEx_11calypso_cli3app22run_workflows_validate
FNDA:0,_RNvNtCsk43tzqYvrEx_11calypso_cli3app24missing_pull_request_ref
FNDA:0,_RNvNtCsk43tzqYvrEx_11calypso_cli3app24state_status_json_report
FNDA:0,_RNvNtCsk43tzqYvrEx_11calypso_cli3app25github_mergeability_label
FNDA:0,_RNvNtCsk43tzqYvrEx_11calypso_cli3app28resolve_current_pull_request
FNDA:0,_RNvNtCsk43tzqYvrEx_11calypso_cli3app29missing_pull_request_evidence
FNDA:0,_RNvNtCsk43tzqYvrEx_11calypso_cli3app41resolve_current_pull_request_with_program
FNDA:2,_RNvNtCsk43tzqYvrEx_11calypso_cli3app11run_command
FNDA:24,_RNvNtCsk43tzqYvrEx_11calypso_cli3app17gate_status_label
FNDA:2,_RNvNtCsk43tzqYvrEx_11calypso_cli3app17resolve_repo_root
FNF:64
FNH:43
DA:21,6
DA:22,6
DA:23,6
DA:25,6
DA:26,6
DA:28,4
DA:29,2
DA:30,4
DA:31,2
DA:32,2
DA:33,2
DA:34,2
DA:35,2
DA:36,1
DA:37,1
DA:39,2
DA:40,2
DA:41,2
DA:42,2
DA:43,2
DA:44,2
DA:45,2
DA:46,2
DA:48,2
DA:50,2
DA:51,2
DA:52,2
DA:53,2
DA:54,2
DA:55,2
DA:56,2
DA:57,2
DA:58,2
DA:59,2
DA:60,2
DA:61,2
DA:62,2
DA:63,2
DA:64,2
DA:65,2
DA:66,2
DA:67,1
DA:68,1
DA:70,2
DA:71,1
DA:72,1
DA:73,1
DA:74,1
DA:76,2
DA:77,2
DA:78,2
DA:80,2
DA:81,2
DA:82,2
DA:83,2
DA:84,2
DA:85,2
DA:86,4
DA:88,8
DA:89,8
DA:90,8
DA:91,8
DA:92,8
DA:93,8
DA:94,8
DA:95,8
DA:96,8
DA:97,8
DA:98,8
DA:99,8
DA:100,8
DA:101,8
DA:102,8
DA:104,8
DA:107,36
DA:108,28
DA:109,28
DA:110,85
DA:111,57
DA:112,57
DA:113,57
DA:114,57
DA:115,57
DA:116,57
DA:119,8
DA:120,8
DA:121,57
DA:122,57
DA:123,57
DA:125,8
DA:126,8
DA:127,8
DA:128,4
DA:129,4
DA:130,4
DA:131,4
DA:132,1
DA:134,3
DA:137,4
DA:138,4
DA:139,4
DA:141,4
DA:142,4
DA:143,4
DA:145,4
DA:146,4
DA:147,4
DA:149,4
DA:150,4
DA:151,3
DA:152,3
DA:153,3
DA:154,3
DA:156,8
DA:157,5
DA:158,5
DA:159,3
DA:160,3
DA:162,8
DA:163,8
DA:165,57
DA:166,57
DA:167,57
DA:169,82
DA:170,82
DA:171,46
DA:172,17
DA:173,10
DA:174,9
DA:176,82
DA:178,17
DA:179,17
DA:180,7
DA:181,10
DA:183,17
DA:185,4
DA:186,4
DA:187,3
DA:188,1
DA:190,4
DA:192,2
DA:193,2
DA:194,2
DA:196,7
DA:197,7
DA:198,7
DA:199,7
DA:200,7
DA:201,6
DA:202,3
DA:203,3
DA:204,3
DA:205,3
DA:206,3
DA:207,1
DA:209,2
DA:213,7
DA:215,2
DA:216,2
DA:217,2
DA:218,2
DA:219,2
DA:220,2
DA:222,2
DA:223,2
DA:224,2
DA:226,5
DA:233,5
DA:235,3
DA:236,3
DA:237,3
DA:238,3
DA:239,5
DA:247,32
DA:248,32
DA:249,32
DA:250,32
DA:251,32
DA:252,32
DA:254,30
DA:255,16
DA:256,16
DA:257,1
DA:259,15
DA:261,16
DA:262,14
DA:264,14
DA:265,14
DA:266,14
DA:267,32
DA:269,4
DA:270,4
DA:271,2
DA:272,1
DA:273,1
DA:275,4
DA:277,4
DA:278,4
DA:279,1
DA:280,1
DA:281,1
DA:282,1
DA:284,4
DA:286,4
DA:287,4
DA:288,1
DA:289,1
DA:290,1
DA:291,1
DA:293,4
DA:300,5
DA:301,5
DA:302,5
DA:303,5
DA:304,5
DA:305,8
DA:306,8
DA:307,6
DA:309,2
DA:311,8
DA:312,8
DA:313,8
DA:314,8
DA:315,5
DA:317,5
DA:318,8
DA:319,5
DA:321,5
DA:322,5
DA:323,5
DA:324,5
DA:325,5
DA:326,5
DA:327,5
DA:328,5
DA:329,5
DA:333,0
DA:334,0
DA:335,0
DA:336,0
DA:337,0
DA:338,0
DA:339,0
DA:341,0
DA:343,0
DA:349,10
DA:350,10
DA:351,5
DA:352,5
DA:353,0
DA:354,0
DA:356,10
DA:359,5
DA:360,5
DA:361,5
DA:362,5
DA:363,10
DA:364,10
DA:365,10
DA:366,5
DA:367,0
DA:368,0
DA:369,5
DA:372,10
DA:373,10
DA:374,10
DA:375,10
DA:376,10
DA:377,10
DA:378,10
DA:379,10
DA:380,10
DA:381,10
DA:382,10
DA:383,10
DA:385,10
DA:386,5
DA:388,5
DA:389,1
DA:391,4
DA:394,5
DA:395,5
DA:396,5
DA:397,5
DA:398,5
DA:399,5
DA:400,5
DA:401,5
DA:402,5
DA:403,5
DA:407,1
DA:408,1
DA:409,0
DA:410,1
DA:411,0
DA:412,0
DA:413,1
DA:416,0
DA:417,0
DA:419,0
DA:421,0
DA:422,0
DA:424,0
DA:426,0
DA:427,0
DA:429,0
DA:430,0
DA:431,0
DA:432,0
DA:433,0
DA:434,0
DA:435,0
DA:436,0
DA:437,0
DA:438,0
DA:440,0
DA:442,0
DA:443,0
DA:446,0
DA:447,0
DA:448,0
DA:450,0
DA:452,0
DA:455,0
DA:457,0
DA:458,0
DA:461,0
DA:462,0
DA:463,0
DA:464,0
DA:465,0
DA:466,0
DA:472,5
DA:473,5
DA:474,3
DA:475,0
DA:476,2
DA:477,0
DA:478,0
DA:480,5
DA:483,5
DA:484,5
DA:485,5
DA:486,5
DA:487,5
DA:488,5
DA:489,5
DA:490,5
DA:491,5
DA:492,5
DA:493,5
DA:494,5
DA:496,5
DA:497,5
DA:498,5
DA:499,5
DA:500,5
DA:503,1
DA:504,1
DA:505,0
DA:506,1
DA:507,0
DA:508,0
DA:509,1
DA:512,0
DA:513,0
DA:514,0
DA:515,0
DA:517,0
DA:518,0
DA:519,0
DA:520,0
DA:521,0
DA:522,0
DA:523,0
DA:526,0
DA:527,0
DA:528,0
DA:529,0
DA:534,0
DA:535,0
DA:537,0
DA:538,0
DA:539,0
DA:540,0
DA:541,0
DA:542,0
DA:543,0
DA:545,0
DA:548,0
DA:549,0
DA:550,0
DA:551,0
DA:552,0
DA:553,0
DA:560,0
DA:561,0
DA:562,0
DA:563,0
DA:564,0
DA:565,0
DA:566,0
DA:569,0
DA:570,0
DA:571,0
DA:572,0
DA:573,0
DA:576,0
DA:577,0
DA:578,0
DA:579,0
DA:580,0
DA:581,0
DA:582,0
BRF:0
BRH:0
LF:443
LH:324
end_of_record
SF:/home/lucas/calypso/.claude/worktrees/agent-a62ed768/cli/src/bin/coverage_driver.rs
FN:22,_RNCNvCsjQSbHeA3Dxx_15coverage_driver3run0B3_
FN:29,_RNCNvCsjQSbHeA3Dxx_15coverage_driver3runs_0B3_
FN:5,_RNCNvCsjQSbHeA3Dxx_15coverage_driver4main0B3_
FN:54,_RNvCsjQSbHeA3Dxx_15coverage_driver15coverage_totals
FN:46,_RNvCsjQSbHeA3Dxx_15coverage_driver16coverage_percent
FN:42,_RNvCsjQSbHeA3Dxx_15coverage_driver20meets_line_threshold
FN:81,_RNvCsjQSbHeA3Dxx_15coverage_driver21is_excluded_from_gate
FN:11,_RNvCsjQSbHeA3Dxx_15coverage_driver3run
FN:4,_RNvCsjQSbHeA3Dxx_15coverage_driver4main
FN:22,_RNCNvCskUmXrAOYRk8_15coverage_driver3run0B3_
FN:29,_RNCNvCskUmXrAOYRk8_15coverage_driver3runs_0B3_
FN:5,_RNCNvCskUmXrAOYRk8_15coverage_driver4main0B3_
FN:11,_RNvCskUmXrAOYRk8_15coverage_driver3run
FN:4,_RNvCskUmXrAOYRk8_15coverage_driver4main
FN:93,_RNvNtCskUmXrAOYRk8_15coverage_driver5testss_40coverage_totals_excludes_main_entrypoint
FN:113,_RNvNtCskUmXrAOYRk8_15coverage_driver5testss_41line_threshold_accepts_99_percent_or_more
FN:54,_RNvCskUmXrAOYRk8_15coverage_driver15coverage_totals
FN:46,_RNvCskUmXrAOYRk8_15coverage_driver16coverage_percent
FN:42,_RNvCskUmXrAOYRk8_15coverage_driver20meets_line_threshold
FN:81,_RNvCskUmXrAOYRk8_15coverage_driver21is_excluded_from_gate
FNDA:0,_RNCNvCsjQSbHeA3Dxx_15coverage_driver3run0B3_
FNDA:0,_RNCNvCsjQSbHeA3Dxx_15coverage_driver3runs_0B3_
FNDA:0,_RNCNvCsjQSbHeA3Dxx_15coverage_driver4main0B3_
FNDA:0,_RNvCsjQSbHeA3Dxx_15coverage_driver15coverage_totals
FNDA:0,_RNvCsjQSbHeA3Dxx_15coverage_driver16coverage_percent
FNDA:0,_RNvCsjQSbHeA3Dxx_15coverage_driver20meets_line_threshold
FNDA:0,_RNvCsjQSbHeA3Dxx_15coverage_driver21is_excluded_from_gate
FNDA:0,_RNvCsjQSbHeA3Dxx_15coverage_driver3run
FNDA:0,_RNvCsjQSbHeA3Dxx_15coverage_driver4main
FNDA:0,_RNCNvCskUmXrAOYRk8_15coverage_driver3run0B3_
FNDA:0,_RNCNvCskUmXrAOYRk8_15coverage_driver3runs_0B3_
FNDA:0,_RNCNvCskUmXrAOYRk8_15coverage_driver4main0B3_
FNDA:0,_RNvCskUmXrAOYRk8_15coverage_driver3run
FNDA:0,_RNvCskUmXrAOYRk8_15coverage_driver4main
FNDA:1,_RNvNtCskUmXrAOYRk8_15coverage_driver5testss_40coverage_totals_excludes_main_entrypoint
FNDA:1,_RNvNtCskUmXrAOYRk8_15coverage_driver5testss_41line_threshold_accepts_99_percent_or_more
FNDA:1,_RNvCskUmXrAOYRk8_15coverage_driver15coverage_totals
FNDA:3,_RNvCskUmXrAOYRk8_15coverage_driver16coverage_percent
FNDA:3,_RNvCskUmXrAOYRk8_15coverage_driver20meets_line_threshold
FNDA:3,_RNvCskUmXrAOYRk8_15coverage_driver21is_excluded_from_gate
FNF:11
FNH:6
DA:4,0
DA:5,0
DA:6,0
DA:7,0
DA:9,0
DA:11,0
DA:12,0
DA:13,0
DA:14,0
DA:15,0
DA:16,0
DA:17,0
DA:18,0
DA:19,0
DA:20,0
DA:21,0
DA:22,0
DA:24,0
DA:25,0
DA:26,0
DA:28,0
DA:29,0
DA:30,0
DA:32,0
DA:33,0
DA:35,0
DA:36,0
DA:37,0
DA:38,0
DA:40,0
DA:42,3
DA:43,3
DA:44,3
DA:46,3
DA:47,3
DA:48,0
DA:50,3
DA:52,3
DA:54,1
DA:55,1
DA:56,1
DA:57,1
DA:58,1
DA:60,12
DA:61,12
DA:62,3
DA:63,3
DA:64,3
DA:65,9
DA:66,3
DA:67,3
DA:68,6
DA:69,3
DA:70,1
DA:71,1
DA:72,1
DA:73,5
DA:78,1
DA:79,1
DA:81,3
DA:82,3
DA:83,2
DA:84,1
DA:85,3
DA:93,1
DA:94,1
DA:95,1
DA:96,1
DA:97,1
DA:98,1
DA:99,1
DA:100,1
DA:101,1
DA:102,1
DA:103,1
DA:104,1
DA:105,1
DA:106,1
DA:107,1
DA:109,1
DA:110,1
DA:113,1
DA:114,1
DA:115,1
DA:116,1
DA:117,1
BRF:0
BRH:0
LF:89
LH:55
end_of_record
SF:/home/lucas/calypso/.claude/worktrees/agent-a62ed768/cli/src/blueprint_workflows.rs
FN:64,_RNvMNtCsadPz79N6wDl_11calypso_cli19blueprint_workflowsNtB2_24BlueprintWorkflowLibrary3get
FN:42,_RNvMNtCsadPz79N6wDl_11calypso_cli19blueprint_workflowsNtB2_24BlueprintWorkflowLibrary4list
FN:72,_RNvMNtCsadPz79N6wDl_11calypso_cli19blueprint_workflowsNtB2_24BlueprintWorkflowLibrary5parse
FN:300,_RNvMs_NtCsadPz79N6wDl_11calypso_cli19blueprint_workflowsNtB4_8NextSpec10target_for
FN:67,_RNCNvMNtCsadPz79N6wDl_11calypso_cli19blueprint_workflowsNtB4_24BlueprintWorkflowLibrary3get0B6_
FN:64,_RNvMNtCsk43tzqYvrEx_11calypso_cli19blueprint_workflowsNtB2_24BlueprintWorkflowLibrary3get
FN:42,_RNvMNtCsk43tzqYvrEx_11calypso_cli19blueprint_workflowsNtB2_24BlueprintWorkflowLibrary4list
FN:72,_RNvMNtCsk43tzqYvrEx_11calypso_cli19blueprint_workflowsNtB2_24BlueprintWorkflowLibrary5parse
FN:300,_RNvMs_NtCsk43tzqYvrEx_11calypso_cli19blueprint_workflowsNtB4_8NextSpec10target_for
FN:67,_RNCNvMNtCsk43tzqYvrEx_11calypso_cli19blueprint_workflowsNtB4_24BlueprintWorkflowLibrary3get0B6_
FN:443,_RNvNtNtCsk43tzqYvrEx_11calypso_cli19blueprint_workflows5testss_31get_returns_yaml_for_known_stem
FN:455,_RNvNtNtCsk43tzqYvrEx_11calypso_cli19blueprint_workflows5testss_31list_contains_all_ten_workflows
FN:450,_RNvNtNtCsk43tzqYvrEx_11calypso_cli19blueprint_workflows5testss_33get_returns_none_for_unknown_stem
FN:504,_RNvNtNtCsk43tzqYvrEx_11calypso_cli19blueprint_workflows5testss_38next_spec_target_for_resolves_on_event
FN:491,_RNvNtNtCsk43tzqYvrEx_11calypso_cli19blueprint_workflows5testss_40next_spec_target_for_resolves_on_success
FN:431,_RNvNtNtCsk43tzqYvrEx_11calypso_cli19blueprint_workflows5testss_41all_embedded_workflows_parse_successfully
FN:481,_RNvNtNtCsk43tzqYvrEx_11calypso_cli19blueprint_workflows5testss_45default_feature_workflow_checks_are_populated
FN:471,_RNvNtNtCsk43tzqYvrEx_11calypso_cli19blueprint_workflows5testss_45default_feature_workflow_states_are_populated
FN:460,_RNvNtNtCsk43tzqYvrEx_11calypso_cli19blueprint_workflows5testss_51default_feature_workflow_has_expected_initial_state
FNDA:0,_RNvMNtCsadPz79N6wDl_11calypso_cli19blueprint_workflowsNtB2_24BlueprintWorkflowLibrary3get
FNDA:22,_RNvMNtCsadPz79N6wDl_11calypso_cli19blueprint_workflowsNtB2_24BlueprintWorkflowLibrary4list
FNDA:220,_RNvMNtCsadPz79N6wDl_11calypso_cli19blueprint_workflowsNtB2_24BlueprintWorkflowLibrary5parse
FNDA:0,_RNvMs_NtCsadPz79N6wDl_11calypso_cli19blueprint_workflowsNtB4_8NextSpec10target_for
FNDA:0,_RNCNvMNtCsadPz79N6wDl_11calypso_cli19blueprint_workflowsNtB4_24BlueprintWorkflowLibrary3get0B6_
FNDA:7,_RNvMNtCsk43tzqYvrEx_11calypso_cli19blueprint_workflowsNtB2_24BlueprintWorkflowLibrary3get
FNDA:10,_RNvMNtCsk43tzqYvrEx_11calypso_cli19blueprint_workflowsNtB2_24BlueprintWorkflowLibrary4list
FNDA:25,_RNvMNtCsk43tzqYvrEx_11calypso_cli19blueprint_workflowsNtB2_24BlueprintWorkflowLibrary5parse
FNDA:2,_RNvMs_NtCsk43tzqYvrEx_11calypso_cli19blueprint_workflowsNtB4_8NextSpec10target_for
FNDA:27,_RNCNvMNtCsk43tzqYvrEx_11calypso_cli19blueprint_workflowsNtB4_24BlueprintWorkflowLibrary3get0B6_
FNDA:1,_RNvNtNtCsk43tzqYvrEx_11calypso_cli19blueprint_workflows5testss_31get_returns_yaml_for_known_stem
FNDA:1,_RNvNtNtCsk43tzqYvrEx_11calypso_cli19blueprint_workflows5testss_31list_contains_all_ten_workflows
FNDA:1,_RNvNtNtCsk43tzqYvrEx_11calypso_cli19blueprint_workflows5testss_33get_returns_none_for_unknown_stem
FNDA:1,_RNvNtNtCsk43tzqYvrEx_11calypso_cli19blueprint_workflows5testss_38next_spec_target_for_resolves_on_event
FNDA:1,_RNvNtNtCsk43tzqYvrEx_11calypso_cli19blueprint_workflows5testss_40next_spec_target_for_resolves_on_success
FNDA:1,_RNvNtNtCsk43tzqYvrEx_11calypso_cli19blueprint_workflows5testss_41all_embedded_workflows_parse_successfully
FNDA:1,_RNvNtNtCsk43tzqYvrEx_11calypso_cli19blueprint_workflows5testss_45default_feature_workflow_checks_are_populated
FNDA:1,_RNvNtNtCsk43tzqYvrEx_11calypso_cli19blueprint_workflows5testss_45default_feature_workflow_states_are_populated
FNDA:1,_RNvNtNtCsk43tzqYvrEx_11calypso_cli19blueprint_workflows5testss_51default_feature_workflow_has_expected_initial_state
FNF:14
FNH:14
DA:42,32
DA:43,32
DA:44,32
DA:45,32
DA:46,32
DA:47,32
DA:48,32
DA:49,32
DA:50,32
DA:51,32
DA:52,32
DA:53,32
DA:54,32
DA:55,32
DA:56,32
DA:57,32
DA:58,32
DA:59,32
DA:60,32
DA:61,32
DA:64,7
DA:65,7
DA:66,7
DA:67,27
DA:68,7
DA:69,7
DA:72,245
DA:73,245
DA:74,245
DA:300,2
DA:301,2
DA:304,2
DA:305,2
DA:306,2
DA:307,0
DA:310,0
DA:311,0
DA:312,0
DA:313,0
DA:314,0
DA:315,0
DA:316,0
DA:318,0
DA:319,2
DA:431,1
DA:432,10
DA:433,10
DA:434,10
DA:435,10
DA:436,0
DA:437,0
DA:440,1
DA:443,1
DA:444,1
DA:445,1
DA:446,1
DA:447,1
DA:450,1
DA:451,1
DA:452,1
DA:455,1
DA:456,1
DA:457,1
DA:460,1
DA:461,1
DA:462,1
DA:463,1
DA:464,1
DA:466,0
DA:468,1
DA:471,1
DA:472,1
DA:473,1
DA:474,1
DA:475,1
DA:476,0
DA:478,1
DA:481,1
DA:482,1
DA:483,1
DA:484,1
DA:485,1
DA:486,0
DA:488,1
DA:491,1
DA:492,1
DA:493,1
DA:494,1
DA:495,1
DA:496,1
DA:497,1
DA:499,0
DA:501,1
DA:504,1
DA:505,1
DA:506,1
DA:507,1
DA:508,1
DA:509,1
DA:510,1
DA:512,0
DA:514,1
BRF:0
BRH:0
LF:103
LH:87
end_of_record
SF:/home/lucas/calypso/.claude/worktrees/agent-a62ed768/cli/src/claude.rs
FN:112,_RNvMs1_NtCsadPz79N6wDl_11calypso_cli6claudeNtB5_13ClaudeSession10check_auth
FN:102,_RNvMs1_NtCsadPz79N6wDl_11calypso_cli6claudeNtB5_13ClaudeSession3new
FN:126,_RNvMs1_NtCsadPz79N6wDl_11calypso_cli6claudeNtB5_13ClaudeSession6invoke
FN:237,_RNvNtCsadPz79N6wDl_11calypso_cli6claude12string_field
FN:227,_RNvNtCsadPz79N6wDl_11calypso_cli6claude13parse_aborted
FN:158,_RNvNtCsadPz79N6wDl_11calypso_cli6claude13parse_outcome
FN:273,_RNvNtCsadPz79N6wDl_11calypso_cli6claude15next_session_id
FN:248,_RNvNtCsadPz79N6wDl_11calypso_cli6claude16write_transcript
FN:177,_RNvNtCsadPz79N6wDl_11calypso_cli6claude19parse_clarification
FN:189,_RNvNtCsadPz79N6wDl_11calypso_cli6claude8parse_ok
FN:216,_RNvNtCsadPz79N6wDl_11calypso_cli6claude9parse_nok
FN:20,_RNvXNtCsadPz79N6wDl_11calypso_cli6claudeNtB2_12ClaudeConfigNtNtCs3XFJfFEDSOQ_4core7default7Default7default
FN:75,_RNvXs_NtCsadPz79N6wDl_11calypso_cli6claudeNtB4_11ClaudeErrorNtNtCs3XFJfFEDSOQ_4core3fmt7Display3fmt
FN:200,_RNCNCNvNtCsadPz79N6wDl_11calypso_cli6claude8parse_oks0_00B7_
FN:118,_RNCNvMs1_NtCsadPz79N6wDl_11calypso_cli6claudeNtB7_13ClaudeSession10check_auth0B9_
FN:239,_RNCNvNtCsadPz79N6wDl_11calypso_cli6claude12string_field0B5_
FN:241,_RNCNvNtCsadPz79N6wDl_11calypso_cli6claude12string_fields_0B5_
FN:228,_RNCNvNtCsadPz79N6wDl_11calypso_cli6claude13parse_aborted0B5_
FN:190,_RNCNvNtCsadPz79N6wDl_11calypso_cli6claude8parse_ok0B5_
FN:198,_RNCNvNtCsadPz79N6wDl_11calypso_cli6claude8parse_oks0_0B5_
FN:206,_RNCNvNtCsadPz79N6wDl_11calypso_cli6claude8parse_oks1_0B5_
FN:197,_RNCNvNtCsadPz79N6wDl_11calypso_cli6claude8parse_oks_0B5_
FN:217,_RNCNvNtCsadPz79N6wDl_11calypso_cli6claude9parse_nok0B5_
FN:112,_RNvMs1_NtCsk43tzqYvrEx_11calypso_cli6claudeNtB5_13ClaudeSession10check_auth
FN:237,_RNvNtCsk43tzqYvrEx_11calypso_cli6claude12string_field
FN:227,_RNvNtCsk43tzqYvrEx_11calypso_cli6claude13parse_aborted
FN:158,_RNvNtCsk43tzqYvrEx_11calypso_cli6claude13parse_outcome
FN:177,_RNvNtCsk43tzqYvrEx_11calypso_cli6claude19parse_clarification
FN:189,_RNvNtCsk43tzqYvrEx_11calypso_cli6claude8parse_ok
FN:216,_RNvNtCsk43tzqYvrEx_11calypso_cli6claude9parse_nok
FN:20,_RNvXNtCsk43tzqYvrEx_11calypso_cli6claudeNtB2_12ClaudeConfigNtNtCs3XFJfFEDSOQ_4core7default7Default7default
FN:75,_RNvXs_NtCsk43tzqYvrEx_11calypso_cli6claudeNtB4_11ClaudeErrorNtNtCs3XFJfFEDSOQ_4core3fmt7Display3fmt
FN:102,_RNvMs1_NtCsk43tzqYvrEx_11calypso_cli6claudeNtB5_13ClaudeSession3new
FN:126,_RNvMs1_NtCsk43tzqYvrEx_11calypso_cli6claudeNtB5_13ClaudeSession6invoke
FN:273,_RNvNtCsk43tzqYvrEx_11calypso_cli6claude15next_session_id
FN:248,_RNvNtCsk43tzqYvrEx_11calypso_cli6claude16write_transcript
FN:200,_RNCNCNvNtCsk43tzqYvrEx_11calypso_cli6claude8parse_oks0_00B7_
FN:118,_RNCNvMs1_NtCsk43tzqYvrEx_11calypso_cli6claudeNtB7_13ClaudeSession10check_auth0B9_
FN:239,_RNCNvNtCsk43tzqYvrEx_11calypso_cli6claude12string_field0B5_
FN:241,_RNCNvNtCsk43tzqYvrEx_11calypso_cli6claude12string_fields_0B5_
FN:228,_RNCNvNtCsk43tzqYvrEx_11calypso_cli6claude13parse_aborted0B5_
FN:190,_RNCNvNtCsk43tzqYvrEx_11calypso_cli6claude8parse_ok0B5_
FN:198,_RNCNvNtCsk43tzqYvrEx_11calypso_cli6claude8parse_oks0_0B5_
FN:206,_RNCNvNtCsk43tzqYvrEx_11calypso_cli6claude8parse_oks1_0B5_
FN:197,_RNCNvNtCsk43tzqYvrEx_11calypso_cli6claude8parse_oks_0B5_
FN:217,_RNCNvNtCsk43tzqYvrEx_11calypso_cli6claude9parse_nok0B5_
FN:390,_RNvNtNtCsk43tzqYvrEx_11calypso_cli6claude5testss_35parse_outcome_ok_with_artifact_refs
FN:326,_RNvNtNtCsk43tzqYvrEx_11calypso_cli6claude5testss_37parse_clarification_extracts_question
FN:342,_RNvNtNtCsk43tzqYvrEx_11calypso_cli6claude5testss_40parse_ok_with_invalid_json_returns_error
FN:348,_RNvNtNtCsk43tzqYvrEx_11calypso_cli6claude5testss_41parse_nok_with_invalid_json_returns_error
FN:287,_RNvNtNtCsk43tzqYvrEx_11calypso_cli6claude5testss_41parse_outcome_ok_produces_correct_variant
FN:301,_RNvNtNtCsk43tzqYvrEx_11calypso_cli6claude5testss_42parse_outcome_nok_produces_correct_variant
FN:335,_RNvNtNtCsk43tzqYvrEx_11calypso_cli6claude5testss_42parse_outcome_with_no_marker_returns_error
FN:370,_RNvNtNtCsk43tzqYvrEx_11calypso_cli6claude5testss_43parse_nok_with_missing_reason_returns_error
FN:363,_RNvNtNtCsk43tzqYvrEx_11calypso_cli6claude5testss_43parse_ok_with_missing_summary_returns_error
FN:354,_RNvNtNtCsk43tzqYvrEx_11calypso_cli6claude5testss_45parse_aborted_with_invalid_json_returns_error
FN:314,_RNvNtNtCsk43tzqYvrEx_11calypso_cli6claude5testss_46parse_outcome_aborted_produces_correct_variant
FN:377,_RNvNtNtCsk43tzqYvrEx_11calypso_cli6claude5testss_47parse_aborted_with_missing_reason_returns_error
FN:384,_RNvNtNtCsk43tzqYvrEx_11calypso_cli6claude5testss_47parse_clarification_returns_none_when_no_marker
FNDA:13,_RNvMs1_NtCsadPz79N6wDl_11calypso_cli6claudeNtB5_13ClaudeSession10check_auth
FNDA:12,_RNvMs1_NtCsadPz79N6wDl_11calypso_cli6claudeNtB5_13ClaudeSession3new
FNDA:3,_RNvMs1_NtCsadPz79N6wDl_11calypso_cli6claudeNtB5_13ClaudeSession6invoke
FNDA:17,_RNvNtCsadPz79N6wDl_11calypso_cli6claude12string_field
FNDA:2,_RNvNtCsadPz79N6wDl_11calypso_cli6claude13parse_aborted
FNDA:16,_RNvNtCsadPz79N6wDl_11calypso_cli6claude13parse_outcome
FNDA:12,_RNvNtCsadPz79N6wDl_11calypso_cli6claude15next_session_id
FNDA:1,_RNvNtCsadPz79N6wDl_11calypso_cli6claude16write_transcript
FNDA:10,_RNvNtCsadPz79N6wDl_11calypso_cli6claude19parse_clarification
FNDA:9,_RNvNtCsadPz79N6wDl_11calypso_cli6claude8parse_ok
FNDA:3,_RNvNtCsadPz79N6wDl_11calypso_cli6claude9parse_nok
FNDA:31,_RNvXNtCsadPz79N6wDl_11calypso_cli6claudeNtB2_12ClaudeConfigNtNtCs3XFJfFEDSOQ_4core7default7Default7default
FNDA:1,_RNvXs_NtCsadPz79N6wDl_11calypso_cli6claudeNtB4_11ClaudeErrorNtNtCs3XFJfFEDSOQ_4core3fmt7Display3fmt
FNDA:1,_RNCNCNvNtCsadPz79N6wDl_11calypso_cli6claude8parse_oks0_00B7_
FNDA:12,_RNCNvMs1_NtCsadPz79N6wDl_11calypso_cli6claudeNtB7_13ClaudeSession10check_auth0B9_
FNDA:17,_RNCNvNtCsadPz79N6wDl_11calypso_cli6claude12string_field0B5_
FNDA:0,_RNCNvNtCsadPz79N6wDl_11calypso_cli6claude12string_fields_0B5_
FNDA:0,_RNCNvNtCsadPz79N6wDl_11calypso_cli6claude13parse_aborted0B5_
FNDA:0,_RNCNvNtCsadPz79N6wDl_11calypso_cli6claude8parse_ok0B5_
FNDA:1,_RNCNvNtCsadPz79N6wDl_11calypso_cli6claude8parse_oks0_0B5_
FNDA:1,_RNCNvNtCsadPz79N6wDl_11calypso_cli6claude8parse_oks1_0B5_
FNDA:1,_RNCNvNtCsadPz79N6wDl_11calypso_cli6claude8parse_oks_0B5_
FNDA:0,_RNCNvNtCsadPz79N6wDl_11calypso_cli6claude9parse_nok0B5_
FNDA:0,_RNvMs1_NtCsk43tzqYvrEx_11calypso_cli6claudeNtB5_13ClaudeSession10check_auth
FNDA:9,_RNvNtCsk43tzqYvrEx_11calypso_cli6claude12string_field
FNDA:3,_RNvNtCsk43tzqYvrEx_11calypso_cli6claude13parse_aborted
FNDA:11,_RNvNtCsk43tzqYvrEx_11calypso_cli6claude13parse_outcome
FNDA:2,_RNvNtCsk43tzqYvrEx_11calypso_cli6claude19parse_clarification
FNDA:4,_RNvNtCsk43tzqYvrEx_11calypso_cli6claude8parse_ok
FNDA:3,_RNvNtCsk43tzqYvrEx_11calypso_cli6claude9parse_nok
FNDA:0,_RNvXNtCsk43tzqYvrEx_11calypso_cli6claudeNtB2_12ClaudeConfigNtNtCs3XFJfFEDSOQ_4core7default7Default7default
FNDA:7,_RNvXs_NtCsk43tzqYvrEx_11calypso_cli6claudeNtB4_11ClaudeErrorNtNtCs3XFJfFEDSOQ_4core3fmt7Display3fmt
FNDA:0,_RNvMs1_NtCsk43tzqYvrEx_11calypso_cli6claudeNtB5_13ClaudeSession3new
FNDA:0,_RNvMs1_NtCsk43tzqYvrEx_11calypso_cli6claudeNtB5_13ClaudeSession6invoke
FNDA:0,_RNvNtCsk43tzqYvrEx_11calypso_cli6claude15next_session_id
FNDA:0,_RNvNtCsk43tzqYvrEx_11calypso_cli6claude16write_transcript
FNDA:2,_RNCNCNvNtCsk43tzqYvrEx_11calypso_cli6claude8parse_oks0_00B7_
FNDA:0,_RNCNvMs1_NtCsk43tzqYvrEx_11calypso_cli6claudeNtB7_13ClaudeSession10check_auth0B9_
FNDA:6,_RNCNvNtCsk43tzqYvrEx_11calypso_cli6claude12string_field0B5_
FNDA:3,_RNCNvNtCsk43tzqYvrEx_11calypso_cli6claude12string_fields_0B5_
FNDA:1,_RNCNvNtCsk43tzqYvrEx_11calypso_cli6claude13parse_aborted0B5_
FNDA:1,_RNCNvNtCsk43tzqYvrEx_11calypso_cli6claude8parse_ok0B5_
FNDA:1,_RNCNvNtCsk43tzqYvrEx_11calypso_cli6claude8parse_oks0_0B5_
FNDA:1,_RNCNvNtCsk43tzqYvrEx_11calypso_cli6claude8parse_oks1_0B5_
FNDA:1,_RNCNvNtCsk43tzqYvrEx_11calypso_cli6claude8parse_oks_0B5_
FNDA:1,_RNCNvNtCsk43tzqYvrEx_11calypso_cli6claude9parse_nok0B5_
FNDA:1,_RNvNtNtCsk43tzqYvrEx_11calypso_cli6claude5testss_35parse_outcome_ok_with_artifact_refs
FNDA:1,_RNvNtNtCsk43tzqYvrEx_11calypso_cli6claude5testss_37parse_clarification_extracts_question
FNDA:1,_RNvNtNtCsk43tzqYvrEx_11calypso_cli6claude5testss_40parse_ok_with_invalid_json_returns_error
FNDA:1,_RNvNtNtCsk43tzqYvrEx_11calypso_cli6claude5testss_41parse_nok_with_invalid_json_returns_error
FNDA:1,_RNvNtNtCsk43tzqYvrEx_11calypso_cli6claude5testss_41parse_outcome_ok_produces_correct_variant
FNDA:1,_RNvNtNtCsk43tzqYvrEx_11calypso_cli6claude5testss_42parse_outcome_nok_produces_correct_variant
FNDA:1,_RNvNtNtCsk43tzqYvrEx_11calypso_cli6claude5testss_42parse_outcome_with_no_marker_returns_error
FNDA:1,_RNvNtNtCsk43tzqYvrEx_11calypso_cli6claude5testss_43parse_nok_with_missing_reason_returns_error
FNDA:1,_RNvNtNtCsk43tzqYvrEx_11calypso_cli6claude5testss_43parse_ok_with_missing_summary_returns_error
FNDA:1,_RNvNtNtCsk43tzqYvrEx_11calypso_cli6claude5testss_45parse_aborted_with_invalid_json_returns_error
FNDA:1,_RNvNtNtCsk43tzqYvrEx_11calypso_cli6claude5testss_46parse_outcome_aborted_produces_correct_variant
FNDA:1,_RNvNtNtCsk43tzqYvrEx_11calypso_cli6claude5testss_47parse_aborted_with_missing_reason_returns_error
FNDA:1,_RNvNtNtCsk43tzqYvrEx_11calypso_cli6claude5testss_47parse_clarification_returns_none_when_no_marker
FNF:36
FNH:36
DA:20,31
DA:21,31
DA:22,31
DA:23,31
DA:24,31
DA:25,31
DA:26,31
DA:75,8
DA:76,8
DA:77,0
DA:78,8
DA:79,8
DA:80,8
DA:81,8
DA:84,0
DA:86,8
DA:102,12
DA:103,12
DA:104,12
DA:105,12
DA:106,12
DA:107,12
DA:112,13
DA:113,13
DA:114,13
DA:115,13
DA:116,13
DA:117,13
DA:118,13
DA:119,13
DA:126,3
DA:127,3
DA:128,3
DA:129,3
DA:130,3
DA:131,3
DA:132,3
DA:133,3
DA:134,3
DA:135,3
DA:136,3
DA:138,3
DA:139,1
DA:140,2
DA:142,3
DA:144,3
DA:145,3
DA:147,3
DA:148,1
DA:149,2
DA:151,3
DA:152,3
DA:158,27
DA:159,27
DA:160,26
DA:161,13
DA:162,13
DA:163,13
DA:164,6
DA:165,7
DA:166,7
DA:167,5
DA:168,2
DA:171,3
DA:172,3
DA:173,3
DA:174,27
DA:177,12
DA:178,12
DA:179,11
DA:180,3
DA:181,3
DA:182,3
DA:183,3
DA:184,8
DA:186,9
DA:187,12
DA:189,13
DA:190,13
DA:191,1
DA:192,1
DA:194,12
DA:195,11
DA:196,11
DA:197,11
DA:198,11
DA:199,2
DA:200,3
DA:201,2
DA:202,2
DA:203,11
DA:204,11
DA:205,11
DA:206,11
DA:207,11
DA:209,11
DA:210,11
DA:211,11
DA:212,11
DA:213,11
DA:214,13
DA:216,6
DA:217,6
DA:218,1
DA:219,1
DA:221,5
DA:222,5
DA:224,4
DA:225,6
DA:227,5
DA:228,5
DA:229,1
DA:230,1
DA:232,4
DA:234,3
DA:235,5
DA:237,26
DA:238,26
DA:239,26
DA:240,26
DA:241,26
DA:242,3
DA:243,3
DA:244,26
DA:248,1
DA:249,1
DA:250,1
DA:251,1
DA:252,1
DA:253,1
DA:254,1
DA:255,1
DA:256,1
DA:257,1
DA:258,1
DA:259,1
DA:262,1
DA:263,1
DA:264,1
DA:265,1
DA:266,1
DA:268,1
DA:269,1
DA:273,12
DA:274,12
DA:275,12
DA:276,12
DA:277,12
DA:279,12
DA:280,12
DA:287,1
DA:288,1
DA:289,1
DA:290,1
DA:292,1
DA:293,1
DA:294,1
DA:295,1
DA:296,1
DA:298,1
DA:301,1
DA:302,1
DA:303,1
DA:304,1
DA:306,1
DA:307,1
DA:308,1
DA:309,1
DA:311,1
DA:314,1
DA:315,1
DA:316,1
DA:317,1
DA:319,1
DA:320,1
DA:321,1
DA:323,1
DA:326,1
DA:327,1
DA:328,1
DA:329,1
DA:330,1
DA:331,1
DA:332,1
DA:335,1
DA:336,1
DA:337,1
DA:338,1
DA:339,1
DA:342,1
DA:343,1
DA:344,1
DA:345,1
DA:348,1
DA:349,1
DA:350,1
DA:351,1
DA:354,1
DA:355,1
DA:356,1
DA:357,1
DA:358,1
DA:360,1
DA:363,1
DA:364,1
DA:365,1
DA:366,1
DA:367,1
DA:370,1
DA:371,1
DA:372,1
DA:373,1
DA:374,1
DA:377,1
DA:378,1
DA:379,1
DA:380,1
DA:381,1
DA:384,1
DA:385,1
DA:386,1
DA:387,1
DA:390,1
DA:391,1
DA:392,1
DA:393,1
DA:395,1
DA:396,1
DA:397,1
DA:398,1
DA:399,1
DA:401,1
BRF:0
BRH:0
LF:245
LH:243
end_of_record
SF:/home/lucas/calypso/.claude/worktrees/agent-a62ed768/cli/src/doctor.rs
FN:31,_RNvMNtCsadPz79N6wDl_11calypso_cli6doctorNtB2_13DoctorCheckId11builtin_key
FN:46,_RNvMNtCsadPz79N6wDl_11calypso_cli6doctorNtB2_13DoctorCheckId5label
FN:108,_RNvMs0_NtCsadPz79N6wDl_11calypso_cli6doctorNtB5_12DoctorReport19to_builtin_evidence
FN:87,_RNvMs_NtCsadPz79N6wDl_11calypso_cli6doctorNtB4_9DoctorFix12is_automatic
FN:299,_RNvNtCsadPz79N6wDl_11calypso_cli6doctor10make_check
FN:562,_RNvNtCsadPz79N6wDl_11calypso_cli6doctor11failing_fix
FN:429,_RNvNtCsadPz79N6wDl_11calypso_cli6doctor11run_command
FN:287,_RNvNtCsadPz79N6wDl_11calypso_cli6doctor16status_from_bool
FN:450,_RNvNtCsadPz79N6wDl_11calypso_cli6doctor18failing_doctor_fix
FN:376,_RNvNtCsadPz79N6wDl_11calypso_cli6doctor18render_fix_verbose
FN:325,_RNvNtCsadPz79N6wDl_11calypso_cli6doctor20render_doctor_report
FN:349,_RNvNtCsadPz79N6wDl_11calypso_cli6doctor28render_doctor_report_verbose
FN:399,_RNvNtCsadPz79N6wDl_11calypso_cli6doctor9apply_fix
FN:179,_RNvXs1_NtCsadPz79N6wDl_11calypso_cli6doctorNtB5_21HostDoctorEnvironmentNtB5_17DoctorEnvironment11github_user
FN:135,_RNvXs1_NtCsadPz79N6wDl_11calypso_cli6doctorNtB5_21HostDoctorEnvironmentNtB5_17DoctorEnvironment11is_git_repo
FN:142,_RNvXs1_NtCsadPz79N6wDl_11calypso_cli6doctorNtB5_21HostDoctorEnvironmentNtB5_17DoctorEnvironment14command_exists
FN:149,_RNvXs1_NtCsadPz79N6wDl_11calypso_cli6doctorNtB5_21HostDoctorEnvironmentNtB5_17DoctorEnvironment16claude_reachable
FN:153,_RNvXs1_NtCsadPz79N6wDl_11calypso_cli6doctorNtB5_21HostDoctorEnvironmentNtB5_17DoctorEnvironment16gh_authenticated
FN:160,_RNvXs1_NtCsadPz79N6wDl_11calypso_cli6doctorNtB5_21HostDoctorEnvironmentNtB5_17DoctorEnvironment17has_github_remote
FN:168,_RNvXs1_NtCsadPz79N6wDl_11calypso_cli6doctorNtB5_21HostDoctorEnvironmentNtB5_17DoctorEnvironment22missing_workflow_files
FN:193,_RINvNtCsadPz79N6wDl_11calypso_cli6doctor21collect_doctor_reportNtB2_21HostDoctorEnvironmentEB4_
FN:210,_RNCINvNtCsadPz79N6wDl_11calypso_cli6doctor21collect_doctor_reportNtB4_21HostDoctorEnvironmentE0B6_
FN:261,_RNCINvNtCsadPz79N6wDl_11calypso_cli6doctor21collect_doctor_reportNtB4_21HostDoctorEnvironmentEs0_0B6_
FN:211,_RNCINvNtCsadPz79N6wDl_11calypso_cli6doctor21collect_doctor_reportNtB4_21HostDoctorEnvironmentEs_0B6_
FN:526,_RNCNCNvNtCsadPz79N6wDl_11calypso_cli6doctor18failing_doctor_fixs_00B7_
FN:111,_RNCNvMs0_NtCsadPz79N6wDl_11calypso_cli6doctorNtB7_12DoctorReport19to_builtin_evidence0B9_
FN:309,_RNCNvNtCsadPz79N6wDl_11calypso_cli6doctor10make_check0B5_
FN:312,_RNCNvNtCsadPz79N6wDl_11calypso_cli6doctor10make_checks_0B5_
FN:434,_RNCNvNtCsadPz79N6wDl_11calypso_cli6doctor11run_command0B5_
FN:515,_RNCNvNtCsadPz79N6wDl_11calypso_cli6doctor18failing_doctor_fix0B5_
FN:524,_RNCNvNtCsadPz79N6wDl_11calypso_cli6doctor18failing_doctor_fixs_0B5_
FN:406,_RNCNvNtCsadPz79N6wDl_11calypso_cli6doctor9apply_fix0B5_
FN:409,_RNCNvNtCsadPz79N6wDl_11calypso_cli6doctor9apply_fixs_0B5_
FN:139,_RNCNvXs1_NtCsadPz79N6wDl_11calypso_cli6doctorNtB7_21HostDoctorEnvironmentNtB7_17DoctorEnvironment11is_git_repo0B9_
FN:146,_RNCNvXs1_NtCsadPz79N6wDl_11calypso_cli6doctorNtB7_21HostDoctorEnvironmentNtB7_17DoctorEnvironment14command_exists0B9_
FN:157,_RNCNvXs1_NtCsadPz79N6wDl_11calypso_cli6doctorNtB7_21HostDoctorEnvironmentNtB7_17DoctorEnvironment16gh_authenticated0B9_
FN:165,_RNCNvXs1_NtCsadPz79N6wDl_11calypso_cli6doctorNtB7_21HostDoctorEnvironmentNtB7_17DoctorEnvironment17has_github_remote0B9_
FN:172,_RNCNvXs1_NtCsadPz79N6wDl_11calypso_cli6doctorNtB7_21HostDoctorEnvironmentNtB7_17DoctorEnvironment22missing_workflow_files0B9_
FN:173,_RNCNvXs1_NtCsadPz79N6wDl_11calypso_cli6doctorNtB7_21HostDoctorEnvironmentNtB7_17DoctorEnvironment22missing_workflow_filess_0B9_
FN:31,_RNvMNtCsk43tzqYvrEx_11calypso_cli6doctorNtB2_13DoctorCheckId11builtin_key
FN:46,_RNvMNtCsk43tzqYvrEx_11calypso_cli6doctorNtB2_13DoctorCheckId5label
FN:108,_RNvMs0_NtCsk43tzqYvrEx_11calypso_cli6doctorNtB5_12DoctorReport19to_builtin_evidence
FN:87,_RNvMs_NtCsk43tzqYvrEx_11calypso_cli6doctorNtB4_9DoctorFix12is_automatic
FN:299,_RNvNtCsk43tzqYvrEx_11calypso_cli6doctor10make_check
FN:562,_RNvNtCsk43tzqYvrEx_11calypso_cli6doctor11failing_fix
FN:429,_RNvNtCsk43tzqYvrEx_11calypso_cli6doctor11run_command
FN:287,_RNvNtCsk43tzqYvrEx_11calypso_cli6doctor16status_from_bool
FN:450,_RNvNtCsk43tzqYvrEx_11calypso_cli6doctor18failing_doctor_fix
FN:399,_RNvNtCsk43tzqYvrEx_11calypso_cli6doctor9apply_fix
FN:179,_RNvXs1_NtCsk43tzqYvrEx_11calypso_cli6doctorNtB5_21HostDoctorEnvironmentNtB5_17DoctorEnvironment11github_user
FN:135,_RNvXs1_NtCsk43tzqYvrEx_11calypso_cli6doctorNtB5_21HostDoctorEnvironmentNtB5_17DoctorEnvironment11is_git_repo
FN:142,_RNvXs1_NtCsk43tzqYvrEx_11calypso_cli6doctorNtB5_21HostDoctorEnvironmentNtB5_17DoctorEnvironment14command_exists
FN:149,_RNvXs1_NtCsk43tzqYvrEx_11calypso_cli6doctorNtB5_21HostDoctorEnvironmentNtB5_17DoctorEnvironment16claude_reachable
FN:153,_RNvXs1_NtCsk43tzqYvrEx_11calypso_cli6doctorNtB5_21HostDoctorEnvironmentNtB5_17DoctorEnvironment16gh_authenticated
FN:160,_RNvXs1_NtCsk43tzqYvrEx_11calypso_cli6doctorNtB5_21HostDoctorEnvironmentNtB5_17DoctorEnvironment17has_github_remote
FN:168,_RNvXs1_NtCsk43tzqYvrEx_11calypso_cli6doctorNtB5_21HostDoctorEnvironmentNtB5_17DoctorEnvironment22missing_workflow_files
FN:376,_RNvNtCsk43tzqYvrEx_11calypso_cli6doctor18render_fix_verbose
FN:325,_RNvNtCsk43tzqYvrEx_11calypso_cli6doctor20render_doctor_report
FN:349,_RNvNtCsk43tzqYvrEx_11calypso_cli6doctor28render_doctor_report_verbose
FN:193,_RINvNtCsk43tzqYvrEx_11calypso_cli6doctor21collect_doctor_reportNtB2_21HostDoctorEnvironmentEB4_
FN:210,_RNCINvNtCsk43tzqYvrEx_11calypso_cli6doctor21collect_doctor_reportNtB4_21HostDoctorEnvironmentE0B6_
FN:261,_RNCINvNtCsk43tzqYvrEx_11calypso_cli6doctor21collect_doctor_reportNtB4_21HostDoctorEnvironmentEs0_0B6_
FN:211,_RNCINvNtCsk43tzqYvrEx_11calypso_cli6doctor21collect_doctor_reportNtB4_21HostDoctorEnvironmentEs_0B6_
FN:526,_RNCNCNvNtCsk43tzqYvrEx_11calypso_cli6doctor18failing_doctor_fixs_00B7_
FN:111,_RNCNvMs0_NtCsk43tzqYvrEx_11calypso_cli6doctorNtB7_12DoctorReport19to_builtin_evidence0B9_
FN:309,_RNCNvNtCsk43tzqYvrEx_11calypso_cli6doctor10make_check0B5_
FN:312,_RNCNvNtCsk43tzqYvrEx_11calypso_cli6doctor10make_checks_0B5_
FN:434,_RNCNvNtCsk43tzqYvrEx_11calypso_cli6doctor11run_command0B5_
FN:515,_RNCNvNtCsk43tzqYvrEx_11calypso_cli6doctor18failing_doctor_fix0B5_
FN:524,_RNCNvNtCsk43tzqYvrEx_11calypso_cli6doctor18failing_doctor_fixs_0B5_
FN:406,_RNCNvNtCsk43tzqYvrEx_11calypso_cli6doctor9apply_fix0B5_
FN:409,_RNCNvNtCsk43tzqYvrEx_11calypso_cli6doctor9apply_fixs_0B5_
FN:139,_RNCNvXs1_NtCsk43tzqYvrEx_11calypso_cli6doctorNtB7_21HostDoctorEnvironmentNtB7_17DoctorEnvironment11is_git_repo0B9_
FN:146,_RNCNvXs1_NtCsk43tzqYvrEx_11calypso_cli6doctorNtB7_21HostDoctorEnvironmentNtB7_17DoctorEnvironment14command_exists0B9_
FN:157,_RNCNvXs1_NtCsk43tzqYvrEx_11calypso_cli6doctorNtB7_21HostDoctorEnvironmentNtB7_17DoctorEnvironment16gh_authenticated0B9_
FN:165,_RNCNvXs1_NtCsk43tzqYvrEx_11calypso_cli6doctorNtB7_21HostDoctorEnvironmentNtB7_17DoctorEnvironment17has_github_remote0B9_
FN:172,_RNCNvXs1_NtCsk43tzqYvrEx_11calypso_cli6doctorNtB7_21HostDoctorEnvironmentNtB7_17DoctorEnvironment22missing_workflow_files0B9_
FN:173,_RNCNvXs1_NtCsk43tzqYvrEx_11calypso_cli6doctorNtB7_21HostDoctorEnvironmentNtB7_17DoctorEnvironment22missing_workflow_filess_0B9_
FN:606,_RNvNtNtCsk43tzqYvrEx_11calypso_cli6doctor5tests15unique_temp_dir
FN:689,_RNvNtNtCsk43tzqYvrEx_11calypso_cli6doctor5testss_39apply_fix_sequence_stops_on_first_error
FN:643,_RNvNtNtCsk43tzqYvrEx_11calypso_cli6doctor5testss_47doctor_fix_is_automatic_for_non_manual_variants
FN:668,_RNvNtNtCsk43tzqYvrEx_11calypso_cli6doctor5testss_54apply_fix_write_file_creates_parent_and_writes_content
FN:618,_RNvNtNtCsk43tzqYvrEx_11calypso_cli6doctor5testss_56host_environment_reports_missing_required_workflow_files
FN:193,_RINvNtCsadPz79N6wDl_11calypso_cli6doctor21collect_doctor_reportNtCs1Hna8M9sE5K_6doctor15FakeEnvironmentEB11_
FN:210,_RNCINvNtCsadPz79N6wDl_11calypso_cli6doctor21collect_doctor_reportNtCs1Hna8M9sE5K_6doctor15FakeEnvironmentE0B13_
FN:261,_RNCINvNtCsadPz79N6wDl_11calypso_cli6doctor21collect_doctor_reportNtCs1Hna8M9sE5K_6doctor15FakeEnvironmentEs0_0B13_
FN:211,_RNCINvNtCsadPz79N6wDl_11calypso_cli6doctor21collect_doctor_reportNtCs1Hna8M9sE5K_6doctor15FakeEnvironmentEs_0B13_
FNDA:24,_RNvMNtCsadPz79N6wDl_11calypso_cli6doctorNtB2_13DoctorCheckId11builtin_key
FNDA:96,_RNvMNtCsadPz79N6wDl_11calypso_cli6doctorNtB2_13DoctorCheckId5label
FNDA:3,_RNvMs0_NtCsadPz79N6wDl_11calypso_cli6doctorNtB5_12DoctorReport19to_builtin_evidence
FNDA:11,_RNvMs_NtCsadPz79N6wDl_11calypso_cli6doctorNtB4_9DoctorFix12is_automatic
FNDA:176,_RNvNtCsadPz79N6wDl_11calypso_cli6doctor10make_check
FNDA:93,_RNvNtCsadPz79N6wDl_11calypso_cli6doctor11failing_fix
FNDA:0,_RNvNtCsadPz79N6wDl_11calypso_cli6doctor11run_command
FNDA:176,_RNvNtCsadPz79N6wDl_11calypso_cli6doctor16status_from_bool
FNDA:93,_RNvNtCsadPz79N6wDl_11calypso_cli6doctor18failing_doctor_fix
FNDA:7,_RNvNtCsadPz79N6wDl_11calypso_cli6doctor18render_fix_verbose
FNDA:7,_RNvNtCsadPz79N6wDl_11calypso_cli6doctor20render_doctor_report
FNDA:1,_RNvNtCsadPz79N6wDl_11calypso_cli6doctor28render_doctor_report_verbose
FNDA:1,_RNvNtCsadPz79N6wDl_11calypso_cli6doctor9apply_fix
FNDA:6,_RNvXs1_NtCsadPz79N6wDl_11calypso_cli6doctorNtB5_21HostDoctorEnvironmentNtB5_17DoctorEnvironment11github_user
FNDA:11,_RNvXs1_NtCsadPz79N6wDl_11calypso_cli6doctorNtB5_21HostDoctorEnvironmentNtB5_17DoctorEnvironment11is_git_repo
FNDA:22,_RNvXs1_NtCsadPz79N6wDl_11calypso_cli6doctorNtB5_21HostDoctorEnvironmentNtB5_17DoctorEnvironment14command_exists
FNDA:11,_RNvXs1_NtCsadPz79N6wDl_11calypso_cli6doctorNtB5_21HostDoctorEnvironmentNtB5_17DoctorEnvironment16claude_reachable
FNDA:11,_RNvXs1_NtCsadPz79N6wDl_11calypso_cli6doctorNtB5_21HostDoctorEnvironmentNtB5_17DoctorEnvironment16gh_authenticated
FNDA:22,_RNvXs1_NtCsadPz79N6wDl_11calypso_cli6doctorNtB5_21HostDoctorEnvironmentNtB5_17DoctorEnvironment17has_github_remote
FNDA:11,_RNvXs1_NtCsadPz79N6wDl_11calypso_cli6doctorNtB5_21HostDoctorEnvironmentNtB5_17DoctorEnvironment22missing_workflow_files
FNDA:11,_RINvNtCsadPz79N6wDl_11calypso_cli6doctor21collect_doctor_reportNtB2_21HostDoctorEnvironmentEB4_
FNDA:11,_RNCINvNtCsadPz79N6wDl_11calypso_cli6doctor21collect_doctor_reportNtB4_21HostDoctorEnvironmentE0B6_
FNDA:4,_RNCINvNtCsadPz79N6wDl_11calypso_cli6doctor21collect_doctor_reportNtB4_21HostDoctorEnvironmentEs0_0B6_
FNDA:0,_RNCINvNtCsadPz79N6wDl_11calypso_cli6doctor21collect_doctor_reportNtB4_21HostDoctorEnvironmentEs_0B6_
FNDA:41,_RNCNCNvNtCsadPz79N6wDl_11calypso_cli6doctor18failing_doctor_fixs_00B7_
FNDA:24,_RNCNvMs0_NtCsadPz79N6wDl_11calypso_cli6doctorNtB7_12DoctorReport19to_builtin_evidence0B9_
FNDA:93,_RNCNvNtCsadPz79N6wDl_11calypso_cli6doctor10make_check0B5_
FNDA:93,_RNCNvNtCsadPz79N6wDl_11calypso_cli6doctor10make_checks_0B5_
FNDA:0,_RNCNvNtCsadPz79N6wDl_11calypso_cli6doctor11run_command0B5_
FNDA:41,_RNCNvNtCsadPz79N6wDl_11calypso_cli6doctor18failing_doctor_fix0B5_
FNDA:41,_RNCNvNtCsadPz79N6wDl_11calypso_cli6doctor18failing_doctor_fixs_0B5_
FNDA:0,_RNCNvNtCsadPz79N6wDl_11calypso_cli6doctor9apply_fix0B5_
FNDA:0,_RNCNvNtCsadPz79N6wDl_11calypso_cli6doctor9apply_fixs_0B5_
FNDA:11,_RNCNvXs1_NtCsadPz79N6wDl_11calypso_cli6doctorNtB7_21HostDoctorEnvironmentNtB7_17DoctorEnvironment11is_git_repo0B9_
FNDA:22,_RNCNvXs1_NtCsadPz79N6wDl_11calypso_cli6doctorNtB7_21HostDoctorEnvironmentNtB7_17DoctorEnvironment14command_exists0B9_
FNDA:11,_RNCNvXs1_NtCsadPz79N6wDl_11calypso_cli6doctorNtB7_21HostDoctorEnvironmentNtB7_17DoctorEnvironment16gh_authenticated0B9_
FNDA:22,_RNCNvXs1_NtCsadPz79N6wDl_11calypso_cli6doctorNtB7_21HostDoctorEnvironmentNtB7_17DoctorEnvironment17has_github_remote0B9_
FNDA:66,_RNCNvXs1_NtCsadPz79N6wDl_11calypso_cli6doctorNtB7_21HostDoctorEnvironmentNtB7_17DoctorEnvironment22missing_workflow_files0B9_
FNDA:36,_RNCNvXs1_NtCsadPz79N6wDl_11calypso_cli6doctorNtB7_21HostDoctorEnvironmentNtB7_17DoctorEnvironment22missing_workflow_filess_0B9_
FNDA:0,_RNvMNtCsk43tzqYvrEx_11calypso_cli6doctorNtB2_13DoctorCheckId11builtin_key
FNDA:8,_RNvMNtCsk43tzqYvrEx_11calypso_cli6doctorNtB2_13DoctorCheckId5label
FNDA:0,_RNvMs0_NtCsk43tzqYvrEx_11calypso_cli6doctorNtB5_12DoctorReport19to_builtin_evidence
FNDA:4,_RNvMs_NtCsk43tzqYvrEx_11calypso_cli6doctorNtB4_9DoctorFix12is_automatic
FNDA:0,_RNvNtCsk43tzqYvrEx_11calypso_cli6doctor10make_check
FNDA:0,_RNvNtCsk43tzqYvrEx_11calypso_cli6doctor11failing_fix
FNDA:1,_RNvNtCsk43tzqYvrEx_11calypso_cli6doctor11run_command
FNDA:0,_RNvNtCsk43tzqYvrEx_11calypso_cli6doctor16status_from_bool
FNDA:0,_RNvNtCsk43tzqYvrEx_11calypso_cli6doctor18failing_doctor_fix
FNDA:3,_RNvNtCsk43tzqYvrEx_11calypso_cli6doctor9apply_fix
FNDA:0,_RNvXs1_NtCsk43tzqYvrEx_11calypso_cli6doctorNtB5_21HostDoctorEnvironmentNtB5_17DoctorEnvironment11github_user
FNDA:0,_RNvXs1_NtCsk43tzqYvrEx_11calypso_cli6doctorNtB5_21HostDoctorEnvironmentNtB5_17DoctorEnvironment11is_git_repo
FNDA:0,_RNvXs1_NtCsk43tzqYvrEx_11calypso_cli6doctorNtB5_21HostDoctorEnvironmentNtB5_17DoctorEnvironment14command_exists
FNDA:0,_RNvXs1_NtCsk43tzqYvrEx_11calypso_cli6doctorNtB5_21HostDoctorEnvironmentNtB5_17DoctorEnvironment16claude_reachable
FNDA:0,_RNvXs1_NtCsk43tzqYvrEx_11calypso_cli6doctorNtB5_21HostDoctorEnvironmentNtB5_17DoctorEnvironment16gh_authenticated
FNDA:0,_RNvXs1_NtCsk43tzqYvrEx_11calypso_cli6doctorNtB5_21HostDoctorEnvironmentNtB5_17DoctorEnvironment17has_github_remote
FNDA:1,_RNvXs1_NtCsk43tzqYvrEx_11calypso_cli6doctorNtB5_21HostDoctorEnvironmentNtB5_17DoctorEnvironment22missing_workflow_files
FNDA:0,_RNvNtCsk43tzqYvrEx_11calypso_cli6doctor18render_fix_verbose
FNDA:0,_RNvNtCsk43tzqYvrEx_11calypso_cli6doctor20render_doctor_report
FNDA:0,_RNvNtCsk43tzqYvrEx_11calypso_cli6doctor28render_doctor_report_verbose
FNDA:0,_RINvNtCsk43tzqYvrEx_11calypso_cli6doctor21collect_doctor_reportNtB2_21HostDoctorEnvironmentEB4_
FNDA:0,_RNCINvNtCsk43tzqYvrEx_11calypso_cli6doctor21collect_doctor_reportNtB4_21HostDoctorEnvironmentE0B6_
FNDA:0,_RNCINvNtCsk43tzqYvrEx_11calypso_cli6doctor21collect_doctor_reportNtB4_21HostDoctorEnvironmentEs0_0B6_
FNDA:0,_RNCINvNtCsk43tzqYvrEx_11calypso_cli6doctor21collect_doctor_reportNtB4_21HostDoctorEnvironmentEs_0B6_
FNDA:0,_RNCNCNvNtCsk43tzqYvrEx_11calypso_cli6doctor18failing_doctor_fixs_00B7_
FNDA:0,_RNCNvMs0_NtCsk43tzqYvrEx_11calypso_cli6doctorNtB7_12DoctorReport19to_builtin_evidence0B9_
FNDA:0,_RNCNvNtCsk43tzqYvrEx_11calypso_cli6doctor10make_check0B5_
FNDA:0,_RNCNvNtCsk43tzqYvrEx_11calypso_cli6doctor10make_checks_0B5_
FNDA:0,_RNCNvNtCsk43tzqYvrEx_11calypso_cli6doctor11run_command0B5_
FNDA:0,_RNCNvNtCsk43tzqYvrEx_11calypso_cli6doctor18failing_doctor_fix0B5_
FNDA:0,_RNCNvNtCsk43tzqYvrEx_11calypso_cli6doctor18failing_doctor_fixs_0B5_
FNDA:0,_RNCNvNtCsk43tzqYvrEx_11calypso_cli6doctor9apply_fix0B5_
FNDA:0,_RNCNvNtCsk43tzqYvrEx_11calypso_cli6doctor9apply_fixs_0B5_
FNDA:0,_RNCNvXs1_NtCsk43tzqYvrEx_11calypso_cli6doctorNtB7_21HostDoctorEnvironmentNtB7_17DoctorEnvironment11is_git_repo0B9_
FNDA:0,_RNCNvXs1_NtCsk43tzqYvrEx_11calypso_cli6doctorNtB7_21HostDoctorEnvironmentNtB7_17DoctorEnvironment14command_exists0B9_
FNDA:0,_RNCNvXs1_NtCsk43tzqYvrEx_11calypso_cli6doctorNtB7_21HostDoctorEnvironmentNtB7_17DoctorEnvironment16gh_authenticated0B9_
FNDA:0,_RNCNvXs1_NtCsk43tzqYvrEx_11calypso_cli6doctorNtB7_21HostDoctorEnvironmentNtB7_17DoctorEnvironment17has_github_remote0B9_
FNDA:6,_RNCNvXs1_NtCsk43tzqYvrEx_11calypso_cli6doctorNtB7_21HostDoctorEnvironmentNtB7_17DoctorEnvironment22missing_workflow_files0B9_
FNDA:5,_RNCNvXs1_NtCsk43tzqYvrEx_11calypso_cli6doctorNtB7_21HostDoctorEnvironmentNtB7_17DoctorEnvironment22missing_workflow_filess_0B9_
FNDA:1,_RNvNtNtCsk43tzqYvrEx_11calypso_cli6doctor5tests15unique_temp_dir
FNDA:1,_RNvNtNtCsk43tzqYvrEx_11calypso_cli6doctor5testss_39apply_fix_sequence_stops_on_first_error
FNDA:1,_RNvNtNtCsk43tzqYvrEx_11calypso_cli6doctor5testss_47doctor_fix_is_automatic_for_non_manual_variants
FNDA:1,_RNvNtNtCsk43tzqYvrEx_11calypso_cli6doctor5testss_54apply_fix_write_file_creates_parent_and_writes_content
FNDA:1,_RNvNtNtCsk43tzqYvrEx_11calypso_cli6doctor5testss_56host_environment_reports_missing_required_workflow_files
FNDA:11,_RINvNtCsadPz79N6wDl_11calypso_cli6doctor21collect_doctor_reportNtCs1Hna8M9sE5K_6doctor15FakeEnvironmentEB11_
FNDA:11,_RNCINvNtCsadPz79N6wDl_11calypso_cli6doctor21collect_doctor_reportNtCs1Hna8M9sE5K_6doctor15FakeEnvironmentE0B13_
FNDA:1,_RNCINvNtCsadPz79N6wDl_11calypso_cli6doctor21collect_doctor_reportNtCs1Hna8M9sE5K_6doctor15FakeEnvironmentEs0_0B13_
FNDA:0,_RNCINvNtCsadPz79N6wDl_11calypso_cli6doctor21collect_doctor_reportNtCs1Hna8M9sE5K_6doctor15FakeEnvironmentEs_0B13_
FNF:44
FNH:40
DA:31,24
DA:32,24
DA:33,3
DA:34,3
DA:35,3
DA:36,3
DA:37,3
DA:38,3
DA:40,3
DA:42,3
DA:44,24
DA:46,104
DA:47,104
DA:48,19
DA:49,16
DA:50,11
DA:51,14
DA:52,11
DA:53,11
DA:54,11
DA:55,11
DA:57,104
DA:87,15
DA:88,15
DA:89,15
DA:108,3
DA:109,3
DA:110,3
DA:111,24
DA:112,24
DA:113,24
DA:114,24
DA:116,24
DA:117,3
DA:135,11
DA:136,11
DA:137,11
DA:138,11
DA:139,11
DA:140,11
DA:142,22
DA:143,22
DA:144,22
DA:145,22
DA:146,22
DA:147,22
DA:149,11
DA:150,11
DA:151,11
DA:153,11
DA:154,11
DA:155,11
DA:156,11
DA:157,11
DA:158,11
DA:160,22
DA:161,22
DA:162,22
DA:163,22
DA:164,22
DA:165,22
DA:166,22
DA:168,12
DA:169,12
DA:170,12
DA:171,12
DA:172,72
DA:173,41
DA:174,12
DA:175,12
DA:176,12
DA:177,12
DA:179,6
DA:180,6
DA:181,6
DA:182,6
DA:183,6
DA:184,6
DA:185,4
DA:186,4
DA:188,2
DA:190,6
DA:193,22
DA:194,22
DA:195,22
DA:196,22
DA:197,22
DA:198,22
DA:199,22
DA:200,22
DA:202,22
DA:203,14
DA:205,8
DA:208,22
DA:209,22
DA:210,22
DA:211,22
DA:214,22
DA:215,22
DA:216,22
DA:217,22
DA:218,22
DA:219,22
DA:220,22
DA:221,22
DA:223,22
DA:224,22
DA:225,22
DA:226,22
DA:227,22
DA:228,22
DA:229,22
DA:231,22
DA:232,22
DA:233,22
DA:234,22
DA:235,22
DA:236,22
DA:237,22
DA:239,22
DA:240,22
DA:241,22
DA:242,22
DA:243,22
DA:244,22
DA:245,22
DA:247,22
DA:248,22
DA:249,22
DA:250,22
DA:251,22
DA:252,22
DA:253,22
DA:255,22
DA:256,22
DA:257,22
DA:258,22
DA:259,22
DA:260,22
DA:261,22
DA:263,22
DA:264,22
DA:265,22
DA:266,22
DA:267,22
DA:268,22
DA:269,22
DA:271,22
DA:272,22
DA:273,22
DA:274,22
DA:275,22
DA:276,0
DA:278,22
DA:280,22
DA:281,22
DA:285,22
DA:287,176
DA:288,176
DA:289,83
DA:291,93
DA:293,176
DA:299,176
DA:300,176
DA:301,176
DA:302,176
DA:303,176
DA:304,176
DA:305,176
DA:306,176
DA:307,176
DA:308,176
DA:309,176
DA:310,176
DA:311,176
DA:312,176
DA:313,176
DA:315,176
DA:316,176
DA:317,176
DA:318,176
DA:319,176
DA:320,176
DA:321,176
DA:322,176
DA:323,176
DA:325,7
DA:326,7
DA:328,63
DA:329,56
DA:330,26
DA:332,30
DA:334,56
DA:336,56
DA:337,13
DA:338,43
DA:340,56
DA:341,30
DA:342,30
DA:345,7
DA:346,7
DA:349,1
DA:350,1
DA:352,9
DA:353,8
DA:354,1
DA:356,7
DA:358,8
DA:360,8
DA:361,1
DA:362,7
DA:364,8
DA:365,7
DA:366,7
DA:368,8
DA:369,7
DA:370,7
DA:373,1
DA:374,1
DA:376,7
DA:377,7
DA:378,2
DA:379,2
DA:380,2
DA:381,5
DA:382,5
DA:383,5
DA:384,0
DA:385,0
DA:386,0
DA:387,0
DA:388,0
DA:389,0
DA:390,0
DA:391,0
DA:394,7
DA:399,4
DA:400,4
DA:401,1
DA:402,1
DA:403,1
DA:404,1
DA:405,1
DA:406,1
DA:407,0
DA:408,1
DA:409,1
DA:410,1
DA:412,1
DA:413,1
DA:414,1
DA:415,1
DA:416,0
DA:417,0
DA:418,0
DA:419,0
DA:421,1
DA:424,0
DA:427,4
DA:429,1
DA:430,1
DA:431,1
DA:432,1
DA:433,1
DA:434,1
DA:436,1
DA:437,1
DA:439,1
DA:440,0
DA:442,1
DA:443,1
DA:445,0
DA:448,1
DA:450,93
DA:451,93
DA:452,93
DA:453,93
DA:454,93
DA:455,93
DA:456,93
DA:458,8
DA:459,8
DA:460,8
DA:461,9
DA:462,9
DA:463,9
DA:464,11
DA:465,11
DA:466,11
DA:469,11
DA:470,11
DA:471,11
DA:472,11
DA:473,11
DA:474,11
DA:475,11
DA:476,11
DA:479,9
DA:480,9
DA:481,9
DA:482,9
DA:487,14
DA:488,5
DA:489,5
DA:490,5
DA:491,5
DA:492,5
DA:493,5
DA:494,5
DA:495,5
DA:496,5
DA:497,5
DA:498,5
DA:500,9
DA:501,9
DA:502,9
DA:503,9
DA:504,9
DA:510,9
DA:511,9
DA:512,9
DA:513,9
DA:514,9
DA:515,41
DA:516,9
DA:518,9
DA:519,0
DA:520,9
DA:522,9
DA:523,9
DA:524,41
DA:525,41
DA:526,41
DA:527,41
DA:528,41
DA:529,41
DA:530,9
DA:533,9
DA:534,9
DA:535,9
DA:536,9
DA:537,9
DA:538,9
DA:539,9
DA:540,9
DA:541,9
DA:542,9
DA:543,9
DA:544,9
DA:545,9
DA:546,9
DA:547,9
DA:548,9
DA:550,9
DA:554,22
DA:555,22
DA:556,22
DA:557,22
DA:558,22
DA:560,93
DA:562,93
DA:563,93
DA:565,11
DA:568,8
DA:571,9
DA:574,11
DA:577,9
DA:580,14
DA:581,5
DA:582,5
DA:583,5
DA:585,9
DA:586,9
DA:587,9
DA:588,9
DA:591,9
DA:592,9
DA:593,9
DA:594,9
DA:596,22
DA:599,93
DA:606,1
DA:607,1
DA:608,1
DA:609,1
DA:610,1
DA:611,1
DA:612,1
DA:613,1
DA:614,1
DA:615,1
DA:618,1
DA:619,1
DA:620,1
DA:621,1
DA:624,1
DA:626,1
DA:628,1
DA:630,1
DA:631,1
DA:632,1
DA:633,1
DA:634,1
DA:635,1
DA:639,1
DA:640,1
DA:643,1
DA:644,1
DA:645,1
DA:646,1
DA:647,1
DA:648,1
DA:649,1
DA:651,1
DA:652,1
DA:653,1
DA:654,1
DA:655,1
DA:656,1
DA:658,1
DA:659,1
DA:660,1
DA:661,1
DA:662,1
DA:663,1
DA:665,1
DA:668,1
DA:669,1
DA:670,1
DA:671,1
DA:672,1
DA:673,1
DA:674,1
DA:675,1
DA:676,1
DA:677,1
DA:678,1
DA:679,1
DA:680,1
DA:681,1
DA:682,1
DA:685,1
DA:686,1
DA:689,1
DA:690,1
DA:691,1
DA:692,1
DA:693,1
DA:694,1
DA:695,1
DA:696,1
DA:697,1
DA:698,1
DA:699,1
DA:700,1
DA:701,1
DA:702,1
DA:703,1
BRF:0
BRH:0
LF:475
LH:452
end_of_record
SF:/home/lucas/calypso/.claude/worktrees/agent-a62ed768/cli/src/driver.rs
FN:113,_RNvMs_NtCsadPz79N6wDl_11calypso_cli6driverNtB4_18StateMachineDriver18execute_agent_step
FN:98,_RNvMs_NtCsadPz79N6wDl_11calypso_cli6driverNtB4_18StateMachineDriver21execute_function_step
FN:83,_RNvMs_NtCsadPz79N6wDl_11calypso_cli6driverNtB4_18StateMachineDriver4step
FN:151,_RNvMs_NtCsadPz79N6wDl_11calypso_cli6driverNtB4_18StateMachineDriver8run_auto
FN:174,_RNvNtCsadPz79N6wDl_11calypso_cli6driver22dispatch_function_step
FN:37,_RNvXNtCsadPz79N6wDl_11calypso_cli6driverNtB2_12RealExecutorNtB2_15SessionExecutor3run
FN:119,_RNCNvMs_NtCsadPz79N6wDl_11calypso_cli6driverNtB6_18StateMachineDriver18execute_agent_step0B8_
FN:124,_RNCNvMs_NtCsadPz79N6wDl_11calypso_cli6driverNtB6_18StateMachineDriver18execute_agent_steps0_0B8_
FN:120,_RNCNvMs_NtCsadPz79N6wDl_11calypso_cli6driverNtB6_18StateMachineDriver18execute_agent_steps_0B8_
FN:102,_RNCNvMs_NtCsadPz79N6wDl_11calypso_cli6driverNtB6_18StateMachineDriver21execute_function_step0B8_
FN:182,_RNCNvNtCsadPz79N6wDl_11calypso_cli6driver22dispatch_function_step0B5_
FN:194,_RNCNvNtCsadPz79N6wDl_11calypso_cli6driver22dispatch_function_steps0_0B5_
FN:200,_RNCNvNtCsadPz79N6wDl_11calypso_cli6driver22dispatch_function_steps1_0B5_
FN:207,_RNCNvNtCsadPz79N6wDl_11calypso_cli6driver22dispatch_function_steps2_0B5_
FN:208,_RNCNvNtCsadPz79N6wDl_11calypso_cli6driver22dispatch_function_steps3_0B5_
FN:187,_RNCNvNtCsadPz79N6wDl_11calypso_cli6driver22dispatch_function_steps_0B5_
FN:246,_RNvNtNtCsk43tzqYvrEx_11calypso_cli6driver5testss_33driver_mode_variants_are_distinct
FN:233,_RNvNtNtCsk43tzqYvrEx_11calypso_cli6driver5testss_41step_type_unknown_state_defaults_to_agent
FN:240,_RNvNtNtCsk43tzqYvrEx_11calypso_cli6driver5testss_48function_for_state_returns_none_for_simple_state
FN:226,_RNvNtNtCsk43tzqYvrEx_11calypso_cli6driver5testss_49step_type_defaults_to_agent_for_simple_state_name
FN:119,_RNCNvMs_NtCsk43tzqYvrEx_11calypso_cli6driverNtB6_18StateMachineDriver18execute_agent_step0B8_
FN:124,_RNCNvMs_NtCsk43tzqYvrEx_11calypso_cli6driverNtB6_18StateMachineDriver18execute_agent_steps0_0B8_
FN:120,_RNCNvMs_NtCsk43tzqYvrEx_11calypso_cli6driverNtB6_18StateMachineDriver18execute_agent_steps_0B8_
FN:102,_RNCNvMs_NtCsk43tzqYvrEx_11calypso_cli6driverNtB6_18StateMachineDriver21execute_function_step0B8_
FN:182,_RNCNvNtCsk43tzqYvrEx_11calypso_cli6driver22dispatch_function_step0B5_
FN:194,_RNCNvNtCsk43tzqYvrEx_11calypso_cli6driver22dispatch_function_steps0_0B5_
FN:200,_RNCNvNtCsk43tzqYvrEx_11calypso_cli6driver22dispatch_function_steps1_0B5_
FN:207,_RNCNvNtCsk43tzqYvrEx_11calypso_cli6driver22dispatch_function_steps2_0B5_
FN:208,_RNCNvNtCsk43tzqYvrEx_11calypso_cli6driver22dispatch_function_steps3_0B5_
FN:187,_RNCNvNtCsk43tzqYvrEx_11calypso_cli6driver22dispatch_function_steps_0B5_
FN:113,_RNvMs_NtCsk43tzqYvrEx_11calypso_cli6driverNtB4_18StateMachineDriver18execute_agent_step
FN:98,_RNvMs_NtCsk43tzqYvrEx_11calypso_cli6driverNtB4_18StateMachineDriver21execute_function_step
FN:83,_RNvMs_NtCsk43tzqYvrEx_11calypso_cli6driverNtB4_18StateMachineDriver4step
FN:151,_RNvMs_NtCsk43tzqYvrEx_11calypso_cli6driverNtB4_18StateMachineDriver8run_auto
FN:174,_RNvNtCsk43tzqYvrEx_11calypso_cli6driver22dispatch_function_step
FN:37,_RNvXNtCsk43tzqYvrEx_11calypso_cli6driverNtB2_12RealExecutorNtB2_15SessionExecutor3run
FNDA:8,_RNvMs_NtCsadPz79N6wDl_11calypso_cli6driverNtB4_18StateMachineDriver18execute_agent_step
FNDA:0,_RNvMs_NtCsadPz79N6wDl_11calypso_cli6driverNtB4_18StateMachineDriver21execute_function_step
FNDA:11,_RNvMs_NtCsadPz79N6wDl_11calypso_cli6driverNtB4_18StateMachineDriver4step
FNDA:2,_RNvMs_NtCsadPz79N6wDl_11calypso_cli6driverNtB4_18StateMachineDriver8run_auto
FNDA:0,_RNvNtCsadPz79N6wDl_11calypso_cli6driver22dispatch_function_step
FNDA:0,_RNvXNtCsadPz79N6wDl_11calypso_cli6driverNtB2_12RealExecutorNtB2_15SessionExecutor3run
FNDA:12,_RNCNvMs_NtCsadPz79N6wDl_11calypso_cli6driverNtB6_18StateMachineDriver18execute_agent_step0B8_
FNDA:8,_RNCNvMs_NtCsadPz79N6wDl_11calypso_cli6driverNtB6_18StateMachineDriver18execute_agent_steps0_0B8_
FNDA:8,_RNCNvMs_NtCsadPz79N6wDl_11calypso_cli6driverNtB6_18StateMachineDriver18execute_agent_steps_0B8_
FNDA:0,_RNCNvMs_NtCsadPz79N6wDl_11calypso_cli6driverNtB6_18StateMachineDriver21execute_function_step0B8_
FNDA:0,_RNCNvNtCsadPz79N6wDl_11calypso_cli6driver22dispatch_function_step0B5_
FNDA:0,_RNCNvNtCsadPz79N6wDl_11calypso_cli6driver22dispatch_function_steps0_0B5_
FNDA:0,_RNCNvNtCsadPz79N6wDl_11calypso_cli6driver22dispatch_function_steps1_0B5_
FNDA:0,_RNCNvNtCsadPz79N6wDl_11calypso_cli6driver22dispatch_function_steps2_0B5_
FNDA:0,_RNCNvNtCsadPz79N6wDl_11calypso_cli6driver22dispatch_function_steps3_0B5_
FNDA:0,_RNCNvNtCsadPz79N6wDl_11calypso_cli6driver22dispatch_function_steps_0B5_
FNDA:1,_RNvNtNtCsk43tzqYvrEx_11calypso_cli6driver5testss_33driver_mode_variants_are_distinct
FNDA:1,_RNvNtNtCsk43tzqYvrEx_11calypso_cli6driver5testss_41step_type_unknown_state_defaults_to_agent
FNDA:1,_RNvNtNtCsk43tzqYvrEx_11calypso_cli6driver5testss_48function_for_state_returns_none_for_simple_state
FNDA:1,_RNvNtNtCsk43tzqYvrEx_11calypso_cli6driver5testss_49step_type_defaults_to_agent_for_simple_state_name
FNDA:0,_RNCNvMs_NtCsk43tzqYvrEx_11calypso_cli6driverNtB6_18StateMachineDriver18execute_agent_step0B8_
FNDA:0,_RNCNvMs_NtCsk43tzqYvrEx_11calypso_cli6driverNtB6_18StateMachineDriver18execute_agent_steps0_0B8_
FNDA:0,_RNCNvMs_NtCsk43tzqYvrEx_11calypso_cli6driverNtB6_18StateMachineDriver18execute_agent_steps_0B8_
FNDA:0,_RNCNvMs_NtCsk43tzqYvrEx_11calypso_cli6driverNtB6_18StateMachineDriver21execute_function_step0B8_
FNDA:0,_RNCNvNtCsk43tzqYvrEx_11calypso_cli6driver22dispatch_function_step0B5_
FNDA:0,_RNCNvNtCsk43tzqYvrEx_11calypso_cli6driver22dispatch_function_steps0_0B5_
FNDA:0,_RNCNvNtCsk43tzqYvrEx_11calypso_cli6driver22dispatch_function_steps1_0B5_
FNDA:0,_RNCNvNtCsk43tzqYvrEx_11calypso_cli6driver22dispatch_function_steps2_0B5_
FNDA:0,_RNCNvNtCsk43tzqYvrEx_11calypso_cli6driver22dispatch_function_steps3_0B5_
FNDA:0,_RNCNvNtCsk43tzqYvrEx_11calypso_cli6driver22dispatch_function_steps_0B5_
FNDA:0,_RNvMs_NtCsk43tzqYvrEx_11calypso_cli6driverNtB4_18StateMachineDriver18execute_agent_step
FNDA:0,_RNvMs_NtCsk43tzqYvrEx_11calypso_cli6driverNtB4_18StateMachineDriver21execute_function_step
FNDA:0,_RNvMs_NtCsk43tzqYvrEx_11calypso_cli6driverNtB4_18StateMachineDriver4step
FNDA:0,_RNvMs_NtCsk43tzqYvrEx_11calypso_cli6driverNtB4_18StateMachineDriver8run_auto
FNDA:0,_RNvNtCsk43tzqYvrEx_11calypso_cli6driver22dispatch_function_step
FNDA:0,_RNvXNtCsk43tzqYvrEx_11calypso_cli6driverNtB2_12RealExecutorNtB2_15SessionExecutor3run
FNF:20
FNH:10
DA:37,0
DA:38,0
DA:39,0
DA:40,0
DA:41,0
DA:42,0
DA:43,0
DA:44,0
DA:83,11
DA:84,11
DA:85,8
DA:86,3
DA:89,8
DA:90,8
DA:92,8
DA:93,0
DA:94,8
DA:96,11
DA:98,0
DA:99,0
DA:100,0
DA:101,0
DA:102,0
DA:104,0
DA:105,0
DA:106,0
DA:107,0
DA:109,0
DA:111,0
DA:113,8
DA:114,8
DA:115,8
DA:116,8
DA:117,8
DA:118,8
DA:119,12
DA:120,8
DA:121,0
DA:122,8
DA:123,8
DA:124,8
DA:126,8
DA:127,8
DA:129,0
DA:132,8
DA:133,8
DA:134,6
DA:135,6
DA:136,6
DA:137,2
DA:138,0
DA:139,0
DA:140,0
DA:142,0
DA:144,0
DA:146,8
DA:151,2
DA:152,2
DA:154,2
DA:155,2
DA:156,2
DA:162,2
DA:163,2
DA:164,2
DA:165,0
DA:167,2
DA:168,2
DA:174,0
DA:175,0
DA:176,0
DA:177,0
DA:178,0
DA:179,0
DA:180,0
DA:181,0
DA:182,0
DA:183,0
DA:184,0
DA:185,0
DA:186,0
DA:187,0
DA:188,0
DA:190,0
DA:192,0
DA:193,0
DA:194,0
DA:195,0
DA:196,0
DA:197,0
DA:198,0
DA:199,0
DA:200,0
DA:201,0
DA:202,0
DA:204,0
DA:205,0
DA:206,0
DA:207,0
DA:208,0
DA:209,0
DA:210,0
DA:215,0
DA:218,0
DA:226,1
DA:227,1
DA:228,1
DA:229,1
DA:230,1
DA:233,1
DA:234,1
DA:235,1
DA:236,1
DA:237,1
DA:240,1
DA:241,1
DA:242,1
DA:243,1
DA:246,1
DA:247,1
DA:248,1
BRF:0
BRH:0
LF:130
LH:59
end_of_record
SF:/home/lucas/calypso/.claude/worktrees/agent-a62ed768/cli/src/error.rs
FN:12,_RNCNvNtCsadPz79N6wDl_11calypso_cli5error18REDACTION_REGISTRY0B5_
FN:42,_RNCNvNtCsadPz79N6wDl_11calypso_cli5error6redact0B5_
FN:199,_RINvMs_NtCsk43tzqYvrEx_11calypso_cli5errorNtB5_12CalypsoError10github_apipEB7_
FN:148,_RINvMs_NtCsk43tzqYvrEx_11calypso_cli5errorNtB5_12CalypsoError12with_contextppEB7_
FN:167,_RINvMs_NtCsk43tzqYvrEx_11calypso_cli5errorNtB5_12CalypsoError13provider_authpEB7_
FN:219,_RINvMs_NtCsk43tzqYvrEx_11calypso_cli5errorNtB5_12CalypsoError16state_corruptionpEB7_
FN:227,_RINvMs_NtCsk43tzqYvrEx_11calypso_cli5errorNtB5_12CalypsoError16studio_lifecyclepEB7_
FN:175,_RINvMs_NtCsk43tzqYvrEx_11calypso_cli5errorNtB5_12CalypsoError16subprocess_spawnpEB7_
FN:211,_RINvMs_NtCsk43tzqYvrEx_11calypso_cli5errorNtB5_12CalypsoError21missing_clarificationpEB7_
FN:203,_RINvMs_NtCsk43tzqYvrEx_11calypso_cli5errorNtB5_12CalypsoError24invalid_state_transitionpEB7_
FN:183,_RINvMs_NtCsk43tzqYvrEx_11calypso_cli5errorNtB5_12CalypsoError25malformed_provider_outputpEB7_
FN:195,_RINvMs_NtCsk43tzqYvrEx_11calypso_cli5errorNtB5_12CalypsoError3gitpEB7_
FN:134,_RINvMs_NtCsk43tzqYvrEx_11calypso_cli5errorNtB5_12CalypsoError3newppEB7_
FN:191,_RINvMs_NtCsk43tzqYvrEx_11calypso_cli5errorNtB5_12CalypsoError9transportpEB7_
FN:17,_RINvNtCsk43tzqYvrEx_11calypso_cli5error15register_secretpEB4_
FN:42,_RNCNvNtCsk43tzqYvrEx_11calypso_cli5error6redact0B5_
FN:159,_RNvMs_NtCsk43tzqYvrEx_11calypso_cli5errorNtB4_12CalypsoError11emit_stderr
FN:154,_RNvMs_NtCsk43tzqYvrEx_11calypso_cli5errorNtB4_12CalypsoError7to_json
FN:36,_RNvNtCsk43tzqYvrEx_11calypso_cli5error6redact
FN:86,_RNvXNtCsk43tzqYvrEx_11calypso_cli5errorNtB2_14RecoverabilityNtNtCs3XFJfFEDSOQ_4core3fmt7Display3fmt
FN:237,_RNvXs0_NtCsk43tzqYvrEx_11calypso_cli5errorNtB5_12CalypsoErrorNtNtCs3XFJfFEDSOQ_4core3fmt7Display3fmt
FN:12,_RNCNvNtCsk43tzqYvrEx_11calypso_cli5error18REDACTION_REGISTRY0B5_
FN:199,_RINvMs_NtCsadPz79N6wDl_11calypso_cli5errorNtB5_12CalypsoError10github_apiReECsltbgehUCHCI_5error
FN:148,_RINvMs_NtCsadPz79N6wDl_11calypso_cli5errorNtB5_12CalypsoError12with_contextReB1b_ECsltbgehUCHCI_5error
FN:167,_RINvMs_NtCsadPz79N6wDl_11calypso_cli5errorNtB5_12CalypsoError13provider_authReECsltbgehUCHCI_5error
FN:219,_RINvMs_NtCsadPz79N6wDl_11calypso_cli5errorNtB5_12CalypsoError16state_corruptionReECsltbgehUCHCI_5error
FN:227,_RINvMs_NtCsadPz79N6wDl_11calypso_cli5errorNtB5_12CalypsoError16studio_lifecycleReECsltbgehUCHCI_5error
FN:175,_RINvMs_NtCsadPz79N6wDl_11calypso_cli5errorNtB5_12CalypsoError16subprocess_spawnReECsltbgehUCHCI_5error
FN:211,_RINvMs_NtCsadPz79N6wDl_11calypso_cli5errorNtB5_12CalypsoError21missing_clarificationReECsltbgehUCHCI_5error
FN:203,_RINvMs_NtCsadPz79N6wDl_11calypso_cli5errorNtB5_12CalypsoError24invalid_state_transitionReECsltbgehUCHCI_5error
FN:183,_RINvMs_NtCsadPz79N6wDl_11calypso_cli5errorNtB5_12CalypsoError25malformed_provider_outputReECsltbgehUCHCI_5error
FN:195,_RINvMs_NtCsadPz79N6wDl_11calypso_cli5errorNtB5_12CalypsoError3gitReECsltbgehUCHCI_5error
FN:134,_RINvMs_NtCsadPz79N6wDl_11calypso_cli5errorNtB5_12CalypsoError3newReB11_ECsltbgehUCHCI_5error
FN:191,_RINvMs_NtCsadPz79N6wDl_11calypso_cli5errorNtB5_12CalypsoError9transportReECsltbgehUCHCI_5error
FN:17,_RINvNtCsadPz79N6wDl_11calypso_cli5error15register_secretReECsltbgehUCHCI_5error
FN:159,_RNvMs_NtCsadPz79N6wDl_11calypso_cli5errorNtB4_12CalypsoError11emit_stderr
FN:154,_RNvMs_NtCsadPz79N6wDl_11calypso_cli5errorNtB4_12CalypsoError7to_json
FN:36,_RNvNtCsadPz79N6wDl_11calypso_cli5error6redact
FN:86,_RNvXNtCsadPz79N6wDl_11calypso_cli5errorNtB2_14RecoverabilityNtNtCs3XFJfFEDSOQ_4core3fmt7Display3fmt
FN:237,_RNvXs0_NtCsadPz79N6wDl_11calypso_cli5errorNtB5_12CalypsoErrorNtNtCs3XFJfFEDSOQ_4core3fmt7Display3fmt
FNDA:1,_RNCNvNtCsadPz79N6wDl_11calypso_cli5error18REDACTION_REGISTRY0B5_
FNDA:0,_RNCNvNtCsadPz79N6wDl_11calypso_cli5error6redact0B5_
FNDA:0,_RINvMs_NtCsk43tzqYvrEx_11calypso_cli5errorNtB5_12CalypsoError10github_apipEB7_
FNDA:0,_RINvMs_NtCsk43tzqYvrEx_11calypso_cli5errorNtB5_12CalypsoError12with_contextppEB7_
FNDA:0,_RINvMs_NtCsk43tzqYvrEx_11calypso_cli5errorNtB5_12CalypsoError13provider_authpEB7_
FNDA:0,_RINvMs_NtCsk43tzqYvrEx_11calypso_cli5errorNtB5_12CalypsoError16state_corruptionpEB7_
FNDA:0,_RINvMs_NtCsk43tzqYvrEx_11calypso_cli5errorNtB5_12CalypsoError16studio_lifecyclepEB7_
FNDA:0,_RINvMs_NtCsk43tzqYvrEx_11calypso_cli5errorNtB5_12CalypsoError16subprocess_spawnpEB7_
FNDA:0,_RINvMs_NtCsk43tzqYvrEx_11calypso_cli5errorNtB5_12CalypsoError21missing_clarificationpEB7_
FNDA:0,_RINvMs_NtCsk43tzqYvrEx_11calypso_cli5errorNtB5_12CalypsoError24invalid_state_transitionpEB7_
FNDA:0,_RINvMs_NtCsk43tzqYvrEx_11calypso_cli5errorNtB5_12CalypsoError25malformed_provider_outputpEB7_
FNDA:0,_RINvMs_NtCsk43tzqYvrEx_11calypso_cli5errorNtB5_12CalypsoError3gitpEB7_
FNDA:0,_RINvMs_NtCsk43tzqYvrEx_11calypso_cli5errorNtB5_12CalypsoError3newppEB7_
FNDA:0,_RINvMs_NtCsk43tzqYvrEx_11calypso_cli5errorNtB5_12CalypsoError9transportpEB7_
FNDA:0,_RINvNtCsk43tzqYvrEx_11calypso_cli5error15register_secretpEB4_
FNDA:0,_RNCNvNtCsk43tzqYvrEx_11calypso_cli5error6redact0B5_
FNDA:0,_RNvMs_NtCsk43tzqYvrEx_11calypso_cli5errorNtB4_12CalypsoError11emit_stderr
FNDA:0,_RNvMs_NtCsk43tzqYvrEx_11calypso_cli5errorNtB4_12CalypsoError7to_json
FNDA:0,_RNvNtCsk43tzqYvrEx_11calypso_cli5error6redact
FNDA:0,_RNvXNtCsk43tzqYvrEx_11calypso_cli5errorNtB2_14RecoverabilityNtNtCs3XFJfFEDSOQ_4core3fmt7Display3fmt
FNDA:0,_RNvXs0_NtCsk43tzqYvrEx_11calypso_cli5errorNtB5_12CalypsoErrorNtNtCs3XFJfFEDSOQ_4core3fmt7Display3fmt
FNDA:0,_RNCNvNtCsk43tzqYvrEx_11calypso_cli5error18REDACTION_REGISTRY0B5_
FNDA:2,_RINvMs_NtCsadPz79N6wDl_11calypso_cli5errorNtB5_12CalypsoError10github_apiReECsltbgehUCHCI_5error
FNDA:1,_RINvMs_NtCsadPz79N6wDl_11calypso_cli5errorNtB5_12CalypsoError12with_contextReB1b_ECsltbgehUCHCI_5error
FNDA:3,_RINvMs_NtCsadPz79N6wDl_11calypso_cli5errorNtB5_12CalypsoError13provider_authReECsltbgehUCHCI_5error
FNDA:2,_RINvMs_NtCsadPz79N6wDl_11calypso_cli5errorNtB5_12CalypsoError16state_corruptionReECsltbgehUCHCI_5error
FNDA:2,_RINvMs_NtCsadPz79N6wDl_11calypso_cli5errorNtB5_12CalypsoError16studio_lifecycleReECsltbgehUCHCI_5error
FNDA:2,_RINvMs_NtCsadPz79N6wDl_11calypso_cli5errorNtB5_12CalypsoError16subprocess_spawnReECsltbgehUCHCI_5error
FNDA:2,_RINvMs_NtCsadPz79N6wDl_11calypso_cli5errorNtB5_12CalypsoError21missing_clarificationReECsltbgehUCHCI_5error
FNDA:2,_RINvMs_NtCsadPz79N6wDl_11calypso_cli5errorNtB5_12CalypsoError24invalid_state_transitionReECsltbgehUCHCI_5error
FNDA:2,_RINvMs_NtCsadPz79N6wDl_11calypso_cli5errorNtB5_12CalypsoError25malformed_provider_outputReECsltbgehUCHCI_5error
FNDA:5,_RINvMs_NtCsadPz79N6wDl_11calypso_cli5errorNtB5_12CalypsoError3gitReECsltbgehUCHCI_5error
FNDA:27,_RINvMs_NtCsadPz79N6wDl_11calypso_cli5errorNtB5_12CalypsoError3newReB11_ECsltbgehUCHCI_5error
FNDA:5,_RINvMs_NtCsadPz79N6wDl_11calypso_cli5errorNtB5_12CalypsoError9transportReECsltbgehUCHCI_5error
FNDA:2,_RINvNtCsadPz79N6wDl_11calypso_cli5error15register_secretReECsltbgehUCHCI_5error
FNDA:1,_RNvMs_NtCsadPz79N6wDl_11calypso_cli5errorNtB4_12CalypsoError11emit_stderr
FNDA:6,_RNvMs_NtCsadPz79N6wDl_11calypso_cli5errorNtB4_12CalypsoError7to_json
FNDA:12,_RNvNtCsadPz79N6wDl_11calypso_cli5error6redact
FNDA:3,_RNvXNtCsadPz79N6wDl_11calypso_cli5errorNtB2_14RecoverabilityNtNtCs3XFJfFEDSOQ_4core3fmt7Display3fmt
FNDA:1,_RNvXs0_NtCsadPz79N6wDl_11calypso_cli5errorNtB5_12CalypsoErrorNtNtCs3XFJfFEDSOQ_4core3fmt7Display3fmt
FNF:20
FNH:19
DA:12,1
DA:17,2
DA:18,2
DA:19,2
DA:20,1
DA:21,1
DA:22,1
DA:23,1
DA:24,1
DA:25,1
DA:26,1
DA:27,2
DA:36,12
DA:37,12
DA:40,12
DA:41,12
DA:42,12
DA:43,17
DA:44,5
DA:45,5
DA:46,0
DA:49,12
DA:50,12
DA:51,12
DA:52,12
DA:55,12
DA:56,12
DA:58,12
DA:59,12
DA:60,12
DA:61,12
DA:64,12
DA:65,12
DA:67,12
DA:68,12
DA:86,3
DA:87,3
DA:88,1
DA:89,1
DA:90,1
DA:92,3
DA:134,27
DA:135,27
DA:136,27
DA:137,27
DA:138,27
DA:139,27
DA:140,27
DA:141,27
DA:142,27
DA:143,27
DA:144,27
DA:145,27
DA:148,1
DA:149,1
DA:150,1
DA:151,1
DA:154,6
DA:155,6
DA:156,6
DA:159,1
DA:160,1
DA:161,1
DA:167,3
DA:168,3
DA:170,3
DA:171,3
DA:173,3
DA:175,2
DA:176,2
DA:178,2
DA:179,2
DA:181,2
DA:183,2
DA:184,2
DA:186,2
DA:187,2
DA:189,2
DA:191,5
DA:192,5
DA:193,5
DA:195,5
DA:196,5
DA:197,5
DA:199,2
DA:200,2
DA:201,2
DA:203,2
DA:204,2
DA:206,2
DA:207,2
DA:209,2
DA:211,2
DA:212,2
DA:214,2
DA:215,2
DA:217,2
DA:219,2
DA:220,2
DA:222,2
DA:223,2
DA:225,2
DA:227,2
DA:228,2
DA:230,2
DA:231,2
DA:233,2
DA:237,1
DA:238,1
DA:239,1
BRF:0
BRH:0
LF:111
LH:109
end_of_record
SF:/home/lucas/calypso/.claude/worktrees/agent-a62ed768/cli/src/execution.rs
FN:286,_RNvNtCsadPz79N6wDl_11calypso_cli9execution10invoke_raw
FN:521,_RNvNtCsadPz79N6wDl_11calypso_cli9execution11now_rfc3339
FN:232,_RNvNtCsadPz79N6wDl_11calypso_cli9execution12build_prompt
FN:280,_RNvNtCsadPz79N6wDl_11calypso_cli9execution12is_transient
FN:311,_RNvNtCsadPz79N6wDl_11calypso_cli9execution13apply_outcome
FN:436,_RNvNtCsadPz79N6wDl_11calypso_cli9execution13forward_facts
FN:536,_RNvNtCsadPz79N6wDl_11calypso_cli9execution14epoch_to_parts
FN:478,_RNvNtCsadPz79N6wDl_11calypso_cli9execution14finish_session
FN:427,_RNvNtCsadPz79N6wDl_11calypso_cli9execution16mark_agent_gates
FN:258,_RNvNtCsadPz79N6wDl_11calypso_cli9execution17invoke_with_retry
FN:447,_RNvNtCsadPz79N6wDl_11calypso_cli9execution21advance_if_gates_pass
FN:101,_RNvNtCsadPz79N6wDl_11calypso_cli9execution22run_supervised_session
FN:496,_RNvNtCsadPz79N6wDl_11calypso_cli9execution22write_transcript_entry
FN:584,_RNvNtCsadPz79N6wDl_11calypso_cli9execution7is_leap
FN:40,_RNvXNtCsadPz79N6wDl_11calypso_cli9executionNtB2_15ExecutionConfigNtNtCs3XFJfFEDSOQ_4core7default7Default7default
FN:82,_RNvXs_NtCsadPz79N6wDl_11calypso_cli9executionNtB4_14ExecutionErrorNtNtCs3XFJfFEDSOQ_4core3fmt7Display3fmt
FN:527,_RNCNvNtCsadPz79N6wDl_11calypso_cli9execution11now_rfc33390B5_
FN:488,_RNCNvNtCsadPz79N6wDl_11calypso_cli9execution14finish_session0B5_
[...]
FNDA:0,_RNvMs4_NtCsk43tzqYvrEx_11calypso_cli3tuiNtB5_13DoctorSurface11check_count
FNDA:0,_RNvMs4_NtCsk43tzqYvrEx_11calypso_cli3tuiNtB5_13DoctorSurface16handle_key_event
FNDA:0,_RNvMs4_NtCsk43tzqYvrEx_11calypso_cli3tuiNtB5_13DoctorSurface18apply_selected_fix
FNDA:0,_RNvMs4_NtCsk43tzqYvrEx_11calypso_cli3tuiNtB5_13DoctorSurface3new
FNDA:0,_RNvMs4_NtCsk43tzqYvrEx_11calypso_cli3tuiNtB5_13DoctorSurface6render
FNDA:0,_RNvMs4_NtCsk43tzqYvrEx_11calypso_cli3tuiNtB5_13DoctorSurface7refresh
FNDA:0,_RNvMs4_NtCsk43tzqYvrEx_11calypso_cli3tuiNtB5_13DoctorSurface8selected
FNDA:0,_RNvMs5_NtCsk43tzqYvrEx_11calypso_cli3tuiNtB5_8SmStatus4icon
FNDA:0,_RNvMs7_NtCsk43tzqYvrEx_11calypso_cli3tuiNtB5_19StateMachineSurface11expand_node
FNDA:0,_RNvMs7_NtCsk43tzqYvrEx_11calypso_cli3tuiNtB5_19StateMachineSurface12visible_rows
FNDA:0,_RNvMs7_NtCsk43tzqYvrEx_11calypso_cli3tuiNtB5_19StateMachineSurface13adjust_scroll
FNDA:0,_RNvMs7_NtCsk43tzqYvrEx_11calypso_cli3tuiNtB5_19StateMachineSurface16handle_key_event
FNDA:0,_RNvMs7_NtCsk43tzqYvrEx_11calypso_cli3tuiNtB5_19StateMachineSurface18from_feature_state
FNDA:0,_RNvMs7_NtCsk43tzqYvrEx_11calypso_cli3tuiNtB5_19StateMachineSurface3new
FNDA:0,_RNvMs8_NtCsk43tzqYvrEx_11calypso_cli3tuiNtB5_6AppTab12screen_hints
FNDA:0,_RNvMs8_NtCsk43tzqYvrEx_11calypso_cli3tuiNtB5_6AppTab4next
FNDA:0,_RNvMs8_NtCsk43tzqYvrEx_11calypso_cli3tuiNtB5_6AppTab4prev
FNDA:0,_RNvMs8_NtCsk43tzqYvrEx_11calypso_cli3tuiNtB5_6AppTab5label
FNDA:0,_RNvMs9_NtCsk43tzqYvrEx_11calypso_cli3tuiNtB5_8AppShell13with_operator
FNDA:0,_RNvMs9_NtCsk43tzqYvrEx_11calypso_cli3tuiNtB5_8AppShell16handle_key_event
FNDA:0,_RNvMs9_NtCsk43tzqYvrEx_11calypso_cli3tuiNtB5_8AppShell3new
FNDA:0,_RNvMs9_NtCsk43tzqYvrEx_11calypso_cli3tuiNtB5_8AppShell7with_sm
FNDA:0,_RNvMs_NtCsk43tzqYvrEx_11calypso_cli3tuiNtB4_15OperatorSurface13focus_session
FNDA:0,_RNvMs_NtCsk43tzqYvrEx_11calypso_cli3tuiNtB4_15OperatorSurface16handle_key_event
FNDA:0,_RNvMs_NtCsk43tzqYvrEx_11calypso_cli3tuiNtB4_15OperatorSurface16selected_session
FNDA:0,_RNvMs_NtCsk43tzqYvrEx_11calypso_cli3tuiNtB4_15OperatorSurface18from_feature_state
FNDA:0,_RNvMs_NtCsk43tzqYvrEx_11calypso_cli3tuiNtB4_15OperatorSurface27pending_clarification_count
FNDA:0,_RNvMs_NtCsk43tzqYvrEx_11calypso_cli3tuiNtB4_15OperatorSurface6render
FNDA:0,_RNvNtCsk43tzqYvrEx_11calypso_cli3tui11sm_pipeline
FNDA:0,_RNvNtCsk43tzqYvrEx_11calypso_cli3tui13sm_step_label
FNDA:0,_RNvNtCsk43tzqYvrEx_11calypso_cli3tui14sm_gate_status
FNDA:0,_RNvNtCsk43tzqYvrEx_11calypso_cli3tui14workflow_label
FNDA:0,_RNvNtCsk43tzqYvrEx_11calypso_cli3tui15queue_follow_up
FNDA:0,_RNvNtCsk43tzqYvrEx_11calypso_cli3tui17gate_status_label
FNDA:0,_RNvNtCsk43tzqYvrEx_11calypso_cli3tui18run_doctor_surface
FNDA:0,_RNvNtCsk43tzqYvrEx_11calypso_cli3tui19github_review_label
FNDA:0,_RNvNtCsk43tzqYvrEx_11calypso_cli3tui20answer_clarification
FNDA:0,_RNvNtCsk43tzqYvrEx_11calypso_cli3tui20run_terminal_surface
FNDA:0,_RNvNtCsk43tzqYvrEx_11calypso_cli3tui20session_status_label
FNDA:0,_RNvNtCsk43tzqYvrEx_11calypso_cli3tui20sm_gate_group_status
FNDA:0,_RNvNtCsk43tzqYvrEx_11calypso_cli3tui21evidence_status_label
FNDA:0,_RNvNtCsk43tzqYvrEx_11calypso_cli3tui21placeholder_key_event
FNDA:0,_RNvNtCsk43tzqYvrEx_11calypso_cli3tui23gate_group_status_label
FNDA:0,_RNvNtCsk43tzqYvrEx_11calypso_cli3tui24render_workflow_pipeline
FNDA:0,_RNvNtCsk43tzqYvrEx_11calypso_cli3tui25github_mergeability_label
FNDA:0,_RNvNtCsk43tzqYvrEx_11calypso_cli3tui25interrupt_active_sessions
FNDA:0,_RNvNtCsk43tzqYvrEx_11calypso_cli3tui30doctor_check_views_from_report
FNDA:0,_RNvNtCsk43tzqYvrEx_11calypso_cli3tui35pending_clarifications_from_feature
FNDA:0,_RNvNtCsk43tzqYvrEx_11calypso_cli3tui9run_watch
FNDA:0,_RNvXs6_NtCsk43tzqYvrEx_11calypso_cli3tuiNtB5_19StateMachineSurfaceNtNtCs3XFJfFEDSOQ_4core7default7Default7default
FNDA:3,_RINvMs1_NtCsadPz79N6wDl_11calypso_cli3tuiNtB6_15OperatorSurface12render_panedINtNtCsgag4BwXrjBQ_5alloc3vec3VechEECsiuwjv5F4qQV_3tui
FNDA:3,_RINvMs1_NtCsadPz79N6wDl_11calypso_cli3tuiNtB6_15OperatorSurface23render_operator_sidebarINtNtCsgag4BwXrjBQ_5alloc3vec3VechEECsiuwjv5F4qQV_3tui
FNDA:3,_RINvMs1_NtCsadPz79N6wDl_11calypso_cli3tuiNtB6_15OperatorSurface25render_operator_input_rowINtNtCsgag4BwXrjBQ_5alloc3vec3VechEECsiuwjv5F4qQV_3tui
FNDA:3,_RINvMs1_NtCsadPz79N6wDl_11calypso_cli3tuiNtB6_15OperatorSurface25render_operator_main_paneINtNtCsgag4BwXrjBQ_5alloc3vec3VechEECsiuwjv5F4qQV_3tui
FNDA:8,_RINvMs7_NtCsadPz79N6wDl_11calypso_cli3tuiNtB6_19StateMachineSurface12render_panedINtNtCsgag4BwXrjBQ_5alloc3vec3VechEECsiuwjv5F4qQV_3tui
FNDA:3,_RINvNtCsadPz79N6wDl_11calypso_cli3tui23render_vertical_dividerINtNtCsgag4BwXrjBQ_5alloc3vec3VechEECsiuwjv5F4qQV_3tui
FNDA:3,_RINvNtCsadPz79N6wDl_11calypso_cli3tui33render_keybinding_ribbon_operatorINtNtCsgag4BwXrjBQ_5alloc3vec3VechEECsiuwjv5F4qQV_3tui
FNDA:314,_RINvNtCsadPz79N6wDl_11calypso_cli3tui8write_atINtNtCsgag4BwXrjBQ_5alloc3vec3VechEECsiuwjv5F4qQV_3tui
FNDA:2,_RNCINvMs1_NtCsadPz79N6wDl_11calypso_cli3tuiNtB8_15OperatorSurface25render_operator_main_paneINtNtCsgag4BwXrjBQ_5alloc3vec3VechEE0Csiuwjv5F4qQV_3tui
FNF:106
FNH:95
DA:35,16
DA:36,16
DA:37,16
DA:39,2
DA:40,2
DA:41,2
DA:43,9
DA:44,9
DA:45,3
DA:46,3
DA:48,6
DA:50,9
DA:52,54
DA:53,54
DA:54,54
DA:88,51
DA:89,51
DA:92,51
DA:93,51
DA:94,51
DA:95,51
DA:96,51
DA:97,4
DA:98,1
DA:100,3
DA:102,4
DA:103,4
DA:104,4
DA:105,4
DA:106,51
DA:107,51
DA:108,51
DA:109,51
DA:110,51
DA:111,79
DA:112,79
DA:114,79
DA:115,79
DA:116,79
DA:117,79
DA:118,79
DA:119,79
DA:120,79
DA:121,79
DA:122,79
DA:123,79
DA:124,79
DA:125,79
DA:126,79
DA:127,79
DA:129,79
DA:130,51
DA:131,51
DA:132,51
DA:133,51
DA:134,51
DA:135,51
DA:136,51
DA:137,51
DA:138,51
DA:139,13
DA:141,38
DA:142,38
DA:143,38
DA:144,75
DA:145,38
DA:147,51
DA:148,51
DA:149,51
DA:150,51
DA:151,51
DA:152,51
DA:153,51
DA:154,51
DA:155,51
DA:156,51
DA:159,51
DA:161,51
DA:163,36
DA:164,36
DA:165,36
DA:166,36
DA:167,36
DA:168,36
DA:169,36
DA:172,36
DA:173,36
DA:174,36
DA:178,36
DA:179,36
DA:182,36
DA:183,6
DA:185,30
DA:187,36
DA:188,36
DA:189,36
DA:195,36
DA:196,4
DA:197,4
DA:198,4
DA:199,4
DA:200,4
DA:201,32
DA:202,1
DA:203,1
DA:204,31
DA:207,36
DA:208,33
DA:209,33
DA:210,33
DA:211,85
DA:212,52
DA:213,52
DA:214,37
DA:215,26
DA:216,20
DA:218,52
DA:219,104
DA:220,52
DA:221,52
DA:222,37
DA:223,26
DA:224,20
DA:226,52
DA:227,52
DA:228,52
DA:233,3
DA:236,36
DA:237,4
DA:238,4
DA:239,4
DA:240,8
DA:241,4
DA:242,4
DA:243,4
DA:244,4
DA:245,4
DA:246,32
DA:249,36
DA:250,36
DA:251,36
DA:252,36
DA:253,5
DA:254,5
DA:255,64
DA:256,33
DA:257,33
DA:258,11
DA:259,8
DA:260,5
DA:261,3
DA:263,33
DA:264,33
DA:267,92
DA:268,59
DA:269,59
DA:273,36
DA:275,36
DA:276,4
DA:277,4
DA:278,4
DA:279,4
DA:280,32
DA:281,32
DA:282,32
DA:284,36
DA:285,36
DA:287,36
DA:288,36
DA:290,39
DA:292,39
DA:293,2
DA:294,2
DA:295,37
DA:297,37
DA:298,11
DA:299,11
DA:300,11
DA:301,11
DA:304,1
DA:305,1
DA:306,1
DA:308,6
DA:309,5
DA:310,5
DA:312,1
DA:313,1
DA:314,1
DA:315,1
DA:317,4
DA:321,1
DA:322,1
DA:326,2
DA:327,2
DA:330,5
DA:331,5
DA:334,4
DA:335,3
DA:336,3
DA:337,3
DA:338,1
DA:339,1
DA:340,1
DA:341,4
DA:344,8
DA:345,4
DA:347,4
DA:348,4
DA:349,4
DA:350,4
DA:351,8
DA:353,0
DA:355,39
DA:358,1
DA:359,1
DA:360,1
DA:364,5
DA:365,5
DA:366,5
DA:367,5
DA:368,7
DA:369,5
DA:372,11
DA:373,11
DA:374,11
DA:420,1
DA:421,1
DA:422,1
DA:423,1
DA:425,1
DA:426,1
DA:427,1
DA:428,1
DA:429,1
DA:430,1
DA:431,1
DA:432,1
DA:433,1
DA:434,1
DA:435,1
DA:436,1
DA:437,1
DA:440,1
DA:441,1
DA:442,1
DA:443,1
DA:444,1
DA:445,1
DA:446,1
DA:447,1
DA:448,0
DA:449,1
DA:450,1
DA:451,1
DA:452,1
DA:453,1
DA:455,1
DA:456,1
DA:458,1
DA:459,1
DA:460,1
DA:461,1
DA:462,1
DA:463,1
DA:464,1
DA:465,0
DA:466,1
DA:467,1
DA:468,1
DA:469,1
DA:470,1
DA:471,1
DA:472,0
DA:474,1
DA:475,1
DA:476,1
DA:477,1
DA:478,1
DA:479,1
DA:508,14
DA:509,14
DA:510,14
DA:511,14
DA:512,14
DA:513,14
DA:514,14
DA:516,14
DA:517,13
DA:519,1
DA:520,1
DA:523,14
DA:525,14
DA:526,1
DA:527,1
DA:528,1
DA:530,13
DA:531,9
DA:532,2
DA:533,2
DA:534,2
DA:535,2
DA:536,1
DA:538,1
DA:541,0
DA:542,0
DA:543,0
DA:544,0
DA:545,0
DA:546,1
DA:547,1
DA:548,1
DA:549,1
DA:550,1
DA:551,1
DA:553,0
DA:556,13
DA:557,14
DA:587,4
DA:588,4
DA:589,2
DA:590,4
DA:593,4
DA:594,2
DA:595,2
DA:597,2
DA:599,4
DA:606,2
DA:607,2
DA:608,2
DA:609,2
DA:610,2
DA:612,1
DA:613,1
DA:615,1
DA:617,2
DA:621,3
DA:622,4
DA:623,2
DA:624,4
DA:626,2
DA:627,2
DA:628,2
DA:629,2
DA:631,3
DA:634,51
DA:635,51
DA:636,51
DA:637,51
DA:638,51
DA:639,51
DA:640,5
DA:641,5
DA:642,5
DA:643,51
DA:644,51
DA:668,51
DA:669,51
DA:670,51
DA:675,52
DA:688,318
DA:689,52
DA:690,52
DA:691,52
DA:692,199
DA:693,441
DA:694,199
DA:695,177
DA:696,468
DA:697,52
DA:699,52
DA:701,52
DA:702,52
DA:703,49
DA:704,49
DA:706,52
DA:708,79
DA:709,79
DA:710,20
DA:711,30
DA:712,23
DA:713,6
DA:715,79
DA:717,79
DA:718,79
DA:719,30
DA:720,20
DA:721,6
DA:722,23
DA:724,79
DA:726,51
DA:727,51
DA:728,33
DA:729,4
DA:730,9
DA:731,3
DA:732,2
DA:734,51
DA:736,4
DA:737,4
DA:738,2
DA:739,1
DA:740,1
DA:742,4
DA:744,4
DA:745,4
DA:746,1
DA:747,1
DA:748,1
DA:749,1
DA:751,4
DA:757,0
DA:758,0
DA:759,0
DA:760,0
DA:762,0
DA:765,0
DA:766,0
DA:767,0
DA:769,0
DA:770,0
DA:771,0
DA:772,0
DA:773,0
DA:774,0
DA:775,0
DA:777,4
DA:778,4
DA:779,1
DA:780,1
DA:781,1
DA:782,1
DA:784,4
DA:824,13
DA:825,13
DA:826,13
DA:828,13
DA:829,13
DA:830,13
DA:831,13
DA:833,13
DA:834,13
DA:835,13
DA:836,13
DA:837,13
DA:838,13
DA:839,13
DA:840,13
DA:841,13
DA:842,13
DA:843,13
DA:844,13
DA:845,13
DA:846,13
DA:847,13
DA:852,1188
DA:853,1188
DA:854,1188
DA:855,1188
DA:856,1188
DA:857,1188
DA:858,1188
DA:859,1188
DA:861,1188
DA:862,1188
DA:863,164
DA:864,164
DA:866,1024
DA:868,1188
DA:871,16
DA:872,384
DA:873,384
DA:874,384
DA:876,16
DA:877,16
DA:886,16
DA:887,16
DA:888,16
DA:889,16
DA:890,16
DA:891,16
DA:892,16
DA:893,16
DA:895,16
DA:896,16
DA:897,16
DA:898,16
DA:899,16
DA:900,16
DA:903,16
DA:906,16
DA:907,16
DA:908,16
DA:909,16
DA:910,16
DA:911,16
DA:913,16
DA:914,16
DA:915,16
DA:916,16
DA:919,16
DA:921,16
DA:922,16
DA:925,16
DA:926,16
DA:929,16
DA:930,13
DA:932,3
DA:934,16
DA:935,16
DA:936,16
DA:942,16
DA:943,0
DA:944,0
DA:945,0
DA:946,0
DA:947,0
DA:948,16
DA:949,0
DA:950,0
DA:951,16
DA:954,16
DA:955,16
DA:956,16
DA:957,16
DA:958,35
DA:959,19
DA:960,19
DA:961,3
DA:962,0
DA:963,0
DA:965,19
DA:966,38
DA:967,19
DA:968,19
DA:969,3
DA:970,0
DA:971,0
DA:973,19
DA:974,19
DA:975,19
DA:980,0
DA:983,16
DA:984,16
DA:985,7
DA:986,7
DA:987,7
DA:988,7
DA:989,0
DA:990,0
DA:991,0
DA:993,7
DA:994,7
DA:997,7
DA:998,7
DA:999,0
DA:1000,0
DA:1001,14
DA:1002,7
DA:1003,7
DA:1007,9
DA:1008,9
DA:1009,9
DA:1010,0
DA:1011,0
DA:1012,19
DA:1013,10
DA:1014,10
DA:1015,9
DA:1016,4
DA:1017,4
DA:1018,4
DA:1020,10
DA:1021,10
DA:1024,21
DA:1025,11
DA:1026,11
DA:1033,16
DA:1034,16
DA:1035,289
DA:1036,289
DA:1037,1
DA:1038,288
DA:1039,288
DA:1042,16
DA:1043,64
DA:1044,64
DA:1046,16
DA:1047,16
DA:1049,16
DA:1050,16
DA:1051,16
DA:1052,16
DA:1053,16
DA:1054,16
DA:1055,16
DA:1056,16
DA:1058,16
DA:1059,16
DA:1060,16
DA:1061,16
DA:1063,16
DA:1065,16
DA:1068,16
DA:1069,0
DA:1070,0
DA:1071,0
DA:1072,0
DA:1074,19
DA:1075,19
DA:1076,0
DA:1077,19
DA:1078,19
DA:1079,7
DA:1081,12
DA:1083,19
DA:1084,19
DA:1085,16
DA:1086,4
DA:1087,4
DA:1088,4
DA:1090,19
DA:1091,19
DA:1092,19
DA:1097,16
DA:1098,16
DA:1099,16
DA:1100,11
DA:1101,11
DA:1102,11
DA:1103,11
DA:1104,11
DA:1105,11
DA:1106,0
DA:1107,11
DA:1108,5
DA:1111,16
DA:1112,0
DA:1113,0
DA:1114,0
DA:1115,0
DA:1116,0
DA:1117,0
DA:1121,27
DA:1122,11
DA:1123,0
DA:1124,11
DA:1125,11
DA:1126,11
DA:1127,11
DA:1131,295
DA:1132,279
DA:1133,279
DA:1137,16
DA:1138,16
DA:1139,16
DA:1140,16
DA:1141,16
DA:1142,16
DA:1143,16
DA:1144,0
DA:1145,0
DA:1147,16
DA:1148,16
DA:1150,16
DA:1151,16
DA:1152,16
DA:1153,16
DA:1154,16
DA:1155,16
DA:1156,0
DA:1158,16
DA:1160,16
DA:1161,16
DA:1164,16
DA:1165,16
DA:1166,16
DA:1167,16
DA:1168,16
DA:1169,16
DA:1170,3
DA:1172,13
DA:1174,16
DA:1175,16
DA:1176,16
DA:1185,6
DA:1186,6
DA:1187,6
DA:1189,6
DA:1190,6
DA:1191,6
DA:1192,48
DA:1193,6
DA:1194,6
DA:1197,6
DA:1198,6
DA:1201,6
DA:1202,6
DA:1203,0
DA:1204,6
DA:1205,6
DA:1208,6
DA:1209,6
DA:1210,0
DA:1211,6
DA:1212,6
DA:1215,6
DA:1216,6
DA:1217,0
DA:1218,6
DA:1221,6
DA:1222,48
DA:1223,48
DA:1224,0
DA:1225,48
DA:1226,48
DA:1227,48
DA:1228,42
DA:1230,6
DA:1232,48
DA:1233,0
DA:1235,48
DA:1237,48
DA:1238,48
DA:1240,48
DA:1241,48
DA:1242,48
DA:1243,0
DA:1244,48
DA:1248,6
DA:1249,6
DA:1250,6
DA:1251,6
DA:1252,0
DA:1253,6
DA:1254,6
DA:1255,6
DA:1257,6
DA:1258,6
DA:1259,6
DA:1260,0
DA:1261,6
DA:1262,0
DA:1263,6
DA:1264,6
DA:1265,6
DA:1267,0
DA:1269,6
DA:1270,6
DA:1271,0
DA:1272,6
DA:1273,0
DA:1275,0
DA:1276,0
DA:1277,6
DA:1278,6
DA:1279,0
DA:1281,0
DA:1282,0
DA:1283,6
DA:1284,6
DA:1285,1
DA:1287,1
DA:1288,1
DA:1289,5
DA:1290,0
DA:1293,47
DA:1294,41
DA:1295,41
DA:1298,6
DA:1299,6
DA:1319,68
DA:1320,68
DA:1321,68
DA:1336,14
DA:1337,14
DA:1338,14
DA:1339,14
DA:1340,14
DA:1341,14
DA:1342,14
DA:1343,14
DA:1344,14
DA:1347,1
DA:1348,1
DA:1349,1
DA:1350,1
DA:1351,1
DA:1352,1
DA:1353,1
DA:1354,1
DA:1355,0
DA:1356,1
DA:1357,1
DA:1360,5
DA:1361,5
DA:1362,5
DA:1363,5
DA:1364,20
DA:1365,5
DA:1366,5
DA:1368,5
DA:1369,5
DA:1370,5
DA:1371,5
DA:1372,5
DA:1375,5
DA:1376,5
DA:1377,5
DA:1380,20
DA:1381,20
DA:1382,20
DA:1383,11
DA:1385,9
DA:1387,20
DA:1388,4
DA:1390,16
DA:1392,20
DA:1395,5
DA:1396,5
DA:1397,5
DA:1398,5
DA:1399,5
DA:1401,5
DA:1402,4
DA:1404,1
DA:1406,5
DA:1407,5
DA:1408,1
DA:1409,4
DA:1410,5
DA:1411,1
DA:1412,4
DA:1413,0
DA:1415,5
DA:1416,0
DA:1417,0
DA:1418,5
DA:1420,5
DA:1421,5
DA:1422,5
DA:1423,5
DA:1425,5
DA:1427,5
DA:1428,5
DA:1431,17
DA:1432,17
DA:1433,17
DA:1434,17
DA:1435,17
DA:1438,17
DA:1439,2
DA:1440,2
DA:1441,2
DA:1443,2
DA:1444,15
DA:1446,15
DA:1448,4
DA:1449,3
DA:1450,3
DA:1451,4
DA:1454,6
DA:1455,5
DA:1456,5
DA:1457,6
DA:1460,1
DA:1461,1
DA:1464,1
DA:1465,1
DA:1467,3
DA:1468,0
DA:1470,17
DA:1472,1
DA:1473,1
DA:1474,0
DA:1476,1
DA:1477,1
DA:1478,1
DA:1479,1
DA:1481,0
DA:1482,0
DA:1483,0
DA:1484,0
DA:1485,0
DA:1489,0
DA:1490,1
DA:1493,6
DA:1494,6
DA:1495,6
DA:1498,2
DA:1499,2
DA:1500,2
DA:1509,2
DA:1510,2
DA:1511,2
DA:1512,2
DA:1513,2
DA:1514,16
DA:1515,16
DA:1516,16
DA:1517,16
DA:1518,16
DA:1519,16
DA:1520,2
DA:1521,2
DA:1526,75
DA:1527,75
DA:1528,75
DA:1529,75
DA:1530,75
DA:1531,75
DA:1532,75
DA:1533,75
DA:1534,75
DA:1535,75
DA:1536,75
DA:1537,75
DA:1538,75
DA:1540,576
DA:1541,576
DA:1542,64
DA:1543,64
DA:1544,64
DA:1545,64
DA:1546,64
DA:1547,64
DA:1548,64
DA:1549,64
DA:1550,64
DA:1551,0
DA:1552,0
DA:1553,0
DA:1554,0
DA:1556,576
DA:1570,125
DA:1571,125
DA:1572,89
DA:1573,11
DA:1574,22
DA:1575,2
DA:1576,0
DA:1577,1
DA:1579,125
DA:1656,0
DA:1657,0
DA:1658,0
DA:1663,9
DA:1664,9
DA:1665,9
DA:1666,9
DA:1667,9
DA:1668,9
DA:1669,9
DA:1670,9
DA:1671,9
DA:1672,9
DA:1673,9
DA:1676,11
DA:1677,11
DA:1678,11
DA:1679,11
DA:1680,12
DA:1681,12
DA:1682,12
DA:1683,12
DA:1684,24
DA:1685,12
DA:1687,12
DA:1688,12
DA:1689,12
DA:1690,12
DA:1691,12
DA:1692,12
DA:1693,24
DA:1694,24
DA:1695,24
DA:1696,12
DA:1697,12
DA:1699,12
DA:1700,11
DA:1702,11
DA:1703,11
DA:1704,11
DA:1705,11
DA:1706,10
DA:1707,0
DA:1708,10
DA:1711,10
DA:1712,11
DA:1715,11
DA:1716,1
DA:1717,0
DA:1718,10
DA:1720,11
DA:1721,73
DA:1724,11
DA:1725,0
DA:1727,11
DA:1730,11
DA:1731,11
DA:1732,11
DA:1733,11
DA:1734,11
DA:1735,11
DA:1736,11
DA:1737,11
DA:1738,11
DA:1741,11
DA:1742,9
DA:1743,9
DA:1744,9
DA:1745,55
DA:1746,9
DA:1747,2
DA:1749,11
DA:1750,11
DA:1753,64
DA:1754,64
DA:1755,64
DA:1756,2
DA:1757,0
DA:1758,62
DA:1760,64
DA:1761,64
DA:1764,64
DA:1765,2
DA:1767,194
DA:1770,64
DA:1772,576
DA:1773,576
DA:1774,576
DA:1776,576
DA:1777,132
DA:1778,444
DA:1779,62
DA:1781,382
DA:1784,576
DA:1785,576
DA:1787,576
DA:1788,62
DA:1790,514
DA:1793,576
DA:1794,576
DA:1796,576
DA:1797,576
DA:1798,576
DA:1799,576
DA:1800,576
DA:1801,576
DA:1804,576
DA:1805,25
DA:1806,25
DA:1807,25
DA:1808,25
DA:1809,25
DA:1810,25
DA:1811,25
DA:1812,25
DA:1813,25
DA:1814,25
DA:1815,25
DA:1816,25
DA:1818,25
DA:1819,4
DA:1820,4
DA:1821,4
DA:1822,4
DA:1823,4
DA:1824,4
DA:1825,4
DA:1826,4
DA:1827,4
DA:1828,4
DA:1829,4
DA:1830,4
DA:1831,4
DA:1832,4
DA:1833,4
DA:1834,23
DA:1836,553
DA:1840,64
DA:1841,1
DA:1842,1
DA:1843,1
DA:1844,1
DA:1845,1
DA:1846,1
DA:1847,1
DA:1848,1
DA:1849,1
DA:1850,1
DA:1851,63
DA:1852,64
DA:1853,1
DA:1854,1
DA:1855,1
DA:1856,1
DA:1857,1
DA:1858,1
DA:1859,1
DA:1860,1
DA:1861,1
DA:1862,1
DA:1863,63
DA:1865,64
DA:1866,64
DA:1869,13
DA:1871,13
DA:1872,13
DA:1873,13
DA:1875,13
DA:1876,13
DA:1879,13
DA:1880,13
DA:1881,0
DA:1882,13
DA:1883,13
DA:1884,13
DA:1887,13
DA:1888,13
DA:1889,0
DA:1890,13
DA:1892,13
DA:1893,13
DA:1895,13
DA:1896,125
DA:1897,125
DA:1898,0
DA:1899,125
DA:1900,125
DA:1901,0
DA:1902,125
DA:1903,125
DA:1904,0
DA:1905,125
DA:1907,125
DA:1908,13
DA:1910,112
DA:1912,125
DA:1913,8
DA:1915,117
DA:1917,125
DA:1921,125
DA:1922,3
DA:1923,0
DA:1925,3
DA:1927,122
DA:1928,1
DA:1930,121
DA:1933,125
DA:1934,125
DA:1937,125
DA:1942,125
DA:1943,125
DA:1946,122
DA:1947,109
DA:1948,109
DA:1951,13
DA:1952,13
DA:1955,42
DA:1956,42
DA:1957,42
DA:1959,42
DA:1961,3
DA:1962,2
DA:1963,2
DA:1964,2
DA:1965,3
DA:1968,24
DA:1969,12
DA:1970,12
DA:1971,12
DA:1972,24
DA:1976,4
DA:1977,4
DA:1978,3
DA:1979,3
DA:1980,3
DA:1981,3
DA:1982,4
DA:1986,6
DA:1987,1
DA:1988,1
DA:1989,5
DA:1990,3
DA:1991,3
DA:1993,2
DA:1998,4
DA:1999,4
DA:2000,4
DA:2001,4
DA:2003,1
DA:2004,0
DA:2006,42
DA:2008,3
DA:2009,3
DA:2010,1
DA:2011,1
DA:2012,1
DA:2013,1
DA:2014,1
DA:2015,2
DA:2016,2
DA:2017,2
DA:2018,0
DA:2020,3
DA:2023,14
DA:2026,14
DA:2027,0
DA:2028,14
DA:2029,0
DA:2030,14
DA:2031,14
DA:2032,0
DA:2033,14
DA:2034,14
DA:2037,24
DA:2038,24
DA:2039,11
DA:2040,10
DA:2041,2
DA:2042,1
DA:2044,24
DA:2046,12
DA:2047,12
DA:2048,1
DA:2049,9
DA:2050,0
DA:2051,2
DA:2053,12
DA:2068,36
DA:2069,36
DA:2070,12
DA:2071,12
DA:2072,12
DA:2074,36
DA:2077,12
DA:2078,12
DA:2079,6
DA:2080,5
DA:2081,1
DA:2083,12
DA:2085,1
DA:2086,1
DA:2087,1
DA:2088,0
DA:2089,0
DA:2091,1
DA:2093,2
DA:2094,2
DA:2095,0
DA:2096,1
DA:2097,1
DA:2099,2
DA:2130,4
DA:2131,4
DA:2132,4
DA:2133,4
DA:2134,4
DA:2135,4
DA:2136,4
DA:2137,4
DA:2139,0
DA:2140,0
DA:2141,0
DA:2142,0
DA:2144,3
DA:2145,3
DA:2146,3
DA:2147,3
DA:2149,18
DA:2151,18
DA:2152,2
DA:2153,16
DA:2155,16
DA:2157,2
DA:2158,2
DA:2161,1
DA:2162,1
DA:2164,13
DA:2167,13
DA:2168,5
DA:2169,4
DA:2170,1
DA:2172,5
DA:2173,3
DA:2174,0
DA:2175,2
DA:2176,2
DA:2177,2
DA:2178,1
DA:2179,1
DA:2180,2
DA:2184,3
DA:2185,3
DA:2186,2
DA:2187,0
DA:2188,1
DA:2189,0
DA:2190,0
DA:2192,0
DA:2195,0
DA:2199,18
DA:2202,12
DA:2203,12
DA:2204,6
DA:2205,5
DA:2207,1
DA:2208,0
DA:2210,1
DA:2215,12
DA:2216,12
DA:2217,12
DA:2221,12
DA:2222,12
DA:2223,12
DA:2224,12
DA:2225,12
DA:2226,12
DA:2227,36
DA:2228,36
DA:2229,24
DA:2230,24
DA:2231,36
DA:2232,36
DA:2233,36
DA:2235,12
DA:2236,12
DA:2237,12
DA:2239,12
DA:2240,12
DA:2243,0
DA:2244,0
DA:2245,0
DA:2246,0
DA:2248,0
DA:2251,1
DA:2252,1
DA:2253,1
DA:2254,1
DA:2255,1
DA:2256,1
DA:2257,1
DA:2258,1
DA:2259,1
DA:2262,1
DA:2263,1
DA:2264,0
DA:2265,1
DA:2266,1
DA:2267,1
DA:2270,1
DA:2271,1
DA:2272,0
DA:2273,1
DA:2274,1
DA:2275,17
DA:2276,17
DA:2278,1
DA:2279,1
DA:2281,1
DA:2282,1
DA:2283,1
DA:2284,1
DA:2285,1
DA:2286,1
DA:2288,1
DA:2348,1
DA:2351,1
DA:2352,1
DA:2353,1
DA:2354,1
DA:2356,1
DA:2357,1
DA:2360,1
DA:2361,1
DA:2363,1
DA:2365,1
DA:2366,1
DA:2367,1
DA:2368,1
DA:2369,1
DA:2370,1
DA:2372,1
DA:2373,1
DA:2375,1
DA:2376,1
DA:2377,1
DA:2378,1
DA:2379,1
DA:2380,1
DA:2381,1
DA:2382,1
DA:2383,1
DA:2386,13
DA:2387,13
DA:2388,12
DA:2390,1
DA:2391,1
DA:2394,13
DA:2396,13
DA:2397,1
DA:2398,1
DA:2399,1
DA:2400,12
DA:2401,12
DA:2402,1
DA:2403,11
DA:2405,0
DA:2410,1
DA:2411,1
DA:2413,1
DA:2414,1
DA:2416,1
DA:2417,1
BRF:0
BRH:0
LF:1443
LH:1297
end_of_record
SF:/home/lucas/calypso/.claude/worktrees/agent-a62ed768/cli/src/workflows.rs
FN:314,_RNvNtCsadPz79N6wDl_11calypso_cli9workflows11content_for
FN:314,_RNvNtCsk43tzqYvrEx_11calypso_cli9workflows11content_for
FNDA:41,_RNvNtCsadPz79N6wDl_11calypso_cli9workflows11content_for
FNDA:0,_RNvNtCsk43tzqYvrEx_11calypso_cli9workflows11content_for
FNF:1
FNH:1
DA:314,41
DA:315,41
DA:316,41
DA:317,33
DA:318,25
DA:319,19
DA:320,13
DA:321,7
DA:322,0
DA:324,41
BRF:0
BRH:0
LF:10
LH:9
end_of_record